2025/07/08 14:10:22 [1]	System Version is 1.1.8.64.
2025/07/08 14:10:22 [1]	Script File is VALO360_TestFlow_20250423_after_Function.xlsx.
2025/07/08 14:10:22 [1]	Script Version is 2504231457534.
2025/07/08 14:10:22 [1]	Script Creator is jovian_li.
2025/07/08 14:10:22 [1]	Utility Version is 1.0.9.21.
2025/07/08 14:10:22 [1]	DeviceID is 125313.
2025/07/08 14:10:22 [1]	SFIS is off.
2025/07/08 14:10:22 [1]	MiniCloud2 is off.
2025/07/08 14:10:22 [1]	FTP is off.
2025/07/08 14:10:23 [1]	Active IPs:
倍聲ETH:[98FC84E7A8C5]#192.168.11.3#
藍牙網路連線:[803253CA2997]#169.254.186.13#
2025/07/08 14:10:23 [1]	Script has 1 phase cases
2025/07/08 14:10:23 [1]	Script has 97 phase cases
2025/07/08 14:10:23 [1]	QCODE: WE33
****************************************************************************************************
2025/07/08 14:10:23 [1]	Execute Phase 0 Test.
2025/07/08 14:10:23 [1]	Do @STEP002@Get Qcode info FOR PEGA
2025/07/08 14:10:23 [1]	Run ITIF013-000:Compare Qrcode USER	Mode: 1, Retry: 3
2025/07/08 14:10:23 [1]	> :GetVal,"$QCODE"
2025/07/08 14:10:23 [1]	< WE33
2025/07/08 14:10:23 [1]	Compare Qrcode USER Result: SSN=WE33
2025/07/08 14:10:23 [1]	CurrentTestID:ITIF013-0000 - The validation: SSN = WE33 (@WE,)
2025/07/08 14:10:23 [1]	ITIF013-000:@STEP002@Get Qcode info FOR PEGA Test is Pass ! 		----- 0.0301603 Sec.
2025/07/08 14:10:23 [1]	Do @STEP003@READ ME
2025/07/08 14:10:23 [1]	Run B7PL025-002:SET DEFAULT N3C2401C	Mode: 1, Retry: 3
2025/07/08 14:10:23 [1]	> :SetVal,"$G_VALO360_MODEL","N3C2401C"
2025/07/08 14:10:23 [1]	< 0
2025/07/08 14:10:23 [1]	Run B7PL025-003:GET DEFAULT VALUE	Mode: 1, Retry: 3
2025/07/08 14:10:23 [1]	> :GetVal,"$G_VALO360_MODEL"
2025/07/08 14:10:23 [1]	< N3C2401C
2025/07/08 14:10:23 [1]	Run B7PL025-004:Disconnect UART	Mode: 3, Retry: 3
[14:10:23.241][PC] [Disconnect UART]++
2025/07/08 14:10:23 [1]	> :Disconnect,"UART"
2025/07/08 14:10:23 [1]	< 0
[14:10:23.252][PC] [Disconnect UART]--
2025/07/08 14:10:23 [1]	[PC] [Disconnect UART] ~~ TestTime:0.0105336 sec
2025/07/08 14:10:23 [1]	B7PL025-004:@STEP003@READ ME Test is Pass ! 		----- 0.0213969 Sec.
2025/07/08 14:10:23 [1]	DUT Test Completed !        ----- 0.1256884 Sec.
2025/07/08 14:10:23 [1]	Execute Phase 1 Test.
2025/07/08 14:10:23 [1]	Do @STEP005@CheckRoute
2025/07/08 14:10:23 [1]	Run B7PL025-005:Show SSN  to UI	Mode: 0, Retry: 3
[14:10:23.415][PC] [Show SSN  to UI]++
2025/07/08 14:10:23 [1]	> :ShowISN,"WE33"
2025/07/08 14:10:23 [1]	< 0
[14:10:23.422][PC] [Show SSN  to UI]--
2025/07/08 14:10:23 [1]	[PC] [Show SSN  to UI] ~~ TestTime:0.0082834 sec
2025/07/08 14:10:23 [1]	B7PL025-005:@STEP005@CheckRoute Test is Pass ! 		----- 0.0082834 Sec.
2025/07/08 14:10:23 [1]	Do @STEP006@GETSSN
2025/07/08 14:10:23 [1]	:@STEP006@GETSSN Test is Pass ! 		----- 0.0020762 Sec.
2025/07/08 14:10:23 [1]	Do @STEP007@GET sfisHW
2025/07/08 14:10:23 [1]	:@STEP007@GET sfisHW Test is Pass ! 		----- 0 Sec.
2025/07/08 14:10:23 [1]	Do @STEP008@GET sfisSKU
2025/07/08 14:10:23 [1]	:@STEP008@GET sfisSKU Test is Pass ! 		----- 0 Sec.
2025/07/08 14:10:23 [1]	Do @STEP009@GET sfisETH MAC
2025/07/08 14:10:23 [1]	:@STEP009@GET sfisETH MAC Test is Pass ! 		----- 0 Sec.
2025/07/08 14:10:23 [1]	Do @STEP010@GET sfisIVKEY
2025/07/08 14:10:23 [1]	Pop window skips by ExecMode = 6.
2025/07/08 14:10:23 [1]	:@STEP010@GET sfisIVKEY Test is Pass ! 		----- 0.0010091 Sec.
2025/07/08 14:10:23 [1]	Do @STEP011@GET sfisMOKP_SN
2025/07/08 14:10:23 [1]	:@STEP011@GET sfisMOKP_SN Test is Pass ! 		----- 0 Sec.
2025/07/08 14:10:23 [1]	DUT Test Completed !        ----- 0.2137129 Sec.
2025/07/08 14:10:23 [1]	Execute Phase 2 Test.
2025/07/08 14:10:23 [1]	Do @STEP013@Check Valo360 model
2025/07/08 14:10:23 [1]	Run B7PL025-015:SET DEFAULT VALUE	Mode: 0, Retry: 3
2025/07/08 14:10:23 [1]	> :SetVal,"$G_VALO360_MODEL","N3C2401C"
2025/07/08 14:10:23 [1]	< 0
2025/07/08 14:10:23 [1]	Run B7PL025-016:Chack Custom data	Mode: 1, Retry: 3
2025/07/08 14:10:23 [1]	> :GetVal,"$G_VALO360_MODEL"
2025/07/08 14:10:23 [1]	< N3C2401C
2025/07/08 14:10:23 [1]	B7PL025-016:@STEP013@Check Valo360 model Test is Pass ! 		----- 0.0101458 Sec.
2025/07/08 14:10:23 [1]	Do @STEP014@SET iplus Modelname_Valo360_5G
2025/07/08 14:10:23 [1]	Run B7PL025-017:Chack Custom data	Mode: 4, Retry: 3
2025/07/08 14:10:23 [1]	> :GetVal,"$G_VALO360_MODEL"
2025/07/08 14:10:23 [1]	< N3C2401C
2025/07/08 14:10:23 [1]	Run B7PL025-018:Set Iplus modename	Mode: 1, Retry: 3
2025/07/08 14:10:23 [1]	> :SetModelName,"N3C2401C"
2025/07/08 14:10:23 [1]	< N3C2401C
2025/07/08 14:10:23 [1]	Run B7PL025-019:Get Iplus modename	Mode: 1, Retry: 3
2025/07/08 14:10:23 [1]	> :GetModelName
2025/07/08 14:10:23 [1]	< N3C2401C
2025/07/08 14:10:23 [1]	Run B7PL025-020:WaitBoot	Mode: 1, Retry: 3
2025/07/08 14:10:23 [1]	> :Delay,"0"
2025/07/08 14:10:23 [1]	< 0
2025/07/08 14:10:23 [1]	B7PL025-020:@STEP014@SET iplus Modelname_Valo360_5G Test is Pass ! 		----- 0.0209147 Sec.
2025/07/08 14:10:23 [1]	Do @STEP015@SET iplus Modelname_Valo360_WIFI
2025/07/08 14:10:23 [1]	Run B7PL025-021:Chack Custom data	Mode: 4, Retry: 3
2025/07/08 14:10:23 [1]	> :GetVal,"$G_VALO360_MODEL"
2025/07/08 14:10:23 [1]	< N3C2401C
2025/07/08 14:10:23 [1]	Run B7PL025-024:WaitBoot	Mode: 1, Retry: 3
2025/07/08 14:10:23 [1]	> :Delay,"0"
2025/07/08 14:10:23 [1]	< 0
2025/07/08 14:10:23 [1]	B7PL025-024:@STEP015@SET iplus Modelname_Valo360_WIFI Test is Pass ! 		----- 0.0120419 Sec.
2025/07/08 14:10:23 [1]	Do @STEP016@SET iplus Modelname_Valo360_noBattery
2025/07/08 14:10:23 [1]	Run B7PL025-025:Chack Custom data	Mode: 4, Retry: 3
2025/07/08 14:10:23 [1]	> :GetVal,"$N3C2401NB"
2025/07/08 14:10:23 [1]	< Not Found
2025/07/08 14:10:23 [1]	Run B7PL025-028:WaitBoot	Mode: 1, Retry: 3
2025/07/08 14:10:23 [1]	> :Delay,"0"
2025/07/08 14:10:23 [1]	< 0
2025/07/08 14:10:23 [1]	Pop window skips by ExecMode = 6.
2025/07/08 14:10:23 [1]	B7PL025-028:@STEP016@SET iplus Modelname_Valo360_noBattery Test is Pass ! 		----- 0.0110955 Sec.
2025/07/08 14:10:23 [1]	DUT Test Completed !        ----- 0.2215413 Sec.
2025/07/08 14:10:24 [1]	Execute Phase 3 Test.
2025/07/08 14:10:24 [1]	Do @STEP018@Login
2025/07/08 14:10:24 [1]	Run B7PL025-030:Wait Boot	Mode: 1, Retry: 3
2025/07/08 14:10:24 [1]	> :Delay,"1000"
2025/07/08 14:10:25 [1]	< 0
2025/07/08 14:10:25 [1]	Run OTFX079-031:PC##Ping Ethernet Test	Mode: 2, Retry: 3
2025/07/08 14:10:25 [1]	> :Utility.PING,"192.168.11.143","70000","192.168.11.3"
2025/07/08 14:10:26 [1]	< 
2025/07/08 14:10:26 [1]	< 0
2025/07/08 14:10:26 [1]	Run OTFX079-032:Wait	Mode: 1, Retry: 3
[14:10:26.156][PC] [Wait]++
2025/07/08 14:10:26 [1]	> :Delay,"2000"
2025/07/08 14:10:28 [1]	< 0
[14:10:28.174][PC] [Wait]--
2025/07/08 14:10:28 [1]	[PC] [Wait] ~~ TestTime:2.0195461 sec
2025/07/08 14:10:28 [1]	OTFX079-032:@STEP018@Login Test is Pass ! 			----- 4.0770998 Sec.
2025/07/08 14:10:28 [1]	Do @STEP019@check bootup
2025/07/08 14:10:28 [1]	Run OTFX079-033:Open UART	Mode: 0, Retry: 3
2025/07/08 14:10:28 [1]	> :Connect,"UART"
2025/07/08 14:10:28 [1]	< 0
2025/07/08 14:10:28 [1]	Run OTFX079-034:Wait	Mode: 1, Retry: 3
[14:10:28.429][PC] [Wait]++
2025/07/08 14:10:28 [1]	> :Delay,"10000"
2025/07/08 14:10:38 [1]	< 0
[14:10:38.446][PC] [Wait]--
2025/07/08 14:10:38 [1]	[PC] [Wait] ~~ TestTime:10.0170187 sec
2025/07/08 14:10:38 [1]	Run OTFX079-035:Check Boot	Mode: 2, Retry: 3
[14:10:38.448][DUT] [Check Boot]++
2025/07/08 14:10:38 [1]	(UART) > 

2025/07/08 14:10:38 [1]	(UART) < 
root@NOKIA360Camera-WE251300012:/root$ 
root@NOKIA360Camera-WE251300012:/root$ 
[14:10:38.486][DUT] [Check Boot]--
2025/07/08 14:10:38 [1]	[DUT] [Check Boot] ~~ TestTime:0.0380238 sec
2025/07/08 14:10:38 [1]	OTFX079-035:@STEP019@check bootup Test is Pass ! 		----- 10.2546521 Sec.
2025/07/08 14:10:38 [1]	DUT Test Completed !        ----- 14.4295308 Sec.
2025/07/08 14:10:38 [1]	Execute Phase 4 Test.
2025/07/08 14:10:38 [1]	Do @STEP021@Check FW version
2025/07/08 14:10:38 [1]	Run B7PL025-036:Open UART	Mode: 1, Retry: 3
[14:10:38.643][PC] [Open UART]++
2025/07/08 14:10:38 [1]	> :Connect,"UART"
2025/07/08 14:10:38 [1]	< 0
[14:10:38.647][PC] [Open UART]--
2025/07/08 14:10:38 [1]	[PC] [Open UART] ~~ TestTime:0.007083 sec
2025/07/08 14:10:38 [1]	Run B7PL025-037:BOOT UP OK	Mode: 2, Retry: 3
[14:10:38.650][PC] [BOOT UP OK]++
2025/07/08 14:10:38 [1]	(UART) > 

2025/07/08 14:10:38 [1]	(UART) < 
root@NOKIA360Camera-WE251300012:/root$ 
root@NOKIA360Camera-WE251300012:/root$ 
[14:10:38.683][PC] [BOOT UP OK]--
2025/07/08 14:10:38 [1]	[PC] [BOOT UP OK] ~~ TestTime:0.0354503 sec
2025/07/08 14:10:38 [1]	Run B7PL025-038:Wait	Mode: 0, Retry: 3
2025/07/08 14:10:38 [1]	> :Delay,"5000"
2025/07/08 14:10:43 [1]	< 0
2025/07/08 14:10:43 [1]	Run VSCH026-039:Chec Frimware version	Mode: 0, Retry: 3
[14:10:43.697][DUT] [Chec Frimware version]++
2025/07/08 14:10:43 [1]	(UART) > pegacmd version

2025/07/08 14:10:43 [1]	(UART) < pegacmd version
0.5.16.52.0_9cb5411
root@NOKIA360Camera-WE251300012:/root$ 
root@NOKIA360Camera-WE251300012:/root$ 
[14:10:43.728][DUT] [Chec Frimware version]--
2025/07/08 14:10:43 [1]	[DUT] [Chec Frimware version] ~~ TestTime:0.0331068 sec
2025/07/08 14:10:43 [1]	Run IOET151-040:Check ETH LINK status	Mode: 1, Retry: 3
[14:10:43.730][PC] [Check ETH LINK status]++
2025/07/08 14:10:43 [1]	(UART) > diag -g status eth0

2025/07/08 14:10:44 [1]	(UART) < diag -g status eth0
link: up
duplex: full
speed: 1000
root@NOKIA360Camera-WE251300012:/root$ 
root@NOKIA360Camera-WE251300012:/root$ [06-27_12:22:51:770] requestRegistrationState2 MCC: 466, MNC: 92, PS: Detached, DataCap: UNKNOW

[14:10:44.760][PC] [Check ETH LINK status]--
2025/07/08 14:10:44 [1]	[PC] [Check ETH LINK status] ~~ TestTime:1.030116 sec
2025/07/08 14:10:44 [1]	Run B7PL025-041:Wait	Mode: 0, Retry: 3
[14:10:44.763][PC] [Wait]++
2025/07/08 14:10:44 [1]	> :Delay,"0"
2025/07/08 14:10:44 [1]	< 0
[14:10:44.763][PC] [Wait]--
2025/07/08 14:10:44 [1]	[PC] [Wait] ~~ TestTime:0.007673 sec
2025/07/08 14:10:44 [1]	B7PL025-041:@STEP021@Check FW version Test is Pass ! 		----- 6.12773 Sec.
2025/07/08 14:10:44 [1]	DUT Test Completed !        ----- 6.176987 Sec.
2025/07/08 14:10:44 [1]	Execute Phase 5 Test.
2025/07/08 14:10:44 [1]	Do @STEP023@SET Product_SKU
2025/07/08 14:10:44 [1]	Run B7PL025-045:Wait	Mode: 0, Retry: 3
[14:10:44.896][PC] [Wait]++
2025/07/08 14:10:44 [1]	> :Delay,"0"
2025/07/08 14:10:44 [1]	< 0
[14:10:44.901][PC] [Wait]--
2025/07/08 14:10:44 [1]	[PC] [Wait] ~~ TestTime:0.0081346 sec
2025/07/08 14:10:44 [1]	B7PL025-045:@STEP023@SET Product_SKU Test is Pass ! 		----- 0.0081346 Sec.
2025/07/08 14:10:44 [1]	DUT Test Completed !        ----- 0.0604392 Sec.
2025/07/08 14:10:45 [1]	Execute Phase 6 Test.
2025/07/08 14:10:45 [1]	Do @STEP025@CHECK  BATTERY
2025/07/08 14:10:45 [1]	Run OTFX076-046:Check SKU	Mode: 4, Retry: 3
[14:10:45.072][DUT] [Check SKU]++
2025/07/08 14:10:45 [1]	(UART) > diag -g sku

2025/07/08 14:10:47 [1]	(UART) < diag -g sku
diag: sku N3C2401C
root@NOKIA360Camera-WE251300012:/root$ 
root@NOKIA360Camera-WE251300012:/root$ 
[14:10:47.093][DUT] [Check SKU]--
2025/07/08 14:10:47 [1]	[DUT] [Check SKU] ~~ TestTime:2.0252072 sec
2025/07/08 14:10:47 [1]	Disable Battery shiping mode skips by ExecMode = 6.
2025/07/08 14:10:47 [1]	Run B7PL025-048:Disable Battery limit on 55%	Mode: 1, Retry: 3
[14:10:47.096][PC] [Disable Battery limit on 55%]++
2025/07/08 14:10:47 [1]	(UART) > echo 0 > /sys/bus/i2c/devices/14-0055/charger_monitor_perc

2025/07/08 14:10:47 [1]	(UART) < echo 0 > /sys/bus/i2c/devices/14-0055/cha
rger_monitor_perc
root@NOKIA360Camera-WE251300012:/root$ 
root@NOKIA360Camera-WE251300012:/root$ 
[14:10:47.124][PC] [Disable Battery limit on 55%]--
2025/07/08 14:10:47 [1]	[PC] [Disable Battery limit on 55%] ~~ TestTime:0.0294216 sec
2025/07/08 14:10:47 [1]	Run B7PL025-049:HW ASK Wait battery stable	Mode: 0, Retry: 3
[14:10:47.126][PC] [HW ASK Wait battery stable]++
2025/07/08 14:10:47 [1]	> :Delay,"5000"
2025/07/08 14:10:52 [1]	< 0
[14:10:52.135][PC] [HW ASK Wait battery stable]--
2025/07/08 14:10:52 [1]	[PC] [HW ASK Wait battery stable] ~~ TestTime:5.0116517 sec
2025/07/08 14:10:52 [1]	Run IPIO006-050:read Battery info	Mode: 1, Retry: 3
[14:10:52.139][DUT] [read Battery info]++
2025/07/08 14:10:52 [1]	(UART) > cat /sys/bus/i2c/devices/2-0009/cmpout_gpio

2025/07/08 14:10:57 [1]	(UART) < cat /sys/bus/i2c/devices/2-0009/cmpout_gp
io
0
root@NOKIA360Camera-WE251300012:/root$ 
root@NOKIA360Camera-WE251300012:/root$ [06-27_12:23:01:790] requestRegistrationState2 MCC: 466, MNC: 92, PS: Detached, DataCap: UNKNOW

[14:10:57.165][DUT] [read Battery info]--
2025/07/08 14:10:57 [1]	[DUT] [read Battery info] ~~ TestTime:5.027867 sec
2025/07/08 14:10:57 [1]	Run IPIO006-051:read Battery info	Mode: 1, Retry: 3
[14:10:57.165][DUT] [read Battery info]++
2025/07/08 14:10:57 [1]	(UART) > cat /sys/bus/i2c/devices/14-0055/registers


2025/07/08 14:11:02 [1]	(UART) < cat /sys/bus/i2c/devices/14-0055/register
s

============ showing gauge bq28z610-0 registers ============
[0x06][ R ]Temperature          = 0x0023(   35)??C
[0x08][ R ]Voltage              = 0x1D59( 7513)mV
[0x0A][ R ]Battery Status       = 0x00C0(  192)Chk Spec.
[0x0C][ R ]Current              = 0x0279(  633)mA
[0x10][ R ]Remaining Capacity   = 0x0628( 1576)mA
[0x12][ R ]Full Charge Capacity = 0x0B54( 2900)mA
[0x14][ R ]Average Current      = 0x00F1(  241)mA
[0x16][ R ]Time To Empty        = 0xFFFF(65535)min
[0x18][ R ]Time To Full         = 0xFFFF(65535)min
[0x28][ R ]Internal Temperature = 0x0021(   33)??C
[0x2A][ R ]Cycle Count          = 0x000C(   12)times
[0x2C][ R ]State Of Charge      = 0x0037(   55)%
[0x2E][ R ]State Of Health      = 0x0064(  100)%
[0x30][ R ]Charging Voltage     = 0x203A( 8250)mV
[0x32][ R ]Charging Current     = 0x06A4( 1700)mA
[0x3C][ R ]Design Capacity      = 0x0B54( 2900)mA
root@NOKIA360Camera-WE251300012:/root$ 
root@NOKIA360Camera-WE251300012:/root$ 
root@NOKIA360Camera-WE251300012:/root$ [06-27_12:23:06:800] requestRegistrationState2 MCC: 466, MNC: 92, PS: Detached, DataCap: UNKNOW
[06-27_12:23:06:800] requestSetOperatingMode(1)
[06-27_12:23:06:803] requestSetOperatingMode(0)
[06-27_12:23:07:343] requestRegistrationState2 MCC: 0, MNC: 0, PS: Detached, DataCap: UNKNOW
[06-27_12:23:07:347] requestRegistrationState2 MCC: 0, MNC: 0, PS: Detached, DataCap: UNKNOW
[06-27_12:23:08:002] requestRegistrationState2 MCC: 466, MNC: 92, PS: Detached, DataCap: UNKNOW
[06-27_12:23:08:005] requestRegistrationState2 MCC: 466, MNC: 92, PS: Detached, DataCap: UNKNOW
[06-27_12:23:08:010] requestRegistrationState2 MCC: 466, MNC: 92, PS: Detached, DataCap: UNKNOW

[14:11:02.172][DUT] [read Battery info]--
2025/07/08 14:11:02 [1]	[DUT] [read Battery info] ~~ TestTime:5.0069628 sec
2025/07/08 14:11:02 [1]	Run B7PL025-052:Wait	Mode: 0, Retry: 3
[14:11:02.173][PC] [Wait]++
2025/07/08 14:11:02 [1]	> :Delay,"1000"
2025/07/08 14:11:03 [1]	< 0
[14:11:03.187][PC] [Wait]--
2025/07/08 14:11:03 [1]	[PC] [Wait] ~~ TestTime:1.0137814 sec
2025/07/08 14:11:03 [1]	Run IPIO009-053:Check Battery_tempture	Mode: 1, Retry: 3
[14:11:03.190][PC] [Check Battery_tempture]++
2025/07/08 14:11:03 [1]	(UART) > diag -g temp bat

2025/07/08 14:11:08 [1]	(UART) < diag -g temp bat
35
root@NOKIA360Camera-WE251300012:/root$ 
root@NOKIA360Camera-WE251300012:/root$ [06-27_12:23:12:349] requestRegistrationState2 MCC: 466, MNC: 92, PS: Detached, DataCap: UNKNOW

2025/07/08 14:11:08 [1]	Check Battery_tempture Result: gBattery_tempture=35
2025/07/08 14:11:08 [1]	CurrentTestID:IPIO009-0530 - The validation: gBattery_tempture = 35 (10,50)
[14:11:08.210][PC] [Check Battery_tempture]--
2025/07/08 14:11:08 [1]	[PC] [Check Battery_tempture] ~~ TestTime:5.0202539 sec
2025/07/08 14:11:08 [1]	Run IPIO008-054:Check Battery_voltage	Mode: 1, Retry: 3
[14:11:08.213][PC] [Check Battery_voltage]++
2025/07/08 14:11:08 [1]	(UART) > diag -g voltage bat

2025/07/08 14:11:13 [1]	(UART) < diag -g voltage bat
7575
root@NOKIA360Camera-WE251300012:/root$ 
root@NOKIA360Camera-WE251300012:/root$ [06-27_12:23:17:359] requestRegistrationState2 MCC: 466, MNC: 92, PS: Detached, DataCap: UNKNOW

2025/07/08 14:11:13 [1]	Check Battery_voltage Result: gBattery_voltage=7575
2025/07/08 14:11:13 [1]	CurrentTestID:IPIO008-0540 - The validation: gBattery_voltage = 7575 (6000,8500)
[14:11:13.244][PC] [Check Battery_voltage]--
2025/07/08 14:11:13 [1]	[PC] [Check Battery_voltage] ~~ TestTime:5.030466 sec
2025/07/08 14:11:13 [1]	Run IPIO006-055:Check Battery_percent	Mode: 1, Retry: 3
[14:11:13.246][PC] [Check Battery_percent]++
2025/07/08 14:11:13 [1]	(UART) > diag -g bat percent

2025/07/08 14:11:18 [1]	(UART) < diag -g bat percent
55
root@NOKIA360Camera-WE251300012:/root$ 
root@NOKIA360Camera-WE251300012:/root$ [06-27_12:23:22:370] requestRegistrationState2 MCC: 466, MNC: 92, PS: Detached, DataCap: UNKNOW

2025/07/08 14:11:18 [1]	Check Battery_percent Result: gBattery_percent=55
2025/07/08 14:11:18 [1]	CurrentTestID:IPIO006-0550 - The validation: gBattery_percent = 55 (1,100)
[14:11:18.278][PC] [Check Battery_percent]--
2025/07/08 14:11:18 [1]	[PC] [Check Battery_percent] ~~ TestTime:5.0345914 sec
2025/07/08 14:11:18 [1]	Run B7PL025-056:Wait	Mode: 0, Retry: 3
[14:11:18.280][PC] [Wait]++
2025/07/08 14:11:18 [1]	> :Delay,"1000"
2025/07/08 14:11:19 [1]	< 0
[14:11:19.293][PC] [Wait]--
2025/07/08 14:11:19 [1]	[PC] [Wait] ~~ TestTime:1.0131508 sec
2025/07/08 14:11:19 [1]	B7PL025-056:@STEP025@CHECK  BATTERY Test is Pass ! 		----- 34.2226436 Sec.
2025/07/08 14:11:19 [1]	DUT Test Completed !        ----- 34.2710873 Sec.
2025/07/08 14:11:19 [1]	Execute Phase 7 Test.
2025/07/08 14:11:19 [1]	Do @STEP027@GET BT MAC
2025/07/08 14:11:19 [1]	Run BTBT018-057:BT init	Mode: 1, Retry: 3
[14:11:19.463][DUT] [BT init]++
2025/07/08 14:11:19 [1]	(UART) > bt_init

2025/07/08 14:11:26 [1]	(UART) < bt_init
[06-27_12:23:27:381] requestRegistrationState2 MCC: 466, MNC: 92, PS: Detached, DataCap: UNKNOW
{[9][]}
killall: brcm_patchram_plus: no process killed
gpio 201 = 0
gpio 201 = 1
BT reinit
{[1][]}
{[2][]}
{[3][]}
[06-27_12:23:32:391] requestRegistrationState2 MCC: 466, MNC: 92, PS: Detached, DataCap: UNKNOW
{[4][]}
{[5][]}
Done setting line discpline
{[6][Done setting line discpline]}
BT init succeeds
root@NOKIA360Camera-WE251300012:/root$ 
root@NOKIA360Camera-WE251300012:/root$ 
[14:11:26.391][DUT] [BT init]--
2025/07/08 14:11:26 [1]	[DUT] [BT init] ~~ TestTime:6.9312761 sec
2025/07/08 14:11:26 [1]	BTBT018-057:@STEP027@GET BT MAC Test is Pass ! 		----- 6.9347145 Sec.
2025/07/08 14:11:26 [1]	Do @STEP028@GET CHIP SN
2025/07/08 14:11:26 [1]	Run IPIO024-058:get MicroChip SN	Mode: 1, Retry: 3
[14:11:26.451][DUT] [get MicroChip SN]++
2025/07/08 14:11:26 [1]	(UART) > cryptoauth_test sernum

2025/07/08 14:11:27 [1]	(UART) < cryptoauth_test sernum

[ 8287.485548] nvt_i2c 2f014f000.i2c: i2c_nvtim_xfer_msg(773) NACK!
[ 8287.491593] nvt_i2c 2f014f000.i2c: i2c_nvtim_rst_module: staus 0x10000000
[ 8287.515547] nvt_i2c 2f014f000.i2c: i2c_nvtim_xfer_msg(773) NACK!
[ 8287.521597] nvt_i2c 2f014f000.i2c: i2c_nvtim_rst_module: staus 0x10000000
serial number:
01 23 B7 F6 5E BF EE 6E 01

root@NOKIA360Camera-WE251300012:/root$ 
root@NOKIA360Camera-WE251300012:/root$ 
2025/07/08 14:11:27 [1]	WithinString: 0123B7F65EBFEE6E01
2025/07/08 14:11:27 [1]	get MicroChip SN Result: MicroChip_SN=0123B7F65EBFEE6E01
[14:11:27.470][DUT] [get MicroChip SN]--
2025/07/08 14:11:27 [1]	[DUT] [get MicroChip SN] ~~ TestTime:1.0230767 sec
2025/07/08 14:11:27 [1]	IPIO024-058:@STEP028@GET CHIP SN Test is Pass ! 		----- 1.0230767 Sec.
2025/07/08 14:11:27 [1]	DUT Test Completed !        ----- 8.0670143 Sec.
2025/07/08 14:11:27 [1]	Execute Phase 8 Test.
2025/07/08 14:11:27 [1]	Do @STEP030@CHECK Temptrue sensor
2025/07/08 14:11:27 [1]	Run WUIF006-059:Get CAM temp s0	Mode: 1, Retry: 3
[14:11:27.645][PC] [Get CAM temp s0]++
2025/07/08 14:11:27 [1]	(UART) > diag -g temp s0

2025/07/08 14:11:28 [1]	(UART) < diag -g temp s0
33
root@NOKIA360Camera-WE251300012:/root$ 
root@NOKIA360Camera-WE251300012:/root$ 
2025/07/08 14:11:28 [1]	Get CAM temp s0 Result: gCAM_temp0=33
2025/07/08 14:11:28 [1]	CurrentTestID:WUIF006-0590 - The validation: gCAM_temp0 = 33 (10,50)
[14:11:28.654][PC] [Get CAM temp s0]--
2025/07/08 14:11:28 [1]	[PC] [Get CAM temp s0] ~~ TestTime:1.0109887 sec
2025/07/08 14:11:28 [1]	Run WUIF007-060:Get CAM temp s1	Mode: 1, Retry: 3
[14:11:28.654][PC] [Get CAM temp s1]++
2025/07/08 14:11:28 [1]	(UART) > diag -g temp s1

2025/07/08 14:11:29 [1]	(UART) < diag -g temp s1
33
root@NOKIA360Camera-WE251300012:/root$ 
root@NOKIA360Camera-WE251300012:/root$ [06-27_12:23:37:401] requestRegistrationState2 MCC: 466, MNC: 92, PS: Detached, DataCap: UNKNOW

2025/07/08 14:11:29 [1]	Get CAM temp s1 Result: gCAM_temp1=33
2025/07/08 14:11:29 [1]	CurrentTestID:WUIF007-0600 - The validation: gCAM_temp1 = 33 (10,50)
[14:11:29.673][PC] [Get CAM temp s1]--
2025/07/08 14:11:29 [1]	[PC] [Get CAM temp s1] ~~ TestTime:1.018739 sec
2025/07/08 14:11:29 [1]	Run WUIF008-061:Get CAM temp s2	Mode: 1, Retry: 3
[14:11:29.673][PC] [Get CAM temp s2]++
2025/07/08 14:11:29 [1]	(UART) > diag -g temp s2

2025/07/08 14:11:30 [1]	(UART) < diag -g temp s2
33
root@NOKIA360Camera-WE251300012:/root$ 
root@NOKIA360Camera-WE251300012:/root$ 
2025/07/08 14:11:30 [1]	Get CAM temp s2 Result: gCAM_temp2=33
2025/07/08 14:11:30 [1]	CurrentTestID:WUIF008-0610 - The validation: gCAM_temp2 = 33 (10,50)
[14:11:30.690][PC] [Get CAM temp s2]--
2025/07/08 14:11:30 [1]	[PC] [Get CAM temp s2] ~~ TestTime:1.0168408 sec
2025/07/08 14:11:30 [1]	Run WUIF009-062:Get CAM temp s3	Mode: 1, Retry: 3
[14:11:30.694][PC] [Get CAM temp s3]++
2025/07/08 14:11:30 [1]	(UART) > diag -g temp s3

2025/07/08 14:11:31 [1]	(UART) < diag -g temp s3
33
root@NOKIA360Camera-WE251300012:/root$ 
root@NOKIA360Camera-WE251300012:/root$ 
2025/07/08 14:11:31 [1]	Get CAM temp s3 Result: gCAM_temp3=33
2025/07/08 14:11:31 [1]	CurrentTestID:WUIF009-0620 - The validation: gCAM_temp3 = 33 (10,50)
[14:11:31.712][PC] [Get CAM temp s3]--
2025/07/08 14:11:31 [1]	[PC] [Get CAM temp s3] ~~ TestTime:1.0186489 sec
2025/07/08 14:11:31 [1]	WUIF009-062:@STEP030@CHECK Temptrue sensor Test is Pass ! 		----- 4.0711864 Sec.
2025/07/08 14:11:31 [1]	DUT Test Completed !        ----- 4.1192458 Sec.
2025/07/08 14:11:31 [1]	Execute Phase 9 Test.
2025/07/08 14:11:31 [1]	Do @STEP032@only dealy
2025/07/08 14:11:31 [1]	Run OTFX157-063:Wait	Mode: 1, Retry: 3
[14:11:31.892][PC] [Wait]++
2025/07/08 14:11:31 [1]	> :Delay,"1000"
2025/07/08 14:11:32 [1]	< 0
[14:11:32.900][PC] [Wait]--
2025/07/08 14:11:32 [1]	[PC] [Wait] ~~ TestTime:1.0132617 sec
2025/07/08 14:11:32 [1]	OTFX157-063:@STEP032@only dealy Test is Pass ! 		----- 1.0148788 Sec.
2025/07/08 14:11:32 [1]	DUT Test Completed !        ----- 1.0704789 Sec.
2025/07/08 14:11:33 [1]	Execute Phase 10 Test.
2025/07/08 14:11:33 [1]	Do @STEP034@CHECK  wifi status
2025/07/08 14:11:33 [1]	Run NUVO008-072:Get wifi status UUID	Mode: 1, Retry: 3
[14:11:33.076][DUT] [Get wifi status UUID]++
2025/07/08 14:11:33 [1]	(UART) > wpa_cli status

2025/07/08 14:11:38 [1]	(UART) < wpa_cli status
Selected interface 'wlan0'
wpa_state=INTERFACE_DISABLED
p2p_device_address=c2:f5:35:9d:b5:4a
address=c0:f5:35:9d:b5:4a
uuid=41c62006-2035-53f4-935f-0f5844b39fff
root@NOKIA360Camera-WE251300012:/root$ 
root@NOKIA360Camera-WE251300012:/root$ [06-27_12:23:42:411] requestRegistrationState2 MCC: 466, MNC: 92, PS: Detached, DataCap: UNKNOW

2025/07/08 14:11:38 [1]	WithinString: 41c62006-2035-53f4-935f-0f5844b39fff
2025/07/08 14:11:38 [1]	Get wifi status UUID Result: gWIFI_status=41c62006-2035-53f4-935f-0f5844b39fff
[14:11:38.100][DUT] [Get wifi status UUID]--
2025/07/08 14:11:38 [1]	[DUT] [Get wifi status UUID] ~~ TestTime:5.0261956 sec
2025/07/08 14:11:38 [1]	Run VSCH024-073:set WIFI UP	Mode: 1, Retry: 3
[14:11:38.107][DUT] [set WIFI UP]++
2025/07/08 14:11:38 [1]	(UART) > ifconfig wlan0 up

2025/07/08 14:11:38 [1]	(UART) < ifconfig wlan0 up

[14:11:38.142][DUT] [set WIFI UP]--
2025/07/08 14:11:38 [1]	[DUT] [set WIFI UP] ~~ TestTime:0.0437722 sec
2025/07/08 14:11:38 [1]	VSCH024-073:@STEP034@CHECK  wifi status Test is Pass ! 		----- 5.0699678 Sec.
2025/07/08 14:11:38 [1]	DUT Test Completed !        ----- 5.1189724 Sec.
2025/07/08 14:11:38 [1]	Execute Phase 11 Test.
2025/07/08 14:11:38 [1]	Do @STEP036@Write WIFI parameter
2025/07/08 14:11:38 [1]	Run VSCH024-074:Check WIFI ver	Mode: 4, Retry: 3
[14:11:38.264][DUT] [Check WIFI ver]++
2025/07/08 14:11:38 [1]	(UART) > wl ver

2025/07/08 14:11:39 [1]	(UART) < wl ver

[ 8299.471865] [dhd] STATIC-MSG) dhd_wlan_mem_prealloc : section 9, size 32896
root@NOKIA360Camera-WE251300012:/root$ 
root@NOKIA360Camera-WE251300012:/root$ wl ver
1.333.2 (wlan=r829962-20230602-1 BCMINT)
wl0: Jan  5 2022 01:27:10 version 18.35.387.23.108 (WLTEST) (g34a0fd51) FWID 01-d7aecb64
root@NOKIA360Camera-WE251300012:/root$ 
root@NOKIA360Camera-WE251300012:/root$ 
[14:11:39.265][DUT] [Check WIFI ver]--
2025/07/08 14:11:39 [1]	[DUT] [Check WIFI ver] ~~ TestTime:1.0005252 sec
2025/07/08 14:11:39 [1]	Run B7PL025-077:Wait	Mode: 0, Retry: 3
[14:11:39.265][PC] [Wait]++
2025/07/08 14:11:39 [1]	> :Delay,"000"
2025/07/08 14:11:39 [1]	< 0
[14:11:39.277][PC] [Wait]--
2025/07/08 14:11:39 [1]	[PC] [Wait] ~~ TestTime:0.0120635 sec
2025/07/08 14:11:39 [1]	B7PL025-077:@STEP036@Write WIFI parameter Test is Pass ! 		----- 1.0147758 Sec.
2025/07/08 14:11:39 [1]	DUT Test Completed !        ----- 1.0660554 Sec.
2025/07/08 14:11:39 [1]	Execute Phase 12 Test.
2025/07/08 14:11:39 [1]	Do @STEP038@GET WIF_MAC
2025/07/08 14:11:39 [1]	Run B7PL025-079:Wait	Mode: 0, Retry: 3
[14:11:39.452][PC] [Wait]++
2025/07/08 14:11:39 [1]	> :Delay,"1000"
2025/07/08 14:11:40 [1]	< 0
[14:11:40.469][PC] [Wait]--
2025/07/08 14:11:40 [1]	[PC] [Wait] ~~ TestTime:1.0170186 sec
2025/07/08 14:11:40 [1]	B7PL025-079:@STEP038@GET WIF_MAC Test is Pass ! 		----- 1.0170186 Sec.
2025/07/08 14:11:40 [1]	DUT Test Completed !        ----- 1.0695401 Sec.
2025/07/08 14:11:40 [1]	Execute Phase 13 Test.
2025/07/08 14:11:40 [1]	Do @STEP040@SET IVA KEY to DUT
2025/07/08 14:11:40 [1]	Run B7PL025-080:Check SFIS Enabled	Mode: 4, Retry: 3
2025/07/08 14:11:40 [1]	> :SfEnabled
2025/07/08 14:11:40 [1]	< 0
2025/07/08 14:11:40 [1]	Run B7PL025-085:Wait	Mode: 0, Retry: 3
[14:11:40.641][PC] [Wait]++
2025/07/08 14:11:40 [1]	> :Delay,"000"
2025/07/08 14:11:40 [1]	< 0
[14:11:40.648][PC] [Wait]--
2025/07/08 14:11:40 [1]	[PC] [Wait] ~~ TestTime:0.0082445 sec
2025/07/08 14:11:40 [1]	B7PL025-085:@STEP040@SET IVA KEY to DUT Test is Pass ! 		----- 0.0122509 Sec.
2025/07/08 14:11:40 [1]	DUT Test Completed !        ----- 0.0643254 Sec.
2025/07/08 14:11:40 [1]	Execute Phase 14 Test.
2025/07/08 14:11:40 [1]	Do @STEP042@Check Charging
2025/07/08 14:11:40 [1]	Run OTFX076-086:Check SKU	Mode: 4, Retry: 3
[14:11:40.788][DUT] [Check SKU]++
2025/07/08 14:11:40 [1]	(UART) > diag -g sku

2025/07/08 14:11:40 [1]	(UART) < diag -g sku
diag: sku N3C2401C
root@NOKIA360Camera-WE251300012:/root$ 
root@NOKIA360Camera-WE251300012:/root$ 
[14:11:40.826][DUT] [Check SKU]--
2025/07/08 14:11:40 [1]	[DUT] [Check SKU] ~~ TestTime:0.0397573 sec
2025/07/08 14:11:40 [1]	Run B7PL025-087:Wait	Mode: 0, Retry: 3
[14:11:40.828][PC] [Wait]++
2025/07/08 14:11:40 [1]	> :Delay,"10000"
2025/07/08 14:11:50 [1]	< 0
[14:11:50.839][PC] [Wait]--
2025/07/08 14:11:50 [1]	[PC] [Wait] ~~ TestTime:10.0112236 sec
2025/07/08 14:11:50 [1]	Run OTFX035-088:Check Battery_charger	Mode: 4, Retry: 3
[14:11:50.843][PC] [Check Battery_charger]++
2025/07/08 14:11:50 [1]	(UART) > diag -g current bat

2025/07/08 14:11:55 [1]	(UART) < diag -g current bat
1676
root@NOKIA360Camera-WE251300012:/root$ 
root@NOKIA360Camera-WE251300012:/root$ [06-27_12:24:02:232] requestRegistrationState2 MCC: 466, MNC: 97, PS: Detached, DataCap: UNKNOW
[06-27_12:24:02:236] requestRegistrationState2 MCC: 466, MNC: 97, PS: Detached, DataCap: UNKNOW
[06-27_12:24:02:241] requestRegistrationState2 MCC: 466, MNC: 97, PS: Detached, DataCap: UNKNOW
[06-27_12:24:03:121] requestRegistrationState2 MCC: 466, MNC: 97, PS: Detached, DataCap: UNKNOW

2025/07/08 14:11:55 [1]	Check Battery_charger Result: gBattery_current=1676
2025/07/08 14:11:55 [1]	CurrentTestID:OTFX035-0880 - The validation: gBattery_current = 1676 (100,3000)
[14:11:55.854][PC] [Check Battery_charger]--
2025/07/08 14:11:55 [1]	[PC] [Check Battery_charger] ~~ TestTime:5.0139451 sec
2025/07/08 14:11:55 [1]	Run B7PL025-091:Wait	Mode: 1, Retry: 3
[14:11:55.856][PC] [Wait]++
2025/07/08 14:11:55 [1]	> :Delay,"1000"
2025/07/08 14:11:56 [1]	< 0
[14:11:56.862][PC] [Wait]--
2025/07/08 14:11:56 [1]	[PC] [Wait] ~~ TestTime:1.0066285 sec
2025/07/08 14:11:56 [1]	B7PL025-091:@STEP042@Check Charging Test is Pass ! 		----- 16.074672 Sec.
2025/07/08 14:11:56 [1]	Do @STEP043@SET HW version
2025/07/08 14:11:56 [1]	:@STEP043@SET HW version Test is Pass ! 		----- 0 Sec.
2025/07/08 14:11:56 [1]	Do @STEP044@SET SSN
2025/07/08 14:11:56 [1]	:@STEP044@SET SSN Test is Pass ! 		----- 0 Sec.
2025/07/08 14:11:56 [1]	DUT Test Completed !        ----- 16.2359253 Sec.
2025/07/08 14:11:57 [1]	Execute Phase 15 Test.
2025/07/08 14:11:57 [1]	Do @STEP046@GET 5gModule_SN+IMEI
2025/07/08 14:11:57 [1]	Run OTFX076-094:Check SKU	Mode: 4, Retry: 3
[14:11:57.142][DUT] [Check SKU]++
2025/07/08 14:11:57 [1]	(UART) > diag -g sku

2025/07/08 14:11:57 [1]	(UART) < diag -g sku
diag: sku N3C2401C
root@NOKIA360Camera-WE251300012:/root$ 
root@NOKIA360Camera-WE251300012:/root$ 
[14:11:57.179][DUT] [Check SKU]--
2025/07/08 14:11:57 [1]	[DUT] [Check SKU] ~~ TestTime:0.0410841 sec
2025/07/08 14:11:57 [1]	Run WUIF004-098:Get 5G PCI status	Mode: 1, Retry: 3
[14:11:57.181][DUT] [Get 5G PCI status]++
2025/07/08 14:11:57 [1]	(UART) > lspci

2025/07/08 14:11:58 [1]	(UART) < lspci
0000:00:00.0 Class 0604: Device 1e09:0006 (rev 01)
0000:01:00.0 Class 0280: Device 14e4:449d (rev 02)
0001:10:00.0 Class 0604: Device 1e09:0006 (rev 01)
0001:11:00.0 Class ff00: Device 17cb:0308
root@NOKIA360Camera-WE251300012:/root$ 
root@NOKIA360Camera-WE251300012:/root$ 
[14:11:58.201][DUT] [Get 5G PCI status]--
2025/07/08 14:11:58 [1]	[DUT] [Get 5G PCI status] ~~ TestTime:1.0220416 sec
2025/07/08 14:11:58 [1]	Run B7PL025-099:Wait	Mode: 0, Retry: 3
[14:11:58.203][PC] [Wait]++
2025/07/08 14:11:58 [1]	> :Delay,"0000"
2025/07/08 14:11:58 [1]	< 0
[14:11:58.208][PC] [Wait]--
2025/07/08 14:11:58 [1]	[PC] [Wait] ~~ TestTime:0.0046492 sec
2025/07/08 14:11:58 [1]	B7PL025-099:@STEP046@GET 5gModule_SN+IMEI Test is Pass ! 		----- 1.06978 Sec.
2025/07/08 14:11:58 [1]	DUT Test Completed !        ----- 1.1199476 Sec.
2025/07/08 14:11:58 [1]	Execute Phase 16 Test.
2025/07/08 14:11:58 [1]	Do @STEP048@CHECK SD  Inserted
2025/07/08 14:11:58 [1]	Run NBHM004-105:SD card inserted	Mode: 1, Retry: 3
[14:11:58.393][DUT] [SD card inserted]++
2025/07/08 14:11:58 [1]	(UART) > diag -g status sd

2025/07/08 14:11:58 [1]	(UART) < diag -g status sd
removed
root@NOKIA360Camera-WE251300012:/root$ 
root@NOKIA360Camera-WE2513000
[14:11:58.421][DUT] [SD card inserted]--
2025/07/08 14:11:58 [1]	[DUT] [SD card inserted] ~~ TestTime:0.0304165 sec
2025/07/08 14:11:58 [1]	Run PDSC003-106:Check SD RW	Mode: 1, Retry: 3
[14:11:58.421][DUT] [Check SD RW]++
2025/07/08 14:11:58 [1]	(UART) > mount |grep sd

2025/07/08 14:11:58 [1]	(UART) < mount |grep sd
root@NOKIA360Camera-WE251300012:/root$ 
root@NOKIA360Camera-WE251300012:/root$ 
[14:11:58.451][DUT] [Check SD RW]--
2025/07/08 14:11:58 [1]	[DUT] [Check SD RW] ~~ TestTime:0.0316031 sec
2025/07/08 14:11:58 [1]	Run PDSC003-107:Check SD RW	Mode: 1, Retry: 3
[14:11:58.453][DUT] [Check SD RW]++
2025/07/08 14:11:58 [1]	(UART) > echo "1234" > /mnt/sd/test_sd

2025/07/08 14:11:58 [1]	(UART) < echo "1234" > /mnt/sd/test_sd
root@NOKIA360Camera-WE251300012:/root$ 
root@NOKIA360Camera-WE251300012:/root$ 
[14:11:58.482][DUT] [Check SD RW]--
2025/07/08 14:11:58 [1]	[DUT] [Check SD RW] ~~ TestTime:0.0296354 sec
2025/07/08 14:11:58 [1]	Run PDSC003-108:Check SD RW	Mode: 1, Retry: 3
[14:11:58.485][DUT] [Check SD RW]++
2025/07/08 14:11:58 [1]	(UART) > cat /mnt/sd/test_sd

2025/07/08 14:11:58 [1]	(UART) < cat /mnt/sd/test_sd
1234
root@NOKIA360Camera-WE251300012:/root$ 
root@NOKIA360Camera-WE251300012:/root$ 
[14:11:58.513][DUT] [Check SD RW]--
2025/07/08 14:11:58 [1]	[DUT] [Check SD RW] ~~ TestTime:0.0311942 sec
2025/07/08 14:11:58 [1]	BT init skips by ExecMode = 6.
2025/07/08 14:11:58 [1]	PDSC003-108:@STEP048@CHECK SD  Inserted Test is Pass ! 		----- 0.1241556 Sec.
2025/07/08 14:11:58 [1]	DUT Test Completed !        ----- 0.1750601 Sec.
2025/07/08 14:11:58 [1]	Execute Phase 17 Test.
2025/07/08 14:11:58 [1]	Do @STEP050@GET BT MAC
2025/07/08 14:11:58 [1]	Run BTBT016-110:Get BT MAC	Mode: 1, Retry: 3
[14:11:58.636][DUT] [Get BT MAC]++
2025/07/08 14:11:58 [1]	(UART) > hciconfig hci0 revision

2025/07/08 14:11:59 [1]	(UART) < hciconfig hci0 revision
hci0:	Type: Primary  Bus: UART
	BD Address: C0:F5:35:9D:B5:4B  ACL MTU: 1021:8  SCO MTU: 64:1
	Firmware 0.17 / 17
root@NOKIA360Camera-WE251300012:/root$ 
root@NOKIA360Camera-WE251300012:/root$ 
2025/07/08 14:11:59 [1]	WithinString: C0:F5:35:9D:B5:4B
2025/07/08 14:11:59 [1]	Get BT MAC Result: MAC3_BT=C0F5359DB54B
[14:11:59.645][DUT] [Get BT MAC]--
2025/07/08 14:11:59 [1]	[DUT] [Get BT MAC] ~~ TestTime:1.0098231 sec
2025/07/08 14:11:59 [1]	BTBT016-110:@STEP050@GET BT MAC Test is Pass ! 		----- 1.0098231 Sec.
2025/07/08 14:11:59 [1]	Do @STEP051@GET CHIP SN
2025/07/08 14:11:59 [1]	Run IPIO024-111:get MicroChip SN	Mode: 1, Retry: 3
[14:11:59.705][DUT] [get MicroChip SN]++
2025/07/08 14:11:59 [1]	(UART) > cryptoauth_test sernum

2025/07/08 14:12:00 [1]	(UART) < cryptoauth_test ser[ 8320.707068] nvt_i2c 2f014f000.i2c: i2c_nvtim_xfer_msg(773) NACK!
num

[ 8320.713361] nvt_i2c 2f014f000.i2c: i2c_nvtim_rst_module: staus 0x10000000
[ 8320.745544] nvt_i2c 2f014f000.i2c: i2c_nvtim_xfer_msg(773) NACK!
[ 8320.751576] nvt_i2c 2f014f000.i2c: i2c_nvtim_rst_module: staus 0x10000000
serial number:
01 23 B7 F6 5E BF EE 6E 01

root@NOKIA360Camera-WE251300012:/root$ 
root@NOKIA360Camera-WE251300012:/root$ [06-27_12:24:08:130] requestRegistrationState2 MCC: 466, MNC: 97, PS: Detached, DataCap: UNKNOW

2025/07/08 14:12:00 [1]	WithinString: 0123B7F65EBFEE6E01
2025/07/08 14:12:00 [1]	get MicroChip SN Result: MicroChip_SN=0123B7F65EBFEE6E01
[14:12:00.720][DUT] [get MicroChip SN]--
2025/07/08 14:12:00 [1]	[DUT] [get MicroChip SN] ~~ TestTime:1.0162703 sec
2025/07/08 14:12:00 [1]	IPIO024-111:@STEP051@GET CHIP SN Test is Pass ! 		----- 1.0162703 Sec.
2025/07/08 14:12:00 [1]	DUT Test Completed !        ----- 2.1351219 Sec.
2025/07/08 14:12:00 [1]	Execute Phase 18 Test.
2025/07/08 14:12:00 [1]	Do @STEP053@GET EMMC_ID
2025/07/08 14:12:00 [1]	Run WUIF018-112:get EMMC_ID	Mode: 1, Retry: 3
[14:12:00.892][DUT] [get EMMC_ID]++
2025/07/08 14:12:00 [1]	(UART) > diag -g status emmc

2025/07/08 14:12:01 [1]	(UART) < diag -g status emmc
name: MMC128
manfid: 0x000032
oemid: 0x0101
serial: 0x0106685a
date: 11/2024
root@NOKIA360Camera-WE251300012:/root$ 
root@NOKIA360Camera-WE251300012:/root$ 
2025/07/08 14:12:01 [1]	WithinString: 0x0106685a
2025/07/08 14:12:01 [1]	get EMMC_ID Result: EMMC_ID=0x0106685a
[14:12:01.910][DUT] [get EMMC_ID]--
2025/07/08 14:12:01 [1]	[DUT] [get EMMC_ID] ~~ TestTime:1.0206054 sec
2025/07/08 14:12:01 [1]	WUIF018-112:@STEP053@GET EMMC_ID Test is Pass ! 		----- 1.0206054 Sec.
2025/07/08 14:12:01 [1]	DUT Test Completed !        ----- 1.0732291 Sec.
2025/07/08 14:12:02 [1]	Execute Phase 19 Test.
2025/07/08 14:12:02 [1]	Do @STEP055@check WIFI no 5G module
2025/07/08 14:12:02 [1]	Run OTFX076-113:Check SKU	Mode: 4, Retry: 3
[14:12:02.079][DUT] [Check SKU]++
2025/07/08 14:12:02 [1]	(UART) > diag -g sku

2025/07/08 14:12:04 [1]	(UART) < diag -g sku
diag: sku N3C2401C
root@NOKIA360Camera-WE251300012:/root$ 
root@NOKIA360Camera-WE251300012:/root$ [06-27_12:24:11:739] requestRegistrationState2 MCC: 466, MNC: 92, PS: Detached, DataCap: UNKNOW
[06-27_12:24:11:742] requestRegistrationState2 MCC: 466, MNC: 92, PS: Detached, DataCap: UNKNOW

[14:12:04.106][DUT] [Check SKU]--
2025/07/08 14:12:04 [1]	[DUT] [Check SKU] ~~ TestTime:2.0318092 sec
2025/07/08 14:12:04 [1]	Run B7PL025-117:Wait time@#$	Mode: 3, Retry: 3
[14:12:04.108][PC] [Wait time@#$]++
2025/07/08 14:12:04 [1]	> :Delay,"000"
2025/07/08 14:12:04 [1]	< 0
[14:12:04.112][PC] [Wait time@#$]--
2025/07/08 14:12:04 [1]	[PC] [Wait time@#$] ~~ TestTime:0.0038624 sec
2025/07/08 14:12:04 [1]	B7PL025-117:@STEP055@check WIFI no 5G module Test is Pass ! 		----- 2.0380921 Sec.
2025/07/08 14:12:04 [1]	DUT Test Completed !        ----- 2.0918098 Sec.
2025/07/08 14:12:04 [1]	Execute Phase 20 Test.
2025/07/08 14:12:04 [1]	Do @STEP057@CHECK  5G Antenna(SAM need)
2025/07/08 14:12:04 [1]	Run OTFX076-118:Check SKU	Mode: 4, Retry: 3
[14:12:04.265][DUT] [Check SKU]++
2025/07/08 14:12:04 [1]	(UART) > diag -g sku

2025/07/08 14:12:04 [1]	(UART) < diag -g sku
diag: sku N3C2401C
root@NOKIA360Camera-WE251300012:/root$ 
root@NOKIA360Camera-WE251300012:/root$ 
[14:12:04.297][DUT] [Check SKU]--
2025/07/08 14:12:04 [1]	[DUT] [Check SKU] ~~ TestTime:0.031236 sec
2025/07/08 14:12:04 [1]	Run WUIO003-119:check 5g module ANT	Mode: 1, Retry: 3
[14:12:04.299][DUT] [check 5g module ANT]++
2025/07/08 14:12:04 [1]	(UART) > test5g AT+CSYSSEL=?

2025/07/08 14:12:04 [1]	(UART) < test5g AT+CSYSSEL=?
root@NOKIA360Camera-WE251300012:/root$ 
root@NOKIA360Camera-WE251300012:/root$ AT+CSYSSEL=?
+CSYSSEL: "nr5g_disable",(0-2)
+CSYSSEL: "nr5g_band",1:2:3:5:7:8:12:13:14:18:20:25:26:28:29:30:38:40:41:48:66:71:75:76:77:78:79
+CSYSSEL: "nsa_nr5g_band",1:2:3:5:7:8:12:14:18:20:25:26:28:29:30:38:40:41:48:66:71:75:76:77:78:79:257:258:260:261
+CSYSSEL: "nrdc_nr5g_band",1:2:3:5:7:8:12:14:18:20:25:26:28:29:30:38:40:41:48:66:71:75
[14:12:04.451][DUT] [check 5g module ANT]--
2025/07/08 14:12:04 [1]	[DUT] [check 5g module ANT] ~~ TestTime:0.1542103 sec
2025/07/08 14:12:04 [1]	Run WUIO003-120:check 5g module ANT	Mode: 1, Retry: 3
[14:12:04.451][DUT] [check 5g module ANT]++
2025/07/08 14:12:04 [1]	(UART) > test5g AT+CSYSSEL=?

2025/07/08 14:12:04 [1]	(UART) < 3:14:17:18:19:20:25:26:28:29:30:32:34:38:39:40:41:42:43:46:48:66:71
+CSYSSEL: "w_band",1:2:4:5:6:8:19
+CSYSSEL: "rat_acq_order",5:9:12
OK
test5g AT+CSYSSEL=?
root@NOKIA360Camera-WE251300012:/root$ 
root@NOKIA360Camera-WE251300012:/root$ AT+CSYSSEL=?
+CSYSSEL: "nr5g_disable",(0-2)
+CSYSSEL: "nr5g_band",1:2:3:5:7:8:12:13:14:18:20:25:26:28:29:30:38:40:41:48:66:71:75:76:77:78:79
+CSYSSEL: "
[14:12:04.583][DUT] [check 5g module ANT]--
2025/07/08 14:12:04 [1]	[DUT] [check 5g module ANT] ~~ TestTime:0.1334393 sec
2025/07/08 14:12:04 [1]	Run WUIO003-121:check 5g module ANT	Mode: 1, Retry: 3
[14:12:04.585][DUT] [check 5g module ANT]++
2025/07/08 14:12:04 [1]	(UART) > test5g AT+CSYSSEL=?

2025/07/08 14:12:04 [1]	(UART) < 78:79:257:258:260:261
+CSYSSEL: "nrdc_nr5g_band",1:2:3:5:7:8:12:14:18:20:25:26:28:29:30:38:40:41:48:66:71:75:76:77:78:79:257:258:260:261
+CSYSSEL: "lte_band",1:2:3:4:5:7:8:12:13:14:17:18:19:20:25:26:28:29:30:32:34:38:39:40:41:42:43:46:48:66:71
+CSYSSEL: "w_band",1:2:4:5:6:8:19
+CSYSSEL: "rat_acq_order",5:9:12
OK
test5g AT+CSYSSEL=?
root@NOKIA360Camera-WE251300012:/root$ 
root@NOKIA360Camera-WE251300012:/root$ AT+CSYSSEL=?
+CSYSSEL: "nr5g_disable",(0-2)
+CSYSSEL: "nr5g_band",1:2:3:5:7:8:12:13:14:18:20:25:26:28:29:30:38:40:41:48:66:71:75:76:77:78:79
+CSYSSEL: "nsa_nr5g_band",1:2:3:5:7:8:12:14:18:20:25:26:28:29:30:38:40:41:48:66:71:75:76:77:78:79:257:258:260:261
+CSYSSEL: "nrdc_nr5g_band",1:2:3:5:7:8:12:14:18:20:25:26:28:29:30:38:40:41:48:66:71:75:76:77:78:79:257:258:260:261
+CSYSSEL: "lte_band",1:2:3:4:5:7:8:12:13:14:17:18:19:20:25:26:28:29:30:32:34:38:39:40:41:42:43:46:48:66:71
+CSYSSEL: "w_band",1:2:4:5:6:8:19
+CSYSSE
[14:12:04.744][DUT] [check 5g module ANT]--
2025/07/08 14:12:04 [1]	[DUT] [check 5g module ANT] ~~ TestTime:0.1586264 sec
2025/07/08 14:12:04 [1]	Run WUIO003-122:check 5g module ANT	Mode: 1, Retry: 3
[14:12:04.746][DUT] [check 5g module ANT]++
2025/07/08 14:12:04 [1]	(UART) > test5g AT+CSYSSEL=?

2025/07/08 14:12:04 [1]	(UART) < test5g AT+CSYSSEL=?
root@NOKIA360Camera-WE251300012:/root$ 
root@NOKIA360Camera-WE251300012:/root$ AT+CSYSSEL=?
+CSYSSEL: "nr5g_disable",(0-2)
+CSYSSEL: "nr5g_band",1:2:3:5:7:8:12:13:14:18:20:25:26:28:29:30:38:40:41:48:66:71:75:76:77:78:79
+CSYSSEL: "nsa_nr5g_band",1:2:3:5:7:8:12:14:18:20:25:26:28:29:30:38:40:41:48:66:71:75:76:77:78:79:257:258:260:261
+CSYSSEL: "nrdc_nr5g_band",1:2:3:5:7:8:12:14:18:20:25:26:28:29:30:38:40:41:48:66:71:75:76:77:78:79:257:258:260:261
+CSYSSEL: "lte_band",1:2:3:4:5:7:8:12:13:14:17:18:19:20:25:26:28:29:30:32:34:38:39:40:41:42:43:46:48:66:71
+CSYSSEL: "w_band",1:2:4:5:6:8:19
+CSYSSEL: "rat_acq_or
[14:12:04.906][DUT] [check 5g module ANT]--
2025/07/08 14:12:04 [1]	[DUT] [check 5g module ANT] ~~ TestTime:0.1598905 sec
2025/07/08 14:12:04 [1]	Run WUIO003-123:check 5g module ANT	Mode: 1, Retry: 3
[14:12:04.906][DUT] [check 5g module ANT]++
2025/07/08 14:12:04 [1]	(UART) > test5g AT+CSYSSEL=?

2025/07/08 14:12:05 [1]	(UART) < test5g AT+CSYSSEL=?
root@NOKIA360Camera-WE251300012:/root$ 
root@NOKIA360Camera-WE251300012:/root$ AT+CSYSSEL=?
+CSYSSEL: "nr5g_disable",(0-2)
+CSYSSEL: "nr5g_band",1:2:3:5:7:8:12:13:14:18:20:25:26:28:29:30:38:40:41:48:66:71:75:76:77:78:79
+CSYSSEL: "nsa_nr5g_band",1:2:3:5:7:8:12:14:18:20:25:26:28:29:30:38:40:41:48:66:71:75:76:77:78:79:257:258:260:261
+CSYSSEL: "nrdc_nr5g_band",1:2:3:5:7:8:12:14:18:20:25:26:28:29:30:38:40:41:48:66:71:75:76:77:78:79:257:258:260:261
+CSYSSEL: "lte_band",1:2:3:4:5:7:8:12:13:14:17:18:19:20:25:26:28:29:30:32:34:38:39:40:41:42:43:46:48:66:71
+CSYSSEL: "w_band",1:2:4:5:6:8:19
+CSYSSEL: "rat_acq_order",5:9:12
OK

[14:12:05.090][DUT] [check 5g module ANT]--
2025/07/08 14:12:05 [1]	[DUT] [check 5g module ANT] ~~ TestTime:0.1855878 sec
2025/07/08 14:12:05 [1]	Run WUIO003-124:check 5g module ANT	Mode: 1, Retry: 3
[14:12:05.092][DUT] [check 5g module ANT]++
2025/07/08 14:12:05 [1]	(UART) > test5g AT+CSYSSEL=?

2025/07/08 14:12:05 [1]	(UART) < test5g AT+CSYSSEL=?
root@NOKIA360Camera-WE251300012:/root$ 
root@NOKIA360Camera-WE251300012:/root$ AT+CSYSSEL=?
+CSYSSEL: "nr5g_disable",(0-2)
+CSYSSEL: "nr5g_band",1:2:3:5:7:8:12:13:14:18:20:25:26:28:29:30:38:40:41:48:66:71:75:76:77:78:79
+CSYSSEL: "nsa_nr5g_band",1:2:3:5:7:8:12:14:18:20:25:26:28:29:30:38:40:41:48:66:71:75:76:77:78:79:257:258:260:261
+CSYSSEL: "nrdc_nr5g_band",1:2:3:5:7:8:12:14:18:20:25:26:28:29:30:38:40:41:48:66:71:75:76:77:78:79:257:258:260:261
+CSYSSEL: "lte_band",1:2:3:4:5:7:8:12:13:14:17:18:19:20:25:26:28:29:30:32:34:38:39:40:41:42:43:46:48:66:71
+CSYSSEL: "w_band",1:2:4:5:6:8:19
+CSYSSEL: "rat_acq_order",5:9:12
OK

[14:12:05.274][DUT] [check 5g module ANT]--
2025/07/08 14:12:05 [1]	[DUT] [check 5g module ANT] ~~ TestTime:0.1843596 sec
2025/07/08 14:12:05 [1]	Run WUIO003-125:check 5g module ANT	Mode: 1, Retry: 3
[14:12:05.276][DUT] [check 5g module ANT]++
2025/07/08 14:12:05 [1]	(UART) > test5g AT+CSYSSEL=?

2025/07/08 14:12:05 [1]	(UART) < test5g AT+CSYSSEL=?
root@NOKIA360Camera-WE251300012:/root$ 
root@NOKIA360Camera-WE251300012:/root$ [06-27_12:24:13:141] requestRegistrationState2 MCC: 466, MNC: 92, PS: Detached, DataCap: UNKNOW
AT+CSYSSEL=?
+CSYSSEL: "nr5g_disable",(0-2)
+CSYSSEL: "nr5g_band",1:2:3:5:7:8:12:13:14:18:20:25:26:28:29:30:38:40:41:48:66:71:75:76:77:78:79
+CSYSSEL: "nsa_nr5g_band",1:2:3:5:7:8:12:14:18:20:25:26:28:29:30:38:40:41:48:66:71:75:76:77:78:79:257:258:260:261
+CSYSSEL: "nrdc_nr5g_band",1:2:3:5:7:8:12:14:18:20:25:26:28:29:30:38:40:41:48:66:71:75:76:77:78:79:257:258:260:261
+CSYSSEL: "lte_band",1:2:3:4:5:7:8:12:13:14:17:18:19:20:25:26:28:29:30:32:34:38:39:40:41:42:43:46:48:66:71
+CSYSSEL: "w_band",1:2:4:5:6:8:19
+CSYSSEL: "rat_acq_order",5:9:12
OK

[14:12:05.461][DUT] [check 5g module ANT]--
2025/07/08 14:12:05 [1]	[DUT] [check 5g module ANT] ~~ TestTime:0.1846578 sec
2025/07/08 14:12:05 [1]	Run B7PL025-126:Wait	Mode: 0, Retry: 3
[14:12:05.462][PC] [Wait]++
2025/07/08 14:12:05 [1]	> :Delay,"2000"
2025/07/08 14:12:07 [1]	< 0
[14:12:07.467][PC] [Wait]--
2025/07/08 14:12:07 [1]	[PC] [Wait] ~~ TestTime:2.0073118 sec
2025/07/08 14:12:07 [1]	Run WUIO003-127:check 5g module ANT	Mode: 1, Retry: 3
[14:12:07.468][DUT] [check 5g module ANT]++
2025/07/08 14:12:07 [1]	(UART) > test5g at+cqcnv

2025/07/08 14:12:07 [1]	(UART) < test5g at+cqcnv
root@NOKIA360Camera-WE251300012:/root$ 
root@NOKIA360Camera-WE251300012:/root$ at+cqcnv
+CQCNV: "SDX65_131_SIM8380G-M2-HS_B3J2W550_QTM545_838_900_P1.03_20250103"
OK

[14:12:07.615][DUT] [check 5g module ANT]--
2025/07/08 14:12:07 [1]	[DUT] [check 5g module ANT] ~~ TestTime:0.1492867 sec
2025/07/08 14:12:07 [1]	Run WUIO003-128:check 5g module ANT	Mode: 1, Retry: 3
[14:12:07.618][DUT] [check 5g module ANT]++
2025/07/08 14:12:07 [1]	(UART) > test5g at+csub

2025/07/08 14:12:07 [1]	(UART) < test5g at+csub
root@NOKIA360Camera-WE251300012:/root$ 
root@NOKIA360Camera-WE251300012:/root$ at+csub
+CSUB: B02V02
+CSUB: SDX65_LE131_M2_M44_PCIE_HS_V1.05_250121
OK

[14:12:07.744][DUT] [check 5g module ANT]--
2025/07/08 14:12:07 [1]	[DUT] [check 5g module ANT] ~~ TestTime:0.1252679 sec
2025/07/08 14:12:07 [1]	Run B7PL025-129:Wait	Mode: 0, Retry: 3
[14:12:07.744][PC] [Wait]++
2025/07/08 14:12:07 [1]	> :Delay,"000"
2025/07/08 14:12:07 [1]	< 0
[14:12:07.749][PC] [Wait]--
2025/07/08 14:12:07 [1]	[PC] [Wait] ~~ TestTime:0.0057236 sec
2025/07/08 14:12:07 [1]	B7PL025-129:@STEP057@CHECK  5G Antenna(SAM need) Test is Pass ! 		----- 3.4860496 Sec.
2025/07/08 14:12:07 [1]	DUT Test Completed !        ----- 3.5346697 Sec.
2025/07/08 14:12:07 [1]	Execute Phase 21 Test.
2025/07/08 14:12:07 [1]	Do @STEP059@Check DisCharging
2025/07/08 14:12:07 [1]	Run OTFX076-064:Check SKU	Mode: 4, Retry: 3
[14:12:07.892][DUT] [Check SKU]++
2025/07/08 14:12:07 [1]	(UART) > diag -g sku

2025/07/08 14:12:07 [1]	(UART) < diag -g sku
diag: sku N3C2401C
root@NOKIA360Camera-WE251300012:/root$ 
root@NOKIA360Camera-WE251300012:/root$ 
[14:12:07.924][DUT] [Check SKU]--
2025/07/08 14:12:07 [1]	[DUT] [Check SKU] ~~ TestTime:0.0368819 sec
2025/07/08 14:12:07 [1]	Run B7PL025-065:Wait	Mode: 0, Retry: 3
[14:12:07.926][PC] [Wait]++
2025/07/08 14:12:07 [1]	> :Delay,"5000"
2025/07/08 14:12:12 [1]	< 0
[14:12:12.941][PC] [Wait]--
2025/07/08 14:12:12 [1]	[PC] [Wait] ~~ TestTime:5.0155436 sec
2025/07/08 14:12:12 [1]	Run OTFX035-066:Check Battery_discharger	Mode: 1, Retry: 3
[14:12:12.944][PC] [Check Battery_discharger]++
2025/07/08 14:12:12 [1]	(UART) > diag -s current batNoPoE

2025/07/08 14:12:12 [1]	(UART) < diag -s current batNoPoE
please turn-off the PoE for check battery discharge!!!


[14:12:12.971][PC] [Check Battery_discharger]--
2025/07/08 14:12:12 [1]	[PC] [Check Battery_discharger] ~~ TestTime:0.0291809 sec
2025/07/08 14:12:12 [1]	Run NBLE008-067:Pop window	Mode: 2, Retry: 3
[14:12:12.973][PC] [Pop window]++
2025/07/08 14:12:12 [1]	> :ShowConfirmBox,"拔掉POE","YES"
2025/07/08 14:12:19 [1]	< YES
[14:12:19.527][PC] [Pop window]--
2025/07/08 14:12:19 [1]	[PC] [Pop window] ~~ TestTime:6.5549237 sec
2025/07/08 14:12:19 [1]	Run B7PL025-068:Wait	Mode: 0, Retry: 3
[14:12:19.528][PC] [Wait]++
2025/07/08 14:12:19 [1]	> :Delay,"4000"
2025/07/08 14:12:23 [1]	< 0
[14:12:23.539][PC] [Wait]--
2025/07/08 14:12:23 [1]	[PC] [Wait] ~~ TestTime:4.014932 sec
2025/07/08 14:12:23 [1]	Run NBLE008-069:Pop window	Mode: 2, Retry: 3
[14:12:23.544][PC] [Pop window]++
2025/07/08 14:12:23 [1]	> :ShowConfirmBox,"插上POE","YES"
2025/07/08 14:12:26 [1]	< YES
[14:12:26.499][PC] [Pop window]--
2025/07/08 14:12:26 [1]	[PC] [Pop window] ~~ TestTime:2.9551013 sec
2025/07/08 14:12:26 [1]	Run OTFX035-070:Check Battery_discharger	Mode: 1, Retry: 3
[14:12:26.510][PC] [Check Battery_discharger]++
2025/07/08 14:12:26 [1]	(UART) > diag -g current batNoPoE

2025/07/08 14:12:31 [1]	(UART) < diag -g current batNoPoE
-517
root@NOKIA360Camera-WE251300012:/root$ 
root@NOKIA360Camera-WE251300012:/root$ [ 8348.811578] bq27xxx-battery 14-0055: bq27xxx_battery_i2c_read() shipping mode now! Can't access I2C
[06-27_12:24:38:187] requestRegistrationState2 MCC: 466, MNC: 92, PS: Detached, DataCap: UNKNOW
[06-27_12:24:38:188] requestSetOperatingMode(1)
[06-27_12:24:38:191] requestSetOperatingMode(0)
[06-27_12:24:38:582] requestRegistrationState2 MCC: 0, MNC: 0, PS: Detached, DataCap: UNKNOW
[06-27_12:24:38:586] requestRegistrationState2 MCC: 0, MNC: 0, PS: Detached, DataCap: UNKNOW
[06-27_12:24:38:821] requestRegistrationState2 MCC: 0, MNC: 0, PS: Detached, DataCap: UNKNOW

2025/07/08 14:12:31 [1]	Check Battery_discharger Result: gBattery_current=-517
2025/07/08 14:12:31 [1]	CurrentTestID:OTFX035-0700 - The validation: gBattery_current = -517 (-1800,-100)
[14:12:31.542][PC] [Check Battery_discharger]--
2025/07/08 14:12:31 [1]	[PC] [Check Battery_discharger] ~~ TestTime:5.0427924 sec
2025/07/08 14:12:31 [1]	Run B7PL025-071:Wait	Mode: 0, Retry: 3
[14:12:31.544][PC] [Wait]++
2025/07/08 14:12:31 [1]	> :Delay,"000"
2025/07/08 14:12:31 [1]	< 0
[14:12:31.547][PC] [Wait]--
2025/07/08 14:12:31 [1]	[PC] [Wait] ~~ TestTime:0.0044983 sec
2025/07/08 14:12:31 [1]	B7PL025-071:@STEP059@Check DisCharging Test is Pass ! 		----- 23.6613016 Sec.
2025/07/08 14:12:31 [1]	DUT Test Completed !        ----- 23.7132699 Sec.
2025/07/08 14:12:31 [1]	Execute Phase 22 Test.
2025/07/08 14:12:31 [1]	Do @STEP061@set LED ALL OFF
2025/07/08 14:12:31 [1]	Run NBLE008-130:LED ALL OFF	Mode: 1, Retry: 3
[14:12:31.706][DUT] [LED ALL OFF]++
2025/07/08 14:12:31 [1]	(UART) > diag -s led g off

2025/07/08 14:12:31 [1]	(UART) < diag -s led g off
diag: set status led g off done
root@NOKIA360Camera-WE251300012:/root$ 
root@NOKIA360Camera-WE251300012:/root$ 
[14:12:31.740][DUT] [LED ALL OFF]--
2025/07/08 14:12:31 [1]	[DUT] [LED ALL OFF] ~~ TestTime:0.0353339 sec
2025/07/08 14:12:31 [1]	Run NBLE008-131:LED ALL OFF	Mode: 1, Retry: 3
[14:12:31.740][DUT] [LED ALL OFF]++
2025/07/08 14:12:31 [1]	(UART) > diag -s led o off

2025/07/08 14:12:31 [1]	(UART) < diag -s led o off
diag: set status led o off done
root@NOKIA360Camera-WE251300012:/root$ 
root@NOKIA360Came
[14:12:31.770][DUT] [LED ALL OFF]--
2025/07/08 14:12:31 [1]	[DUT] [LED ALL OFF] ~~ TestTime:0.03031 sec
2025/07/08 14:12:31 [1]	NBLE008-131:@STEP061@set LED ALL OFF Test is Pass ! 		----- 0.0684232 Sec.
2025/07/08 14:12:31 [1]	Do @STEP062@Check  LED Light up
2025/07/08 14:12:31 [1]	Run NBLE008-132:Set LED Green ON	Mode: 1, Retry: 3
[14:12:31.826][DUT] [Set LED Green ON]++
2025/07/08 14:12:31 [1]	(UART) > diag -s led g on

2025/07/08 14:12:31 [1]	(UART) < diag -s led g on
diag: set status led g on done
root@NOKIA360Camera-WE251300012:/root$ 
root@NOKIA360Camera-WE251300012:/root$ 
[14:12:31.862][DUT] [Set LED Green ON]--
2025/07/08 14:12:31 [1]	[DUT] [Set LED Green ON] ~~ TestTime:0.0397804 sec
2025/07/08 14:12:31 [1]	Run NBLE008-133:Pop window	Mode: 2, Retry: 3
[14:12:31.863][PC] [Pop window]++
2025/07/08 14:12:31 [1]	> :ShowConfirmBox,"是否亮綠燈 ？","YES;NO"
2025/07/08 14:12:39 [1]	< YES
[14:12:39.796][PC] [Pop window]--
2025/07/08 14:12:39 [1]	[PC] [Pop window] ~~ TestTime:7.9328717 sec
2025/07/08 14:12:39 [1]	Run NBLE008-134:Set LED Orange ON	Mode: 1, Retry: 3
[14:12:39.799][DUT] [Set LED Orange ON]++
2025/07/08 14:12:39 [1]	(UART) > diag -s led g off

2025/07/08 14:12:39 [1]	(UART) < diag -s led g off
diag: set status led g off done
root@NOKIA360Camera-WE251300012:/root$ 
root@NOKIA360Camera-WE251300012:/root$ 
[14:12:39.834][DUT] [Set LED Orange ON]--
2025/07/08 14:12:39 [1]	[DUT] [Set LED Orange ON] ~~ TestTime:0.0349022 sec
2025/07/08 14:12:39 [1]	Run NBLE008-135:LED ALL OFF	Mode: 1, Retry: 3
[14:12:39.836][DUT] [LED ALL OFF]++
2025/07/08 14:12:39 [1]	(UART) > diag -s led o on

2025/07/08 14:12:39 [1]	(UART) < diag -s led o on
diag: set status led o on done
root@NOKIA360Camera-WE251300012:/root$ 
root@NOKIA360Camera-WE251300012:/root$ 
[14:12:39.865][DUT] [LED ALL OFF]--
2025/07/08 14:12:39 [1]	[DUT] [LED ALL OFF] ~~ TestTime:0.0306526 sec
2025/07/08 14:12:39 [1]	Run NBLE008-136:Pop window	Mode: 2, Retry: 3
[14:12:39.867][PC] [Pop window]++
2025/07/08 14:12:39 [1]	> :ShowConfirmBox,"是否亮紅燈 ？","YES;NO"
2025/07/08 14:12:40 [1]	< YES
[14:12:40.564][PC] [Pop window]--
2025/07/08 14:12:40 [1]	[PC] [Pop window] ~~ TestTime:0.6969868 sec
2025/07/08 14:12:40 [1]	Run NBLE008-137:LED ALL OFF	Mode: 1, Retry: 3
[14:12:40.568][DUT] [LED ALL OFF]++
2025/07/08 14:12:40 [1]	(UART) > diag -s led g off

2025/07/08 14:12:40 [1]	(UART) < diag -s led g off
diag: set status led g off done
root@NOKIA360Camera-WE251300012:/root$ 
root@NOKIA360Camera-WE251300012:/root$ 
[14:12:40.601][DUT] [LED ALL OFF]--
2025/07/08 14:12:40 [1]	[DUT] [LED ALL OFF] ~~ TestTime:0.0332709 sec
2025/07/08 14:12:40 [1]	Run NBLE008-138:LED ALL OFF	Mode: 1, Retry: 3
[14:12:40.602][DUT] [LED ALL OFF]++
2025/07/08 14:12:40 [1]	(UART) > diag -s led o off

2025/07/08 14:12:40 [1]	(UART) < diag -s led o off
diag: set status led o off done
root@NOKIA360Camera-WE251300012:/root$ 
root@NOKIA360Camera-WE2513
[14:12:40.630][DUT] [LED ALL OFF]--
2025/07/08 14:12:40 [1]	[DUT] [LED ALL OFF] ~~ TestTime:0.0294754 sec
2025/07/08 14:12:40 [1]	Run NBLE008-139:Pop window	Mode: 2, Retry: 3
[14:12:40.632][PC] [Pop window]++
2025/07/08 14:12:40 [1]	> :ShowConfirmBox,"是否燈熄滅 ？","YES;NO"
2025/07/08 14:12:41 [1]	< YES
[14:12:41.731][PC] [Pop window]--
2025/07/08 14:12:41 [1]	[PC] [Pop window] ~~ TestTime:1.0987004 sec
2025/07/08 14:12:41 [1]	NBLE008-139:@STEP062@Check  LED Light up Test is Pass ! 		----- 9.9069761 Sec.
2025/07/08 14:12:41 [1]	DUT Test Completed !        ----- 10.0831012 Sec.
2025/07/08 14:12:41 [1]	All Test Completed !        ----- 138.4743877 Sec.
2025/07/08 14:12:41 [1]	TotalCount:3-YR:33%
2025/07/08 14:12:41 [1]	Report name: Funtion_WE33_2025-07-08_14-12-41.ct
2025/07/08 14:12:41 [1]	Execute Phase 97 Test.
2025/07/08 14:12:41 [1]	Do @STEP064@Disconnect UART
2025/07/08 14:12:41 [1]	Run B7PL025-140:Disconnect UART	Mode: 3, Retry: 3
[14:12:41.899][PC] [Disconnect UART]++
2025/07/08 14:12:41 [1]	> :Disconnect,"UART"
2025/07/08 14:12:41 [1]	< 0
[14:12:41.957][PC] [Disconnect UART]--
2025/07/08 14:12:41 [1]	[PC] [Disconnect UART] ~~ TestTime:0.0574865 sec
2025/07/08 14:12:41 [1]	Run B7PL025-141:Close SSH	Mode: 3, Retry: 3
[14:12:41.957][PC] [Close SSH]++
2025/07/08 14:12:41 [1]	> :Disconnect,"UARTF"
2025/07/08 14:12:41 [1]	< 0
[14:12:41.964][PC] [Close SSH]--
2025/07/08 14:12:41 [1]	[PC] [Close SSH] ~~ TestTime:0.0070111 sec
2025/07/08 14:12:41 [1]	B7PL025-141:@STEP064@Disconnect UART Test is Pass ! 		----- 0.0644976 Sec.
2025/07/08 14:12:41 [1]	Change color at 97 phase... Status:True... Error:PASS
2025/07/08 14:12:41 [1]	All phase Total Test Time !        ----- 139.0476378 Sec.
2025/07/08 14:12:41 [1]	DUT Test Completed !        ----- 0.1313531 Sec.
