2025/08/07 09:10:01 [1]	System Version is 1.1.8.64.
2025/08/07 09:10:01 [1]	Script File is VALO360_TestFlow_20250407_Function.xlsx.
2025/08/07 09:10:01 [1]	Script Version is 2508061510160.
2025/08/07 09:10:01 [1]	Script Creator is jovian_li.
2025/08/07 09:10:01 [1]	Utility Version is 1.0.9.21.
2025/08/07 09:10:01 [1]	DeviceID is 125313.
2025/08/07 09:10:01 [1]	SFIS is off.
2025/08/07 09:10:01 [1]	MiniCloud2 is on.
2025/08/07 09:10:01 [1]	FTP is off.
2025/08/07 09:10:01 [1]	Active IPs:
乙太網路:[6CB311319DBC]#192.168.11.3#
DUT:[6CB311319DBD]#169.254.30.167#
sfis:[FC34973B7871]#10.197.60.68#
2025/08/07 09:10:01 [1]	Script has 1 phase cases
2025/08/07 09:10:01 [1]	Script has 97 phase cases
2025/08/07 09:10:01 [1]	QCODE: (1P) HWNDUSES1096;;(S) WE253100002;;(18V) 18VLENOK;;(10D) 250730;;(4L) MADE IN TAIWAN
****************************************************************************************************
2025/08/07 09:10:01 [1]	Execute Phase 0 Test.
2025/08/07 09:10:01 [1]	Do @STEP002@Get Qcode info FOR PEGA
2025/08/07 09:10:01 [1]	Run ITIF013-000:Compare Qrcode USER	Mode: 1, Retry: 3
2025/08/07 09:10:01 [1]	> :GetVal,"$QCODE"
2025/08/07 09:10:01 [1]	< (1P) HWNDUSES1096;;(S) WE253100002;;(18V) 18VLENOK;;(10D) 250730;;(4L) MADE IN TAIWAN
2025/08/07 09:10:01 [1]	WithinString: WE253100002
2025/08/07 09:10:01 [1]	Compare Qrcode USER Result: SSN=WE253100002
2025/08/07 09:10:01 [1]	CurrentTestID:ITIF013-0000 - The validation: SSN = WE253100002 (@WE,)
2025/08/07 09:10:01 [1]	ITIF013-000:@STEP002@Get Qcode info FOR PEGA Test is Pass ! 		----- 0.009647 Sec.
2025/08/07 09:10:01 [1]	Do @STEP003@READ ME
2025/08/07 09:10:01 [1]	Run B7PL025-002:SET DEFAULT N3C2401C	Mode: 1, Retry: 3
2025/08/07 09:10:01 [1]	> :SetVal,"$G_VALO360_MODEL","N3C2401C"
2025/08/07 09:10:02 [1]	< 0
2025/08/07 09:10:02 [1]	Run B7PL025-003:GET DEFAULT VALUE	Mode: 1, Retry: 3
2025/08/07 09:10:02 [1]	> :GetVal,"$G_VALO360_MODEL"
2025/08/07 09:10:02 [1]	< N3C2401C
2025/08/07 09:10:02 [1]	Run B7PL025-004:Disconnect UART	Mode: 3, Retry: 3
[09:10:02.006][PC] [Disconnect UART]++
2025/08/07 09:10:02 [1]	> :Disconnect,"UART"
2025/08/07 09:10:02 [1]	< 0
[09:10:02.016][PC] [Disconnect UART]--
2025/08/07 09:10:02 [1]	[PC] [Disconnect UART] ~~ TestTime:0.0099975 sec
2025/08/07 09:10:02 [1]	Run B7PL025-005:Disconnect UARTF	Mode: 3, Retry: 3
[09:10:02.016][PC] [Disconnect UARTF]++
2025/08/07 09:10:02 [1]	> :Disconnect,"UARTF"
2025/08/07 09:10:02 [1]	< 0
[09:10:02.016][PC] [Disconnect UARTF]--
2025/08/07 09:10:02 [1]	[PC] [Disconnect UARTF] ~~ TestTime:0 sec
2025/08/07 09:10:02 [1]	Run OTFX079-006:Open UART	Mode: 2, Retry: 3
2025/08/07 09:10:02 [1]	> :Connect,"UARTF"
2025/08/07 09:10:02 [1]	< 0
2025/08/07 09:10:02 [1]	OTFX079-006:@STEP003@READ ME Test is Pass ! 		----- 0.1402852 Sec.
2025/08/07 09:10:02 [1]	DUT Test Completed !        ----- 0.1599206 Sec.
2025/08/07 09:10:02 [1]	Execute Phase 1 Test.
2025/08/07 09:10:02 [1]	Do @STEP005@CheckRoute
2025/08/07 09:10:02 [1]	Run B7PL025-007:Show SSN  to UI	Mode: 0, Retry: 3
[09:10:02.236][PC] [Show SSN  to UI]++
2025/08/07 09:10:02 [1]	> :ShowISN,"WE253100002"
2025/08/07 09:10:02 [1]	< 0
[09:10:02.245][PC] [Show SSN  to UI]--
2025/08/07 09:10:02 [1]	[PC] [Show SSN  to UI] ~~ TestTime:0.0096335 sec
2025/08/07 09:10:02 [1]	B7PL025-007:@STEP005@CheckRoute Test is Pass ! 		----- 0.0096335 Sec.
2025/08/07 09:10:02 [1]	Do @STEP006@GETSSN
2025/08/07 09:10:02 [1]	:@STEP006@GETSSN Test is Pass ! 		----- 0 Sec.
2025/08/07 09:10:02 [1]	Do @STEP007@GET sfisHW
2025/08/07 09:10:02 [1]	:@STEP007@GET sfisHW Test is Pass ! 		----- 0 Sec.
2025/08/07 09:10:02 [1]	Do @STEP008@GET sfisSKU
2025/08/07 09:10:02 [1]	:@STEP008@GET sfisSKU Test is Pass ! 		----- 0 Sec.
2025/08/07 09:10:02 [1]	Do @STEP009@GET sfisETH MAC
2025/08/07 09:10:02 [1]	:@STEP009@GET sfisETH MAC Test is Pass ! 		----- 0 Sec.
2025/08/07 09:10:02 [1]	Do @STEP010@GET sfisIVKEY
2025/08/07 09:10:02 [1]	Pop window skips by ExecMode = 6.
2025/08/07 09:10:02 [1]	:@STEP010@GET sfisIVKEY Test is Pass ! 		----- 0 Sec.
2025/08/07 09:10:02 [1]	Do @STEP011@GET sfisMOKP_SN
2025/08/07 09:10:02 [1]	:@STEP011@GET sfisMOKP_SN Test is Pass ! 		----- 0 Sec.
2025/08/07 09:10:02 [1]	DUT Test Completed !        ----- 0.0496109 Sec.
2025/08/07 09:10:02 [1]	Execute Phase 2 Test.
2025/08/07 09:10:02 [1]	Do @STEP013@Check Valo360 model
2025/08/07 09:10:02 [1]	Run B7PL025-018:Chack Custom data	Mode: 1, Retry: 3
2025/08/07 09:10:02 [1]	> :GetVal,"$G_VALO360_MODEL"
2025/08/07 09:10:02 [1]	< N3C2401C
2025/08/07 09:10:02 [1]	B7PL025-018:@STEP013@Check Valo360 model Test is Pass ! 		----- 0 Sec.
2025/08/07 09:10:02 [1]	Do @STEP014@SET iplus Modelname_Valo360_5G
2025/08/07 09:10:02 [1]	Run B7PL025-019:Chack Custom data	Mode: 4, Retry: 3
2025/08/07 09:10:02 [1]	> :GetVal,"$G_VALO360_MODEL"
2025/08/07 09:10:02 [1]	< N3C2401C
2025/08/07 09:10:02 [1]	Run B7PL025-020:Set Iplus modename	Mode: 1, Retry: 3
2025/08/07 09:10:02 [1]	> :SetModelName,"N3C2401C"
2025/08/07 09:10:02 [1]	< N3C2401C
2025/08/07 09:10:02 [1]	Run B7PL025-021:Get Iplus modename	Mode: 1, Retry: 3
2025/08/07 09:10:02 [1]	> :GetModelName
2025/08/07 09:10:02 [1]	< N3C2401C
2025/08/07 09:10:02 [1]	Run B7PL025-022:WaitBoot	Mode: 1, Retry: 3
2025/08/07 09:10:02 [1]	> :Delay,"0"
2025/08/07 09:10:02 [1]	< 0
2025/08/07 09:10:02 [1]	B7PL025-022:@STEP014@SET iplus Modelname_Valo360_5G Test is Pass ! 		----- 0.0099663 Sec.
2025/08/07 09:10:02 [1]	Do @STEP015@SET iplus Modelname_Valo360_WIFI
2025/08/07 09:10:02 [1]	Run B7PL025-023:Chack Custom data	Mode: 4, Retry: 3
2025/08/07 09:10:02 [1]	> :GetVal,"$G_VALO360_MODEL"
2025/08/07 09:10:02 [1]	< N3C2401C
2025/08/07 09:10:02 [1]	Run B7PL025-026:WaitBoot	Mode: 1, Retry: 3
2025/08/07 09:10:02 [1]	> :Delay,"0"
2025/08/07 09:10:02 [1]	< 0
2025/08/07 09:10:02 [1]	B7PL025-026:@STEP015@SET iplus Modelname_Valo360_WIFI Test is Pass ! 		----- 0.0099677 Sec.
2025/08/07 09:10:02 [1]	Do @STEP016@SET iplus Modelname_Valo360_noBattery
2025/08/07 09:10:02 [1]	Run B7PL025-027:Chack Custom data	Mode: 4, Retry: 3
2025/08/07 09:10:02 [1]	> :GetVal,"$N3C2401NB"
2025/08/07 09:10:02 [1]	< Not Found
2025/08/07 09:10:02 [1]	Run B7PL025-030:WaitBoot	Mode: 1, Retry: 3
2025/08/07 09:10:02 [1]	> :Delay,"0"
2025/08/07 09:10:02 [1]	< 0
2025/08/07 09:10:02 [1]	Pop window skips by ExecMode = 6.
2025/08/07 09:10:02 [1]	B7PL025-030:@STEP016@SET iplus Modelname_Valo360_noBattery Test is Pass ! 		----- 0.0099955 Sec.
2025/08/07 09:10:02 [1]	DUT Test Completed !        ----- 0.0596646 Sec.
2025/08/07 09:10:02 [1]	Execute Phase 3 Test.
2025/08/07 09:10:02 [1]	Do @STEP018@Login
2025/08/07 09:10:02 [1]	Run OTFX079-032:Open UART	Mode: 2, Retry: 3
2025/08/07 09:10:02 [1]	> :Connect,"UARTF"
2025/08/07 09:10:02 [1]	< 0
2025/08/07 09:10:02 [1]	Run B7PL025-033:Power ON	Mode: 0, Retry: 3
[09:10:02.555][FIXTURE] [Power ON]++
2025/08/07 09:10:02 [1]	(UARTF) > G

2025/08/07 09:10:02 [1]	(UARTF) < 
[09:10:02.555][FIXTURE] [Power ON]--
2025/08/07 09:10:02 [1]	[FIXTURE] [Power ON] ~~ TestTime:0 sec
2025/08/07 09:10:02 [1]	Run B7PL025-034:Wait Boot	Mode: 1, Retry: 3
2025/08/07 09:10:02 [1]	> :Delay,"1000"
2025/08/07 09:10:03 [1]	< 0
2025/08/07 09:10:03 [1]	Run OTFX079-035:PC##Ping Ethernet Test	Mode: 2, Retry: 3
2025/08/07 09:10:03 [1]	> :Utility.PING,"192.168.11.143","70000","192.168.11.3"
2025/08/07 09:10:40 [1]	< 
2025/08/07 09:10:40 [1]	< 0
2025/08/07 09:10:40 [1]	Run OTFX079-036:Wait	Mode: 1, Retry: 3
[09:10:40.778][PC] [Wait]++
2025/08/07 09:10:40 [1]	> :Delay,"2000"
2025/08/07 09:10:42 [1]	< 0
[09:10:42.788][PC] [Wait]--
2025/08/07 09:10:42 [1]	[PC] [Wait] ~~ TestTime:2.0093239 sec
2025/08/07 09:10:42 [1]	OTFX079-036:@STEP018@Login Test is Pass ! 			----- 40.2324341 Sec.
2025/08/07 09:10:42 [1]	Do @STEP019@check bootup
2025/08/07 09:10:42 [1]	Run OTFX079-037:Open UART	Mode: 0, Retry: 3
2025/08/07 09:10:42 [1]	> :Connect,"UART"
2025/08/07 09:10:42 [1]	< 0
2025/08/07 09:10:42 [1]	Run OTFX079-038:Wait	Mode: 1, Retry: 3
[09:10:42.928][PC] [Wait]++
2025/08/07 09:10:42 [1]	> :Delay,"10000"
2025/08/07 09:10:52 [1]	< 0
[09:10:52.934][PC] [Wait]--
2025/08/07 09:10:52 [1]	[PC] [Wait] ~~ TestTime:10.0058028 sec
2025/08/07 09:10:52 [1]	Run OTFX079-039:Check Boot	Mode: 2, Retry: 3
[09:10:52.934][DUT] [Check Boot]++
2025/08/07 09:10:52 [1]	(UART) > 

2025/08/07 09:10:52 [1]	(UART) < 
root@NOKIA360Camera-Valo360:/root$ 
root@NOKIA360Camera-Valo360:/root$ 
[09:10:52.964][DUT] [Check Boot]--
2025/08/07 09:10:52 [1]	[DUT] [Check Boot] ~~ TestTime:0.0300039 sec
2025/08/07 09:10:52 [1]	OTFX079-039:@STEP019@check bootup Test is Pass ! 		----- 10.1660654 Sec.
2025/08/07 09:10:52 [1]	DUT Test Completed !        ----- 50.4178372 Sec.
2025/08/07 09:10:53 [1]	Execute Phase 4 Test.
2025/08/07 09:10:53 [1]	Do @STEP021@Check FW version
2025/08/07 09:10:53 [1]	Run B7PL025-040:Open UART	Mode: 1, Retry: 3
[09:10:53.063][PC] [Open UART]++
2025/08/07 09:10:53 [1]	> :Connect,"UART"
2025/08/07 09:10:53 [1]	< 0
[09:10:53.063][PC] [Open UART]--
2025/08/07 09:10:53 [1]	[PC] [Open UART] ~~ TestTime:0 sec
2025/08/07 09:10:53 [1]	Run B7PL025-041:BOOT UP OK	Mode: 2, Retry: 3
[09:10:53.063][PC] [BOOT UP OK]++
2025/08/07 09:10:53 [1]	(UART) > 

2025/08/07 09:10:53 [1]	(UART) < 
root@NOKIA360Camera-Valo360:/root$ 
root@NOKIA360Camera-Valo360:/root$ 
[09:10:53.103][PC] [BOOT UP OK]--
2025/08/07 09:10:53 [1]	[PC] [BOOT UP OK] ~~ TestTime:0.0402914 sec
2025/08/07 09:10:53 [1]	Run B7PL025-042:Wait	Mode: 0, Retry: 3
2025/08/07 09:10:53 [1]	> :Delay,"5000"
2025/08/07 09:10:58 [1]	< 0
2025/08/07 09:10:58 [1]	Run VSCH026-043:Chec Frimware version	Mode: 0, Retry: 3
[09:10:58.112][DUT] [Chec Frimware version]++
2025/08/07 09:10:58 [1]	(UART) > pegacmd version

2025/08/07 09:10:58 [1]	(UART) < pegacmd version
0.5.4.37.0_b5838c4
root@NOKIA360Camera-Valo360:/root$ 
root@NOKIA360Camera-Valo360:/root$ 
[09:10:58.171][DUT] [Chec Frimware version]--
2025/08/07 09:10:58 [1]	[DUT] [Chec Frimware version] ~~ TestTime:0.0596153 sec
2025/08/07 09:10:58 [1]	Run IOET151-044:Check ETH LINK status	Mode: 1, Retry: 3
[09:10:58.171][PC] [Check ETH LINK status]++
2025/08/07 09:10:58 [1]	(UART) > diag -g status eth0

2025/08/07 09:10:59 [1]	(UART) < diag -g status eth0
link: up
duplex: full
speed: 1000
root@NOKIA360Camera-Valo360:/root$ 
root@NOKIA360Camera-Valo360:/root$ AT+CFUN=5
OK

[09:10:59.191][PC] [Check ETH LINK status]--
2025/08/07 09:10:59 [1]	[PC] [Check ETH LINK status] ~~ TestTime:1.0198073 sec
2025/08/07 09:10:59 [1]	Run B7PL025-045:Wait	Mode: 0, Retry: 3
[09:10:59.191][PC] [Wait]++
2025/08/07 09:10:59 [1]	> :Delay,"0"
2025/08/07 09:10:59 [1]	< 0
[09:10:59.191][PC] [Wait]--
2025/08/07 09:10:59 [1]	[PC] [Wait] ~~ TestTime:0 sec
2025/08/07 09:10:59 [1]	B7PL025-045:@STEP021@Check FW version Test is Pass ! 		----- 6.1281642 Sec.
2025/08/07 09:10:59 [1]	DUT Test Completed !        ----- 6.1379367 Sec.
2025/08/07 09:10:59 [1]	Execute Phase 5 Test.
2025/08/07 09:10:59 [1]	Do @STEP023@SET Product_SKU
2025/08/07 09:10:59 [1]	Run B7PL025-046:Check SFIS Enabled	Mode: 4, Retry: 3
2025/08/07 09:10:59 [1]	> :SfEnabled
2025/08/07 09:10:59 [1]	< 0
2025/08/07 09:10:59 [1]	Run B7PL025-050:Wait	Mode: 0, Retry: 3
[09:10:59.311][PC] [Wait]++
2025/08/07 09:10:59 [1]	> :Delay,"0"
2025/08/07 09:10:59 [1]	< 0
[09:10:59.311][PC] [Wait]--
2025/08/07 09:10:59 [1]	[PC] [Wait] ~~ TestTime:0 sec
2025/08/07 09:10:59 [1]	B7PL025-050:@STEP023@SET Product_SKU Test is Pass ! 		----- 0 Sec.
2025/08/07 09:10:59 [1]	DUT Test Completed !        ----- 0.0196419 Sec.
2025/08/07 09:10:59 [1]	Execute Phase 6 Test.
2025/08/07 09:10:59 [1]	Do @STEP025@CHECK  BATTERY
2025/08/07 09:10:59 [1]	Run OTFX076-051:Check SKU	Mode: 4, Retry: 3
[09:10:59.431][DUT] [Check SKU]++
2025/08/07 09:10:59 [1]	(UART) > diag -g sku

2025/08/07 09:11:01 [1]	(UART) < diag -g sku
diag: sku N3C2401C
root@NOKIA360Camera-Valo360:/root$ 
root@NOKIA360Camera-Valo360:/root$ finding /mnt/sd//mnt/sd/test5g_compare.txt

[09:11:01.440][DUT] [Check SKU]--
2025/08/07 09:11:01 [1]	[DUT] [Check SKU] ~~ TestTime:2.0092545 sec
2025/08/07 09:11:01 [1]	Run B7PL025-052:Disable Battery shiping mode	Mode: 1, Retry: 3
[09:11:01.440][PC] [Disable Battery shiping mode]++
2025/08/07 09:11:01 [1]	(UART) > kill_processor.sh monitoring-shutdown.sh

2025/08/07 09:11:01 [1]	(UART) < kill_processor.sh monitoring-shutdown.sh
Killed
root@NOKIA360Camera-Valo360:/root$ 
root@NOKIA360Camera-Valo360:/root$ 
[09:11:01.500][PC] [Disable Battery shiping mode]--
2025/08/07 09:11:01 [1]	[PC] [Disable Battery shiping mode] ~~ TestTime:0.0599312 sec
2025/08/07 09:11:01 [1]	Run B7PL025-053:Disable Battery limit on 55%	Mode: 1, Retry: 3
[09:11:01.500][PC] [Disable Battery limit on 55%]++
2025/08/07 09:11:01 [1]	(UART) > echo 0 > /sys/bus/i2c/devices/14-0055/charger_monitor_perc

2025/08/07 09:11:01 [1]	(UART) < echo 0 > /sys/bus/i2c/devices/14-0055/charger
_monitor_perc
root@NOKIA360Camera-Valo360:/root$ 
root@NOKIA360Camera-Valo360:/root$ 
[09:11:01.560][PC] [Disable Battery limit on 55%]--
2025/08/07 09:11:01 [1]	[PC] [Disable Battery limit on 55%] ~~ TestTime:0.0600074 sec
2025/08/07 09:11:01 [1]	Run B7PL025-054:HW ASK Wait battery stable	Mode: 0, Retry: 3
[09:11:01.560][PC] [HW ASK Wait battery stable]++
2025/08/07 09:11:01 [1]	> :Delay,"20000"
2025/08/07 09:11:21 [1]	< 0
[09:11:21.572][PC] [HW ASK Wait battery stable]--
2025/08/07 09:11:21 [1]	[PC] [HW ASK Wait battery stable] ~~ TestTime:20.0120297 sec
2025/08/07 09:11:21 [1]	Run IPIO006-055:read Battery info	Mode: 1, Retry: 3
[09:11:21.572][DUT] [read Battery info]++
2025/08/07 09:11:21 [1]	(UART) > cat /sys/bus/i2c/devices/2-0009/cmpout_gpio

2025/08/07 09:11:26 [1]	(UART) < cat /sys/bus/i2c/devices/2-0009/cmpout_gpio
0
root@NOKIA360Camera-Valo360:/root$ 
root@NOKIA360Camera-Valo360:/root$ [   69.053166] bq24780-charger 2-0009: gauge not yet initialized!

[09:11:26.581][DUT] [read Battery info]--
2025/08/07 09:11:26 [1]	[DUT] [read Battery info] ~~ TestTime:5.0084921 sec
2025/08/07 09:11:26 [1]	Run IPIO006-056:read Battery info	Mode: 1, Retry: 3
[09:11:26.581][DUT] [read Battery info]++
2025/08/07 09:11:26 [1]	(UART) > cat /sys/bus/i2c/devices/14-0055/registers


2025/08/07 09:11:31 [1]	(UART) < cat /sys/bus/i2c/devices/14-0055/registers

============ showing gauge bq28z610-0 registers ============
[0x06][ R ]Temperature          = 0x001B(   27)??C
[0x08][ R ]Voltage              = 0x1D96( 7574)mV
[0x0A][ R ]Battery Status       = 0x0080(  128)Chk Spec.
[0x0C][ R ]Current              = 0x013B(  315)mA
[0x10][ R ]Remaining Capacity   = 0x064F( 1615)mA
[0x12][ R ]Full Charge Capacity = 0x0BA7( 2983)mA
[0x14][ R ]Average Current      = 0x040A( 1034)mA
[0x16][ R ]Time To Empty        = 0xFFFF(65535)min
[0x18][ R ]Time To Full         = 0x0094(  148)min
[0x28][ R ]Internal Temperature = 0x001D(   29)??C
[0x2A][ R ]Cycle Count          = 0x0001(    1)times
[0x2C][ R ]State Of Charge      = 0x0037(   55)%
[0x2E][ R ]State Of Health      = 0x0064(  100)%
[0x30][ R ]Charging Voltage     = 0x203A( 8250)mV
[0x32][ R ]Charging Current     = 0x06A4( 1700)mA
[0x3C][ R ]Design Capacity      = 0x0B54( 2900)mA
root@NOKIA360Camera-Valo360:/root$ 
root@NOKIA360Camera-Valo360:/root$ 
root@NOKIA360Camera-Valo360:/root$ [   73.133160] bq24780-charger 2-0009: gauge not yet initialized!

[09:11:31.588][DUT] [read Battery info]--
2025/08/07 09:11:31 [1]	[DUT] [read Battery info] ~~ TestTime:5.0077489 sec
2025/08/07 09:11:31 [1]	Run B7PL025-057:Wait	Mode: 0, Retry: 3
[09:11:31.588][PC] [Wait]++
2025/08/07 09:11:31 [1]	> :Delay,"1000"
2025/08/07 09:11:32 [1]	< 0
[09:11:32.598][PC] [Wait]--
2025/08/07 09:11:32 [1]	[PC] [Wait] ~~ TestTime:1.0094696 sec
2025/08/07 09:11:32 [1]	Run IPIO009-058:Check Battery_tempture	Mode: 1, Retry: 3
[09:11:32.598][PC] [Check Battery_tempture]++
2025/08/07 09:11:32 [1]	(UART) > diag -g temp bat

2025/08/07 09:11:37 [1]	(UART) < diag -g temp bat
27
root@NOKIA360Camera-Valo360:/root$ 
root@NOKIA360Camera-Valo360:/root$ 
2025/08/07 09:11:37 [1]	Check Battery_tempture Result: gBattery_tempture=27
2025/08/07 09:11:37 [1]	CurrentTestID:IPIO009-0580 - The validation: gBattery_tempture = 27 (10,50)
[09:11:37.606][PC] [Check Battery_tempture]--
2025/08/07 09:11:37 [1]	[PC] [Check Battery_tempture] ~~ TestTime:5.0080724 sec
2025/08/07 09:11:37 [1]	Run IPIO008-059:Check Battery_voltage	Mode: 1, Retry: 3
[09:11:37.606][PC] [Check Battery_voltage]++
2025/08/07 09:11:37 [1]	(UART) > diag -g voltage bat

2025/08/07 09:11:42 [1]	(UART) < diag -g voltage bat
7686
root@NOKIA360Camera-Valo360:/root$ 
root@NOKIA360Camera-Valo360:/root$ 
2025/08/07 09:11:42 [1]	Check Battery_voltage Result: gBattery_voltage=7686
2025/08/07 09:11:42 [1]	CurrentTestID:IPIO008-0590 - The validation: gBattery_voltage = 7686 (6000,8500)
[09:11:42.614][PC] [Check Battery_voltage]--
2025/08/07 09:11:42 [1]	[PC] [Check Battery_voltage] ~~ TestTime:5.0081156 sec
2025/08/07 09:11:42 [1]	Run IPIO006-060:Check Battery_percent	Mode: 1, Retry: 3
[09:11:42.614][PC] [Check Battery_percent]++
2025/08/07 09:11:42 [1]	(UART) > diag -g bat percent

2025/08/07 09:11:47 [1]	(UART) < diag -g bat percent
55
root@NOKIA360Camera-Valo360:/root$ 
root@NOKIA360Camera-Valo360:/root$ 
2025/08/07 09:11:47 [1]	Check Battery_percent Result: gBattery_percent=55
2025/08/07 09:11:47 [1]	CurrentTestID:IPIO006-0600 - The validation: gBattery_percent = 55 (1,100)
[09:11:47.621][PC] [Check Battery_percent]--
2025/08/07 09:11:47 [1]	[PC] [Check Battery_percent] ~~ TestTime:5.0073351 sec
2025/08/07 09:11:47 [1]	Run B7PL025-061:Wait	Mode: 0, Retry: 3
[09:11:47.621][PC] [Wait]++
2025/08/07 09:11:47 [1]	> :Delay,"1000"
2025/08/07 09:11:48 [1]	< 0
[09:11:48.631][PC] [Wait]--
2025/08/07 09:11:48 [1]	[PC] [Wait] ~~ TestTime:1.0094689 sec
2025/08/07 09:11:48 [1]	B7PL025-061:@STEP025@CHECK  BATTERY Test is Pass ! 		----- 49.1999254 Sec.
2025/08/07 09:11:48 [1]	DUT Test Completed !        ----- 49.2096209 Sec.
2025/08/07 09:11:48 [1]	Execute Phase 7 Test.
2025/08/07 09:11:48 [1]	Do @STEP027@GET BT MAC
2025/08/07 09:11:48 [1]	Run BTBT018-062:BT init	Mode: 1, Retry: 3
[09:11:48.750][DUT] [BT init]++
2025/08/07 09:11:48 [1]	(UART) > bt_init

2025/08/07 09:11:55 [1]	(UART) < bt_init
{[9][]}
killall: brcm_patchram_plus: no process killed
gpio 201 = 0
gpio 201 = 1
BT reinit
{[1][]}
{[2][]}
{[3][]}
{[4][]}
{[5][]}
Done setting line discpline
{[6][Done setting line discpline]}
BT init succeeds
root@NOKIA36
[09:11:55.679][DUT] [BT init]--
2025/08/07 09:11:55 [1]	[DUT] [BT init] ~~ TestTime:6.9286009 sec
2025/08/07 09:11:55 [1]	BTBT018-062:@STEP027@GET BT MAC Test is Pass ! 		----- 6.9286009 Sec.
2025/08/07 09:11:55 [1]	Do @STEP028@GET CHIP SN
2025/08/07 09:11:55 [1]	Run IPIO024-064:get MicroChip SN	Mode: 1, Retry: 3
[09:11:55.689][DUT] [get MicroChip SN]++
2025/08/07 09:11:55 [1]	(UART) > cryptoauth_test sernum

2025/08/07 09:11:56 [1]	(UART) < cryptoauth_test sernum
bluetoothd[1123]: Endpoint registered: sender=:1.1 path=/org/bluez/hci0/A2DP/SBC/source/1
bluetoothd[1123]: Endpoint registered: sender=:1.1 path=/org/bluez/hci0/A2DP/SBC/sink/2
bluetoothd[1123]: Endpoint registered: sender=:1.1 path=/org/bluez/hci0/A2DP/SBC/source/2
bluetoothd[1123]: Endpoint registered: sende[  101.203864] nvt_i2c 2f014f000.i2c: i2c_nvtim_xfer_msg(773) NACK!
r=:1.1 path=/org/bluez/hci0/A2DP/SBC/sink/1
bluetoothd[1123]: F[  101.211865] nvt_i2c 2f014f000.i2c: i2c_nvtim_rst_module: staus 0x10000000
ailed to set privacy: Rejected (0x0b)

[  101.246248] nvt_i2c 2f014f000.i2c: i2c_nvtim_xfer_msg(773) NACK!
[  101.252286] nvt_i2c 2f014f000.i2c: i2c_nvtim_rst_module: staus 0x10000000
serial number:
01 23 26 6C EB E3 A9 28 01

root@NOKIA360Camera-Valo360:/root$ 
root@NOKIA360Camera-Valo360:/root$ 
2025/08/07 09:11:56 [1]	WithinString: 0123266CEBE3A92801
2025/08/07 09:11:56 [1]	get MicroChip SN Result: MicroChip_SN=0123266CEBE3A92801
[09:11:56.708][DUT] [get MicroChip SN]--
2025/08/07 09:11:56 [1]	[DUT] [get MicroChip SN] ~~ TestTime:1.0197866 sec
2025/08/07 09:11:56 [1]	IPIO024-064:@STEP028@GET CHIP SN Test is Pass ! 		----- 1.0197866 Sec.
2025/08/07 09:11:56 [1]	DUT Test Completed !        ----- 7.9677077 Sec.
2025/08/07 09:11:56 [1]	Execute Phase 8 Test.
2025/08/07 09:11:56 [1]	Do @STEP030@CHECK Temptrue sensor
2025/08/07 09:11:56 [1]	Run WUIF006-065:Get CAM temp s0	Mode: 1, Retry: 3
[09:11:56.808][PC] [Get CAM temp s0]++
2025/08/07 09:11:56 [1]	(UART) > diag -g temp s0

2025/08/07 09:11:57 [1]	(UART) < diag -g temp s0
27
root@NOKIA360Camera-Valo360:/root$ 
root@NOKIA360Camera-Valo360:/root$ 
2025/08/07 09:11:57 [1]	Get CAM temp s0 Result: gCAM_temp0=27
2025/08/07 09:11:57 [1]	CurrentTestID:WUIF006-0650 - The validation: gCAM_temp0 = 27 (10,50)
[09:11:57.828][PC] [Get CAM temp s0]--
2025/08/07 09:11:57 [1]	[PC] [Get CAM temp s0] ~~ TestTime:1.020171 sec
2025/08/07 09:11:57 [1]	Run WUIF007-066:Get CAM temp s1	Mode: 1, Retry: 3
[09:11:57.828][PC] [Get CAM temp s1]++
2025/08/07 09:11:57 [1]	(UART) > diag -g temp s1

2025/08/07 09:11:58 [1]	(UART) < diag -g temp s1
27
root@NOKIA360Camera-Valo360:/root$ 
root@NOKIA360Camera-Valo360:/root$ 
2025/08/07 09:11:58 [1]	Get CAM temp s1 Result: gCAM_temp1=27
2025/08/07 09:11:58 [1]	CurrentTestID:WUIF007-0660 - The validation: gCAM_temp1 = 27 (10,50)
[09:11:58.848][PC] [Get CAM temp s1]--
2025/08/07 09:11:58 [1]	[PC] [Get CAM temp s1] ~~ TestTime:1.019455 sec
2025/08/07 09:11:58 [1]	Run WUIF008-067:Get CAM temp s2	Mode: 1, Retry: 3
[09:11:58.848][PC] [Get CAM temp s2]++
2025/08/07 09:11:58 [1]	(UART) > diag -g temp s2

2025/08/07 09:11:59 [1]	(UART) < diag -g temp s2
27
root@NOKIA360Camera-Valo360:/root$ 
root@NOKIA360Camera-Valo360:/root$ 
2025/08/07 09:11:59 [1]	Get CAM temp s2 Result: gCAM_temp2=27
2025/08/07 09:11:59 [1]	CurrentTestID:WUIF008-0670 - The validation: gCAM_temp2 = 27 (10,50)
[09:11:59.867][PC] [Get CAM temp s2]--
2025/08/07 09:11:59 [1]	[PC] [Get CAM temp s2] ~~ TestTime:1.0194401 sec
2025/08/07 09:11:59 [1]	Run WUIF009-068:Get CAM temp s3	Mode: 1, Retry: 3
[09:11:59.867][PC] [Get CAM temp s3]++
2025/08/07 09:11:59 [1]	(UART) > diag -g temp s3

2025/08/07 09:12:00 [1]	(UART) < diag -g temp s3
26
root@NOKIA360Camera-Valo360:/root$ 
root@NOKIA360Camera-Valo360:/root$ 
2025/08/07 09:12:00 [1]	Get CAM temp s3 Result: gCAM_temp3=26
2025/08/07 09:12:00 [1]	CurrentTestID:WUIF009-0680 - The validation: gCAM_temp3 = 26 (10,50)
[09:12:00.887][PC] [Get CAM temp s3]--
2025/08/07 09:12:00 [1]	[PC] [Get CAM temp s3] ~~ TestTime:1.0194692 sec
2025/08/07 09:12:00 [1]	WUIF009-068:@STEP030@CHECK Temptrue sensor Test is Pass ! 		----- 4.0785353 Sec.
2025/08/07 09:12:00 [1]	Do @STEP031@only dealy
2025/08/07 09:12:00 [1]	Run OTFX157-069:Wait	Mode: 1, Retry: 3
[09:12:00.896][PC] [Wait]++
2025/08/07 09:12:00 [1]	> :Delay,"1000"
2025/08/07 09:12:01 [1]	< 0
[09:12:01.906][PC] [Wait]--
2025/08/07 09:12:01 [1]	[PC] [Wait] ~~ TestTime:1.0097566 sec
2025/08/07 09:12:01 [1]	OTFX157-069:@STEP031@only dealy Test is Pass ! 		----- 1.0097566 Sec.
2025/08/07 09:12:01 [1]	DUT Test Completed !        ----- 5.1076444 Sec.
2025/08/07 09:12:01 [1]	Execute Phase 9 Test.
2025/08/07 09:12:01 [1]	Do @STEP033@Check DisCharging
2025/08/07 09:12:01 [1]	Run OTFX076-070:Check SKU	Mode: 4, Retry: 3
[09:12:01.996][DUT] [Check SKU]++
2025/08/07 09:12:01 [1]	(UART) > diag -g sku

2025/08/07 09:12:02 [1]	(UART) < diag -g sku
diag: sku N3C2401C
root@NOKIA360Camera-Valo360:/root$ 
root@NOKIA360Camera-Valo360:/root$ 
[09:12:02.056][DUT] [Check SKU]--
2025/08/07 09:12:02 [1]	[DUT] [Check SKU] ~~ TestTime:0.0602759 sec
2025/08/07 09:12:02 [1]	Run B7PL025-071:Remove POE	Mode: 1, Retry: 3
[09:12:02.056][FIXTURE] [Remove POE]++
2025/08/07 09:12:02 [1]	(UARTF) > L

2025/08/07 09:12:02 [1]	(UARTF) < 
[09:12:02.056][FIXTURE] [Remove POE]--
2025/08/07 09:12:02 [1]	[FIXTURE] [Remove POE] ~~ TestTime:0 sec
2025/08/07 09:12:02 [1]	Run B7PL025-072:Wait	Mode: 0, Retry: 3
[09:12:02.056][PC] [Wait]++
2025/08/07 09:12:02 [1]	> :Delay,"5000"
2025/08/07 09:12:07 [1]	< 0
[09:12:07.064][PC] [Wait]--
2025/08/07 09:12:07 [1]	[PC] [Wait] ~~ TestTime:5.007675 sec
2025/08/07 09:12:07 [1]	Run OTFX035-073:Check Battery_discharger	Mode: 1, Retry: 3
[09:12:07.064][PC] [Check Battery_discharger]++
2025/08/07 09:12:07 [1]	(UART) > diag -g current bat

2025/08/07 09:12:07 [1]	(UART) < diag -g current bat
-440
root@NOKIA360Camera-Valo360:/
2025/08/07 09:12:07 [1]	Check Battery_discharger Result: gBattery_current=-440
2025/08/07 09:12:07 [1]	CurrentTestID:OTFX035-0730 - The validation: gBattery_current = -440 (-1800,-100)
[09:12:07.104][PC] [Check Battery_discharger]--
2025/08/07 09:12:07 [1]	[PC] [Check Battery_discharger] ~~ TestTime:0.0400425 sec
2025/08/07 09:12:07 [1]	Run B7PL025-074:Power POE ON	Mode: 1, Retry: 3
[09:12:07.104][FIXTURE] [Power POE ON]++
2025/08/07 09:12:07 [1]	(UARTF) > G

2025/08/07 09:12:07 [1]	(UARTF) < 
[09:12:07.104][FIXTURE] [Power POE ON]--
2025/08/07 09:12:07 [1]	[FIXTURE] [Power POE ON] ~~ TestTime:0 sec
2025/08/07 09:12:07 [1]	Run B7PL025-075:Wait	Mode: 0, Retry: 3
[09:12:07.104][PC] [Wait]++
2025/08/07 09:12:07 [1]	> :Delay,"5000"
2025/08/07 09:12:12 [1]	< 0
[09:12:12.121][PC] [Wait]--
2025/08/07 09:12:12 [1]	[PC] [Wait] ~~ TestTime:5.0169943 sec
2025/08/07 09:12:12 [1]	Run B7PL025-076:Wait	Mode: 0, Retry: 3
[09:12:12.121][PC] [Wait]++
2025/08/07 09:12:12 [1]	> :Delay,"000"
2025/08/07 09:12:12 [1]	< 0
[09:12:12.121][PC] [Wait]--
2025/08/07 09:12:12 [1]	[PC] [Wait] ~~ TestTime:0 sec
2025/08/07 09:12:12 [1]	B7PL025-076:@STEP033@Check DisCharging Test is Pass ! 		----- 10.1249877 Sec.
2025/08/07 09:12:12 [1]	DUT Test Completed !        ----- 10.134686 Sec.
2025/08/07 09:12:12 [1]	Execute Phase 10 Test.
2025/08/07 09:12:12 [1]	Do @STEP035@CHECK  wifi status
2025/08/07 09:12:12 [1]	Run NUVO008-077:Get wifi status UUID	Mode: 1, Retry: 3
[09:12:12.251][DUT] [Get wifi status UUID]++
2025/08/07 09:12:12 [1]	(UART) > wpa_cli status

2025/08/07 09:12:17 [1]	(UART) < wpa_cli status
Selected interface 'wlan0'
wpa_state=INTERFACE_DISABLED
p2p_device_address=9e:b8:b4:f7:b8:b6
address=9c:b8:b4:f7:b8:b6
uuid=446b4c15-cd1e-53be-a381-ecab6a79721c
root@NOKIA360Camera-Valo360:/root$ 
root@NOKIA360Camera-Valo360:/root$ 
2025/08/07 09:12:17 [1]	WithinString: 446b4c15-cd1e-53be-a381-ecab6a79721c
2025/08/07 09:12:17 [1]	Get wifi status UUID Result: gWIFI_status=446b4c15-cd1e-53be-a381-ecab6a79721c
[09:12:17.259][DUT] [Get wifi status UUID]--
2025/08/07 09:12:17 [1]	[DUT] [Get wifi status UUID] ~~ TestTime:5.0080553 sec
2025/08/07 09:12:17 [1]	Run VSCH024-078:set WIFI UP	Mode: 1, Retry: 3
[09:12:17.259][DUT] [set WIFI UP]++
2025/08/07 09:12:17 [1]	(UART) > ifconfig wlan0 up

2025/08/07 09:12:17 [1]	(UART) < ifconfig wlan0 up

[09:12:17.289][DUT] [set WIFI UP]--
2025/08/07 09:12:17 [1]	[DUT] [set WIFI UP] ~~ TestTime:0.0299674 sec
2025/08/07 09:12:17 [1]	VSCH024-078:@STEP035@CHECK  wifi status Test is Pass ! 		----- 5.0380227 Sec.
2025/08/07 09:12:17 [1]	DUT Test Completed !        ----- 5.0476865 Sec.
2025/08/07 09:12:17 [1]	Execute Phase 11 Test.
2025/08/07 09:12:17 [1]	Do @STEP037@Write WIFI parameter
2025/08/07 09:12:17 [1]	Run VSCH024-079:Check WIFI ver	Mode: 4, Retry: 3
[09:12:17.368][DUT] [Check WIFI ver]++
2025/08/07 09:12:17 [1]	(UART) > wl ver

2025/08/07 09:12:18 [1]	(UART) < wl ver

[  123.112522] [dhd] STATIC-MSG) dhd_wlan_mem_prealloc : section 9, size 32896
root@NOKIA360Camera-Valo360:/root$ 
root@NOKIA360Camera-Valo360:/root$ wl ver
1.333.2 (wlan=r829962-20230602-1 BCMINT)
wl0: Jan  5 2022 01:27:10 version 18.35.387.23.108 (WLTEST) (g34a0fd51) FWID 01-d7aecb64
root@NOKIA360Camera-Valo360:/root$ 
root@NOKIA360Camera-Valo360:/root$ 
[09:12:18.388][DUT] [Check WIFI ver]--
2025/08/07 09:12:18 [1]	[DUT] [Check WIFI ver] ~~ TestTime:1.0196974 sec
2025/08/07 09:12:18 [1]	Run B7PL025-082:Wait	Mode: 0, Retry: 3
[09:12:18.388][PC] [Wait]++
2025/08/07 09:12:18 [1]	> :Delay,"000"
2025/08/07 09:12:18 [1]	< 0
[09:12:18.388][PC] [Wait]--
2025/08/07 09:12:18 [1]	[PC] [Wait] ~~ TestTime:0 sec
2025/08/07 09:12:18 [1]	B7PL025-082:@STEP037@Write WIFI parameter Test is Pass ! 		----- 1.0196974 Sec.
2025/08/07 09:12:18 [1]	DUT Test Completed !        ----- 1.0296951 Sec.
2025/08/07 09:12:18 [1]	Execute Phase 12 Test.
2025/08/07 09:12:18 [1]	Do @STEP039@SET Eth_MAC to DUT
2025/08/07 09:12:18 [1]	:@STEP039@SET Eth_MAC to DUT Test is Pass ! 		----- 0 Sec.
2025/08/07 09:12:18 [1]	Do @STEP040@GET WIF_MAC
2025/08/07 09:12:18 [1]	Run B7PL025-086:Wait	Mode: 0, Retry: 3
[09:12:18.508][PC] [Wait]++
2025/08/07 09:12:18 [1]	> :Delay,"1000"
2025/08/07 09:12:19 [1]	< 0
[09:12:19.517][PC] [Wait]--
2025/08/07 09:12:19 [1]	[PC] [Wait] ~~ TestTime:1.0097173 sec
2025/08/07 09:12:19 [1]	B7PL025-086:@STEP040@GET WIF_MAC Test is Pass ! 		----- 1.0097173 Sec.
2025/08/07 09:12:19 [1]	DUT Test Completed !        ----- 1.0293869 Sec.
2025/08/07 09:12:19 [1]	Execute Phase 13 Test.
2025/08/07 09:12:19 [1]	Do @STEP042@SET IVA KEY to DUT
2025/08/07 09:12:19 [1]	Run B7PL025-087:Check SFIS Enabled	Mode: 4, Retry: 3
2025/08/07 09:12:19 [1]	> :SfEnabled
2025/08/07 09:12:19 [1]	< 0
2025/08/07 09:12:19 [1]	Run B7PL025-092:Wait	Mode: 0, Retry: 3
[09:12:19.617][PC] [Wait]++
2025/08/07 09:12:19 [1]	> :Delay,"000"
2025/08/07 09:12:19 [1]	< 0
[09:12:19.617][PC] [Wait]--
2025/08/07 09:12:19 [1]	[PC] [Wait] ~~ TestTime:0 sec
2025/08/07 09:12:19 [1]	B7PL025-092:@STEP042@SET IVA KEY to DUT Test is Pass ! 		----- 0 Sec.
2025/08/07 09:12:19 [1]	DUT Test Completed !        ----- 0.0096693 Sec.
2025/08/07 09:12:19 [1]	Execute Phase 14 Test.
2025/08/07 09:12:19 [1]	Do @STEP044@Check Charging
2025/08/07 09:12:19 [1]	Run OTFX076-093:Check SKU	Mode: 4, Retry: 3
[09:12:19.747][DUT] [Check SKU]++
2025/08/07 09:12:19 [1]	(UART) > diag -g sku

2025/08/07 09:12:19 [1]	(UART) < diag -g sku
diag: sku N3C2401C
root@NOKIA360Camera
[09:12:19.777][DUT] [Check SKU]--
2025/08/07 09:12:19 [1]	[DUT] [Check SKU] ~~ TestTime:0.0303087 sec
2025/08/07 09:12:19 [1]	Run B7PL025-094:Wait	Mode: 0, Retry: 3
[09:12:19.777][PC] [Wait]++
2025/08/07 09:12:19 [1]	> :Delay,"10000"
2025/08/07 09:12:29 [1]	< 0
[09:12:29.783][PC] [Wait]--
2025/08/07 09:12:29 [1]	[PC] [Wait] ~~ TestTime:10.0058602 sec
2025/08/07 09:12:29 [1]	Run OTFX035-095:Check Battery_charger	Mode: 4, Retry: 3
[09:12:29.783][PC] [Check Battery_charger]++
2025/08/07 09:12:29 [1]	(UART) > diag -g current bat

2025/08/07 09:12:34 [1]	(UART) < diag -g current bat
1671
root@NOKIA360Camera-Valo360:/root$ 
root@NOKIA360Camera-Valo360:/root$ 
2025/08/07 09:12:34 [1]	Check Battery_charger Result: gBattery_current=1671
2025/08/07 09:12:34 [1]	CurrentTestID:OTFX035-0950 - The validation: gBattery_current = 1671 (100,3000)
[09:12:34.801][PC] [Check Battery_charger]--
2025/08/07 09:12:34 [1]	[PC] [Check Battery_charger] ~~ TestTime:5.0177036 sec
2025/08/07 09:12:34 [1]	Run B7PL025-098:Wait	Mode: 1, Retry: 3
[09:12:34.801][PC] [Wait]++
2025/08/07 09:12:34 [1]	> :Delay,"1000"
2025/08/07 09:12:35 [1]	< 0
[09:12:35.810][PC] [Wait]--
2025/08/07 09:12:35 [1]	[PC] [Wait] ~~ TestTime:1.0094711 sec
2025/08/07 09:12:35 [1]	B7PL025-098:@STEP044@Check Charging Test is Pass ! 		----- 16.0633436 Sec.
2025/08/07 09:12:35 [1]	Do @STEP045@SET HW version
2025/08/07 09:12:35 [1]	:@STEP045@SET HW version Test is Pass ! 		----- 0 Sec.
2025/08/07 09:12:35 [1]	Do @STEP046@SET SSN
2025/08/07 09:12:35 [1]	:@STEP046@SET SSN Test is Pass ! 		----- 0 Sec.
2025/08/07 09:12:35 [1]	DUT Test Completed !        ----- 16.0926723 Sec.
2025/08/07 09:12:35 [1]	Execute Phase 15 Test.
2025/08/07 09:12:35 [1]	Do @STEP048@GET 5gModule_SN+IMEI
2025/08/07 09:12:35 [1]	Run OTFX076-103:Check SKU	Mode: 4, Retry: 3
[09:12:35.930][DUT] [Check SKU]++
2025/08/07 09:12:35 [1]	(UART) > diag -g sku

2025/08/07 09:12:35 [1]	(UART) < diag -g sku
diag: sku N3C2401C
root@NOKIA360Camera-Valo360:/root$ 
root@NOKIA360Camera-Valo360:/root$ 
[09:12:35.990][DUT] [Check SKU]--
2025/08/07 09:12:35 [1]	[DUT] [Check SKU] ~~ TestTime:0.0602756 sec
2025/08/07 09:12:35 [1]	Run WUIF004-107:Get 5G PCI status	Mode: 1, Retry: 3
[09:12:35.990][DUT] [Get 5G PCI status]++
2025/08/07 09:12:35 [1]	(UART) > lspci

2025/08/07 09:12:37 [1]	(UART) < lspci
0000:00:00.0 Class 0604: Device 1e09:0006 (rev 01)
0000:01:00.0 Class 0280: Device 14e4:449d (rev 02)
0001:10:00.0 Class 0604: Device 1e09:0006 (rev 01)
0001:11:00.0 Class ff00: Device 17cb:0308
root@NOKIA360Camera-Valo360:/root$ 
root@NOKIA360Camera-Valo360:/root$ 
[09:12:37.010][DUT] [Get 5G PCI status]--
2025/08/07 09:12:37 [1]	[DUT] [Get 5G PCI status] ~~ TestTime:1.0198634 sec
2025/08/07 09:12:37 [1]	Run B7PL025-108:Wait	Mode: 0, Retry: 3
[09:12:37.010][PC] [Wait]++
2025/08/07 09:12:37 [1]	> :Delay,"0000"
2025/08/07 09:12:37 [1]	< 0
[09:12:37.010][PC] [Wait]--
2025/08/07 09:12:37 [1]	[PC] [Wait] ~~ TestTime:0 sec
2025/08/07 09:12:37 [1]	B7PL025-108:@STEP048@GET 5gModule_SN+IMEI Test is Pass ! 		----- 1.080139 Sec.
2025/08/07 09:12:37 [1]	DUT Test Completed !        ----- 1.0898306 Sec.
2025/08/07 09:12:37 [1]	Execute Phase 16 Test.
2025/08/07 09:12:37 [1]	Do @STEP050@CHECK SIM CARD
2025/08/07 09:12:37 [1]	Run OTFX076-109:Check SKU	Mode: 4, Retry: 3
[09:12:37.120][DUT] [Check SKU]++
2025/08/07 09:12:37 [1]	(UART) > diag -g sku

2025/08/07 09:12:37 [1]	(UART) < diag -g sku
diag: sku N3C2401C
root@NOKIA360Camera-Valo360:/root$ 
root@NOKIA360Camera-Valo360:/root$ 
[09:12:37.190][DUT] [Check SKU]--
2025/08/07 09:12:37 [1]	[DUT] [Check SKU] ~~ TestTime:0.0702861 sec
2025/08/07 09:12:37 [1]	Run ITIF010-110:Check SIMCARD	Mode: 1, Retry: 3
[09:12:37.190][DUT] [Check SIMCARD]++
2025/08/07 09:12:37 [1]	(UART) > test5g at+cfun=1

2025/08/07 09:12:37 [1]	(UART) < test5g at+cfun=1
root@NOKIA360Camera-Valo360:/root$ 
root@NOKIA360Camera-Valo360:/root$ 
[09:12:37.220][DUT] [Check SIMCARD]--
2025/08/07 09:12:37 [1]	[DUT] [Check SIMCARD] ~~ TestTime:0.0296579 sec
2025/08/07 09:12:37 [1]	Run B7PL025-111:Wait	Mode: 0, Retry: 3
[09:12:37.220][PC] [Wait]++
2025/08/07 09:12:37 [1]	> :Delay,"2000"
2025/08/07 09:12:39 [1]	< 0
[09:12:39.230][PC] [Wait]--
2025/08/07 09:12:39 [1]	[PC] [Wait] ~~ TestTime:2.0107154 sec
2025/08/07 09:12:39 [1]	Run ITIF010-112:Check SIM  CIMI	Mode: 1, Retry: 3
[09:12:39.230][DUT] [Check SIM  CIMI]++
2025/08/07 09:12:39 [1]	(UART) > test5g at+cimi

2025/08/07 09:12:40 [1]	(UART) < test5g at+cimi
root@NOKIA360Camera-Valo360:/root$ 
root@NOKIA360Camera-Valo360:/root$ at+cimi
466977004933066
OK

[09:12:40.250][DUT] [Check SIM  CIMI]--
2025/08/07 09:12:40 [1]	[DUT] [Check SIM  CIMI] ~~ TestTime:1.019847 sec
2025/08/07 09:12:40 [1]	Run B7PL025-113:Wait Boot	Mode: 0, Retry: 3
2025/08/07 09:12:40 [1]	> :Delay,"0"
2025/08/07 09:12:40 [1]	< 0
2025/08/07 09:12:40 [1]	B7PL025-113:@STEP050@CHECK SIM CARD Test is Pass ! 		----- 3.1305064 Sec.
2025/08/07 09:12:40 [1]	Do @STEP051@CHECK SD  Inserted
2025/08/07 09:12:40 [1]	Run NBHM004-114:SD card inserted	Mode: 1, Retry: 3
[09:12:40.260][DUT] [SD card inserted]++
2025/08/07 09:12:40 [1]	(UART) > diag -g status sd

2025/08/07 09:12:40 [1]	(UART) < diag -g status sd
inserted
root@NOKIA360Camera-Valo360:/root$ 
root@NOKIA360Camera-Valo360:/root$ 
[09:12:40.330][DUT] [SD card inserted]--
2025/08/07 09:12:40 [1]	[DUT] [SD card inserted] ~~ TestTime:0.0702928 sec
2025/08/07 09:12:40 [1]	Run PDSC003-115:Check SD RW	Mode: 1, Retry: 3
[09:12:40.330][DUT] [Check SD RW]++
2025/08/07 09:12:40 [1]	(UART) > mount |grep sd

2025/08/07 09:12:40 [1]	(UART) < mount |grep sd
/dev/mmcblk0p1 on /mnt/sd type vfat (rw,dirsync,relatime,fmask=0000,dmask=0000,allow_utime=0022,codepage=437,iocharset=iso8859-1,shortname=mixed,utf8,tz=UTC,errors=remount-ro)
root@NOKIA360Camera-Valo360:/root$ 
root@NOKIA360Camera-Valo360:/root$ 
[09:12:40.390][DUT] [Check SD RW]--
2025/08/07 09:12:40 [1]	[DUT] [Check SD RW] ~~ TestTime:0.0599616 sec
2025/08/07 09:12:40 [1]	Run PDSC003-116:Check SD RW	Mode: 1, Retry: 3
[09:12:40.390][DUT] [Check SD RW]++
2025/08/07 09:12:40 [1]	(UART) > echo "1234" > /mnt/sd/test_sd

2025/08/07 09:12:40 [1]	(UART) < echo "1234" > /mnt/sd/test_sd
root@NOKIA360Camera-Valo360:/root$ 
root@NOKIA360Camera-Valo360:/root$ 
[09:12:40.450][DUT] [Check SD RW]--
2025/08/07 09:12:40 [1]	[DUT] [Check SD RW] ~~ TestTime:0.0599745 sec
2025/08/07 09:12:40 [1]	Run PDSC003-117:Check SD RW	Mode: 1, Retry: 3
[09:12:40.450][DUT] [Check SD RW]++
2025/08/07 09:12:40 [1]	(UART) > cat /mnt/sd/test_sd

2025/08/07 09:12:40 [1]	(UART) < cat /mnt/sd/test_sd
1234
root@NOKIA360Camera-Valo360:/root$ 
root@NOKIA360Camera-Valo360:/root$ 
[09:12:40.480][DUT] [Check SD RW]--
2025/08/07 09:12:40 [1]	[DUT] [Check SD RW] ~~ TestTime:0.0299341 sec
2025/08/07 09:12:40 [1]	BT init skips by ExecMode = 6.
2025/08/07 09:12:40 [1]	PDSC003-117:@STEP051@CHECK SD  Inserted Test is Pass ! 		----- 0.220163 Sec.
2025/08/07 09:12:40 [1]	DUT Test Completed !        ----- 3.3700116 Sec.
2025/08/07 09:12:40 [1]	Execute Phase 17 Test.
2025/08/07 09:12:40 [1]	Do @STEP053@GET BT MAC
2025/08/07 09:12:40 [1]	Run BTBT016-119:Get BT MAC	Mode: 1, Retry: 3
[09:12:40.560][DUT] [Get BT MAC]++
2025/08/07 09:12:40 [1]	(UART) > hciconfig hci0 revision

2025/08/07 09:12:41 [1]	(UART) < hciconfig hci0 revision
hci0:	Type: Primary  Bus: UART
	BD Address: 9C:B8:B4:F7:B8:B7  ACL MTU: 1021:8  SCO MTU: 64:1
	Firmware 0.17 / 17
root@NOKIA360Camera-Valo360:/root$ 
root@NOKIA360Camera-Valo360:/root$ 
2025/08/07 09:12:41 [1]	WithinString: 9C:B8:B4:F7:B8:B7
2025/08/07 09:12:41 [1]	Get BT MAC Result: MAC3_BT=9CB8B4F7B8B7
[09:12:41.579][DUT] [Get BT MAC]--
2025/08/07 09:12:41 [1]	[DUT] [Get BT MAC] ~~ TestTime:1.0197844 sec
2025/08/07 09:12:41 [1]	BTBT016-119:@STEP053@GET BT MAC Test is Pass ! 		----- 1.0197844 Sec.
2025/08/07 09:12:41 [1]	Do @STEP054@GET CHIP SN
2025/08/07 09:12:41 [1]	Run IPIO024-120:get MicroChip SN	Mode: 1, Retry: 3
[09:12:41.589][DUT] [get MicroChip SN]++
2025/08/07 09:12:41 [1]	(UART) > cryptoauth_test sernum

2025/08/07 09:12:42 [1]	(UART) < cryptoauth_test ser[  147.077015] nvt_i2c 2f014f000.i2c: i2c_nvtim_xfer_msg(773) NACK!
num

[  147.083271] nvt_i2c 2f014f000.i2c: i2c_nvtim_rst_module: staus 0x10000000
[  147.106211] nvt_i2c 2f014f000.i2c: i2c_nvtim_xfer_msg(773) NACK!
[  147.112244] nvt_i2c 2f014f000.i2c: i2c_nvtim_rst_module: staus 0x10000000
serial number:
01 23 26 6C EB E3 A9 28 01

root@NOKIA360Camera-Valo360:/root$ 
root@NOKIA360Camera-Valo360:/root$ 
2025/08/07 09:12:42 [1]	WithinString: 0123266CEBE3A92801
2025/08/07 09:12:42 [1]	get MicroChip SN Result: MicroChip_SN=0123266CEBE3A92801
[09:12:42.609][DUT] [get MicroChip SN]--
2025/08/07 09:12:42 [1]	[DUT] [get MicroChip SN] ~~ TestTime:1.0197805 sec
2025/08/07 09:12:42 [1]	IPIO024-120:@STEP054@GET CHIP SN Test is Pass ! 		----- 1.0197805 Sec.
2025/08/07 09:12:42 [1]	DUT Test Completed !        ----- 2.0588937 Sec.
2025/08/07 09:12:42 [1]	Execute Phase 18 Test.
2025/08/07 09:12:42 [1]	Do @STEP056@GET EMMC_ID
2025/08/07 09:12:42 [1]	Run WUIF018-121:get EMMC_ID	Mode: 1, Retry: 3
[09:12:42.749][DUT] [get EMMC_ID]++
2025/08/07 09:12:42 [1]	(UART) > diag -g status emmc

2025/08/07 09:12:43 [1]	(UART) < diag -g status emmc
name: MMC128
manfid: 0x000032
oemid: 0x0101
serial: 0x01066801
date: 11/2024
root@NOKIA360Camera-Valo360:/root$ 
root@NOKIA360Camera-Valo360:/root$ 
2025/08/07 09:12:43 [1]	WithinString: 0x01066801
2025/08/07 09:12:43 [1]	get EMMC_ID Result: EMMC_ID=0x01066801
[09:12:43.768][DUT] [get EMMC_ID]--
2025/08/07 09:12:43 [1]	[DUT] [get EMMC_ID] ~~ TestTime:1.0197861 sec
2025/08/07 09:12:43 [1]	WUIF018-121:@STEP056@GET EMMC_ID Test is Pass ! 		----- 1.0197861 Sec.
2025/08/07 09:12:43 [1]	DUT Test Completed !        ----- 1.0294528 Sec.
2025/08/07 09:12:43 [1]	Execute Phase 19 Test.
2025/08/07 09:12:43 [1]	Do @STEP058@check WIFI no 5G module
2025/08/07 09:12:43 [1]	Run OTFX076-122:Check SKU	Mode: 4, Retry: 3
[09:12:43.868][DUT] [Check SKU]++
2025/08/07 09:12:43 [1]	(UART) > diag -g sku

2025/08/07 09:12:45 [1]	(UART) < diag -g sku
diag: sku N3C2401C
root@NOKIA360Camera-Valo360:/root$ 
root@NOKIA360Camera-Valo360:/root$ 
[09:12:45.877][DUT] [Check SKU]--
2025/08/07 09:12:45 [1]	[DUT] [Check SKU] ~~ TestTime:2.0092536 sec
2025/08/07 09:12:45 [1]	Run B7PL025-126:Wait time@#$	Mode: 3, Retry: 3
[09:12:45.877][PC] [Wait time@#$]++
2025/08/07 09:12:45 [1]	> :Delay,"000"
2025/08/07 09:12:45 [1]	< 0
[09:12:45.877][PC] [Wait time@#$]--
2025/08/07 09:12:45 [1]	[PC] [Wait time@#$] ~~ TestTime:0 sec
2025/08/07 09:12:45 [1]	B7PL025-126:@STEP058@check WIFI no 5G module Test is Pass ! 		----- 2.0092536 Sec.
2025/08/07 09:12:45 [1]	DUT Test Completed !        ----- 2.0189174 Sec.
2025/08/07 09:12:45 [1]	Execute Phase 20 Test.
2025/08/07 09:12:45 [1]	Do @STEP060@Check LED
2025/08/07 09:12:45 [1]	Run B7PL025-127:Obtain Device	Mode: 0, Retry: 3
2025/08/07 09:12:45 [1]	> :ObtainDevice
2025/08/07 09:12:46 [1]	< 0
2025/08/07 09:12:46 [1]	Run OTFX079-128:PUSH LED to fixture	Mode: 1, Retry: 3
[09:12:46.107][FIXTURE] [PUSH LED to fixture]++
2025/08/07 09:12:46 [1]	(UARTF) > I

2025/08/07 09:12:46 [1]	(UARTF) < 
[09:12:46.107][FIXTURE] [PUSH LED to fixture]--
2025/08/07 09:12:46 [1]	[FIXTURE] [PUSH LED to fixture] ~~ TestTime:0 sec
2025/08/07 09:12:46 [1]	OTFX079-128:@STEP060@Check LED Test is Pass ! 		----- 0.1099123 Sec.
2025/08/07 09:12:46 [1]	Do @STEP061@set LED ALL OFF
2025/08/07 09:12:46 [1]	Run NBLE008-129:LED  GREEN OFF	Mode: 1, Retry: 3
[09:12:46.117][DUT] [LED  GREEN OFF]++
2025/08/07 09:12:46 [1]	(UART) > diag -s led g off

2025/08/07 09:12:51 [1]	(UART) < diag -s led g off
diag: set status led g off done
root@NOKIA360Camera-Valo360:/root$ 
root@NOKIA360Camera-Valo360:/root$ 
[09:12:51.126][DUT] [LED  GREEN OFF]--
2025/08/07 09:12:51 [1]	[DUT] [LED  GREEN OFF] ~~ TestTime:5.0087553 sec
2025/08/07 09:12:51 [1]	Run NBLE008-130:LED  RED OFF	Mode: 1, Retry: 3
[09:12:51.126][DUT] [LED  RED OFF]++
2025/08/07 09:12:51 [1]	(UART) > diag -s led o off

2025/08/07 09:12:56 [1]	(UART) < diag -s led o off
diag: set status led o off done
root@NOKIA360Camera-Valo360:/root$ 
root@NOKIA360Camera-Valo360:/root$ 
[09:12:56.134][DUT] [LED  RED OFF]--
2025/08/07 09:12:56 [1]	[DUT] [LED  RED OFF] ~~ TestTime:5.0081909 sec
2025/08/07 09:12:56 [1]	Run B7PL025-131:Wait	Mode: 0, Retry: 3
[09:12:56.134][PC] [Wait]++
2025/08/07 09:12:56 [1]	> :Delay,"500"
2025/08/07 09:12:56 [1]	< 0
[09:12:56.643][PC] [Wait]--
2025/08/07 09:12:56 [1]	[PC] [Wait] ~~ TestTime:0.5097207 sec
2025/08/07 09:12:56 [1]	Run B7PL025-132:##Capture LED	Mode: 1, Retry: 3
2025/08/07 09:12:56 [1]	> :Dev.All_Combo_channel,"1"
2025/08/07 09:12:57 [1]	< 0
2025/08/07 09:12:57 [1]	##Capture LED Result: MB_LED1=000,000,000,00000,999.99,999,00000
2025/08/07 09:12:57 [1]	Run B7PL025-133:Check LED ALL OFF	Mode: 2, Retry: 3
[09:12:57.703][DUT] [Check LED ALL OFF]++
2025/08/07 09:12:57 [1]	> :GetVal,"MB_LED1"
2025/08/07 09:12:57 [1]	< 000,000,000,00000,999.99,999,00000
2025/08/07 09:12:57 [1]	Check LED ALL OFF Result: MB_LED1_R=000; MB_LED1_G=000; MB_LED1_B=000
2025/08/07 09:12:57 [1]	CurrentTestID:B7PL025-1330 - The validation: MB_LED1_R = 000 (0,50)
2025/08/07 09:12:57 [1]	CurrentTestID:B7PL025-1331 - The validation: MB_LED1_G = 000 (0,50)
2025/08/07 09:12:57 [1]	CurrentTestID:B7PL025-1332 - The validation: MB_LED1_B = 000 (0,50)
[09:12:57.712][DUT] [Check LED ALL OFF]--
2025/08/07 09:12:57 [1]	[DUT] [Check LED ALL OFF] ~~ TestTime:0.0096378 sec
2025/08/07 09:12:57 [1]	Run B7PL025-134:ReleaseDevice	Mode: 3, Retry: 3
2025/08/07 09:12:57 [1]	> :ReleaseSubDevice
2025/08/07 09:12:57 [1]	< 0
2025/08/07 09:12:57 [1]	B7PL025-134:@STEP061@set LED ALL OFF Test is Pass ! 		----- 11.5957414 Sec.
2025/08/07 09:12:57 [1]	LED_Test Test Completed !        ----- 11.7253564 Sec.
2025/08/07 09:12:57 [1]	Execute Phase 21 Test.
2025/08/07 09:12:57 [1]	Do @STEP063@Check LED_GREEN
2025/08/07 09:12:57 [1]	Run B7PL025-135:Obtain Device	Mode: 0, Retry: 3
2025/08/07 09:12:57 [1]	> :ObtainDevice
2025/08/07 09:12:57 [1]	< 0
2025/08/07 09:12:57 [1]	Run B7PL025-136:Wait	Mode: 0, Retry: 3
[09:12:57.923][PC] [Wait]++
2025/08/07 09:12:57 [1]	> :Delay,"500"
2025/08/07 09:12:58 [1]	< 0
[09:12:58.432][PC] [Wait]--
2025/08/07 09:12:58 [1]	[PC] [Wait] ~~ TestTime:0.5097338 sec
2025/08/07 09:12:58 [1]	Run NBLE008-137:Set LED Green ON	Mode: 1, Retry: 3
[09:12:58.432][DUT] [Set LED Green ON]++
2025/08/07 09:12:58 [1]	(UART) > diag -s led g on

2025/08/07 09:13:03 [1]	(UART) < diag -s led g on
diag: set status led g on done
root@NOKIA360Camera-Valo360:/root$ 
root@NOKIA360Camera-Valo360:/root$ 
[09:13:03.440][DUT] [Set LED Green ON]--
2025/08/07 09:13:03 [1]	[DUT] [Set LED Green ON] ~~ TestTime:5.0073072 sec
2025/08/07 09:13:03 [1]	Run B7PL025-138:Wait	Mode: 0, Retry: 3
[09:13:03.440][PC] [Wait]++
2025/08/07 09:13:03 [1]	> :Delay,"500"
2025/08/07 09:13:03 [1]	< 0
[09:13:03.949][PC] [Wait]--
2025/08/07 09:13:03 [1]	[PC] [Wait] ~~ TestTime:0.509716 sec
2025/08/07 09:13:03 [1]	Run B7PL025-139:##Capture LED	Mode: 1, Retry: 3
2025/08/07 09:13:03 [1]	> :Dev.All_Combo_channel,"1"
2025/08/07 09:13:04 [1]	< 0
2025/08/07 09:13:04 [1]	##Capture LED Result: MB_LED1=002,243,011,04127,122.16,098,04127
2025/08/07 09:13:05 [1]	Run IOET173-140:Check LED GREEN	Mode: 2, Retry: 3
[09:13:05.009][DUT] [Check LED GREEN]++
2025/08/07 09:13:05 [1]	> :GetVal,"MB_LED1"
2025/08/07 09:13:05 [1]	< 002,243,011,04127,122.16,098,04127
2025/08/07 09:13:05 [1]	Check LED GREEN Result: MB_LED1_R=002; MB_LED1_G=243; MB_LED1_B=011
2025/08/07 09:13:05 [1]	CurrentTestID:IOET173-1400 - The validation: MB_LED1_R = 002 (0,70)
2025/08/07 09:13:05 [1]	CurrentTestID:IOET173-1401 - The validation: MB_LED1_G = 243 (100,255)
2025/08/07 09:13:05 [1]	CurrentTestID:IOET173-1402 - The validation: MB_LED1_B = 011 (0,70)
[09:13:05.009][DUT] [Check LED GREEN]--
2025/08/07 09:13:05 [1]	[DUT] [Check LED GREEN] ~~ TestTime:0 sec
2025/08/07 09:13:05 [1]	Run B7PL025-141:ReleaseDevice	Mode: 3, Retry: 3
2025/08/07 09:13:05 [1]	> :ReleaseSubDevice
2025/08/07 09:13:05 [1]	< 0
2025/08/07 09:13:05 [1]	Run NBLE008-142:LED Grenn OFF	Mode: 1, Retry: 3
[09:13:05.009][DUT] [LED Grenn OFF]++
2025/08/07 09:13:05 [1]	(UART) > diag -s led g off

2025/08/07 09:13:10 [1]	(UART) < diag -s led g off
diag: set status led g off done
root@NOKIA360Camera-Valo360:/root$ 
root@NOKIA360Camera-Valo360:/root$ 
[09:13:10.027][DUT] [LED Grenn OFF]--
2025/08/07 09:13:10 [1]	[DUT] [LED Grenn OFF] ~~ TestTime:5.0180696 sec
2025/08/07 09:13:10 [1]	NBLE008-142:@STEP063@Check LED_GREEN Test is Pass ! 		----- 12.2145182 Sec.
2025/08/07 09:13:10 [1]	LED_Test Test Completed !        ----- 12.22454 Sec.
2025/08/07 09:13:10 [1]	Execute Phase 22 Test.
2025/08/07 09:13:10 [1]	Do @STEP065@CheckLED_Red
2025/08/07 09:13:10 [1]	Run B7PL025-143:Obtain Device	Mode: 0, Retry: 3
2025/08/07 09:13:10 [1]	> :ObtainDevice
2025/08/07 09:13:10 [1]	< 0
2025/08/07 09:13:10 [1]	Run B7PL025-144:Wait	Mode: 0, Retry: 3
[09:13:10.237][PC] [Wait]++
2025/08/07 09:13:10 [1]	> :Delay,"500"
2025/08/07 09:13:10 [1]	< 0
[09:13:10.747][PC] [Wait]--
2025/08/07 09:13:10 [1]	[PC] [Wait] ~~ TestTime:0.5097244 sec
2025/08/07 09:13:10 [1]	Run NBLE008-145:Set LED Red ON	Mode: 1, Retry: 3
[09:13:10.747][DUT] [Set LED Red ON]++
2025/08/07 09:13:10 [1]	(UART) > diag -s led o on

2025/08/07 09:13:15 [1]	(UART) < diag -s led o on
diag: set status led o on done
root@NOKIA360Camera-Valo360:/root$ 
root@NOKIA360Camera-Valo360:/root$ 
[09:13:15.755][DUT] [Set LED Red ON]--
2025/08/07 09:13:15 [1]	[DUT] [Set LED Red ON] ~~ TestTime:5.0087216 sec
2025/08/07 09:13:15 [1]	Run B7PL025-146:Wait	Mode: 0, Retry: 3
[09:13:15.755][PC] [Wait]++
2025/08/07 09:13:15 [1]	> :Delay,"500"
2025/08/07 09:13:16 [1]	< 0
[09:13:16.265][PC] [Wait]--
2025/08/07 09:13:16 [1]	[PC] [Wait] ~~ TestTime:0.5098892 sec
2025/08/07 09:13:16 [1]	Run B7PL025-147:##Capture LED	Mode: 1, Retry: 3
2025/08/07 09:13:16 [1]	> :Dev.All_Combo_channel,"1"
2025/08/07 09:13:17 [1]	< 0
2025/08/07 09:13:17 [1]	##Capture LED Result: MB_LED1=252,003,000,01724,000.57,100,01724
2025/08/07 09:13:17 [1]	Run IOET174-148:Check LED RED	Mode: 2, Retry: 3
[09:13:17.325][DUT] [Check LED RED]++
2025/08/07 09:13:17 [1]	> :GetVal,"MB_LED1"
2025/08/07 09:13:17 [1]	< 252,003,000,01724,000.57,100,01724
2025/08/07 09:13:17 [1]	Check LED RED Result: MB_LED1_R=252; MB_LED1_G=003; MB_LED1_B=000
2025/08/07 09:13:17 [1]	CurrentTestID:IOET174-1480 - The validation: MB_LED1_R = 252 (100,255)
2025/08/07 09:13:17 [1]	CurrentTestID:IOET174-1481 - The validation: MB_LED1_G = 003 (0,70)
2025/08/07 09:13:17 [1]	CurrentTestID:IOET174-1482 - The validation: MB_LED1_B = 000 (0,70)
[09:13:17.325][DUT] [Check LED RED]--
2025/08/07 09:13:17 [1]	[DUT] [Check LED RED] ~~ TestTime:0 sec
2025/08/07 09:13:17 [1]	Run B7PL025-149:ReleaseDevice	Mode: 3, Retry: 3
2025/08/07 09:13:17 [1]	> :ReleaseSubDevice
2025/08/07 09:13:17 [1]	< 0
2025/08/07 09:13:17 [1]	Run OTFX15A-150:Remove LED to Fixture	Mode: 1, Retry: 3
[09:13:17.334][FIXTURE] [Remove LED to Fixture]++
2025/08/07 09:13:17 [1]	(UARTF) > N

2025/08/07 09:13:17 [1]	(UARTF) < 
[09:13:17.334][FIXTURE] [Remove LED to Fixture]--
2025/08/07 09:13:17 [1]	[FIXTURE] [Remove LED to Fixture] ~~ TestTime:0 sec
2025/08/07 09:13:17 [1]	Run OTFX157-151:Wait	Mode: 1, Retry: 3
[09:13:17.334][PC] [Wait]++
2025/08/07 09:13:17 [1]	> :Delay,"2000"
2025/08/07 09:13:19 [1]	< 0
[09:13:19.343][PC] [Wait]--
2025/08/07 09:13:19 [1]	[PC] [Wait] ~~ TestTime:2.0089352 sec
2025/08/07 09:13:19 [1]	OTFX157-151:@STEP065@CheckLED_Red Test is Pass ! 		----- 9.2266129 Sec.
2025/08/07 09:13:19 [1]	LED_Test Test Completed !        ----- 9.2362812 Sec.
2025/08/07 09:13:19 [1]	Execute Phase 23 Test.
2025/08/07 09:13:19 [1]	Do @STEP067@CHECK  5G Antenna(SAM need)
2025/08/07 09:13:19 [1]	Run OTFX076-152:Check SKU	Mode: 4, Retry: 3
[09:13:19.433][DUT] [Check SKU]++
2025/08/07 09:13:19 [1]	(UART) > diag -g sku

2025/08/07 09:13:19 [1]	(UART) < diag -g sku
diag: sku N3C2401C
root@NOKIA360Camera-Valo360:/root$ 
root@NOKIA360Camera-Valo360:/root$ 
[09:13:19.493][DUT] [Check SKU]--
2025/08/07 09:13:19 [1]	[DUT] [Check SKU] ~~ TestTime:0.0602886 sec
2025/08/07 09:13:19 [1]	Run WUIO003-153:check 5g module ANT	Mode: 1, Retry: 3
[09:13:19.493][DUT] [check 5g module ANT]++
2025/08/07 09:13:19 [1]	(UART) > test5g AT+CSYSSEL=?

2025/08/07 09:13:19 [1]	(UART) < test5g AT+CSYSSEL=?
root@NOKIA360Camera-Valo360:/root$ 
root@NOKIA360Camera-Valo360:/root$ AT+CSYSSEL=?
+CSYSSEL: "nr5g_disable",(0-2)
+CSYSSEL: "nr5g_band",1:2:3:5:7:8:12:13:14:18:20:25:26:28:29:30:38:40:41:48:66:71:75:76:77:78:79
+CSYSSEL: "nsa_nr5g_band",1:2:3:5:7:8:12:14:18:20:25:26:28:29:30:38:40:41:48:66:71:75:76:77:78:79:257:258:260:261
+CSYSSEL: "nrdc_nr5g_band",1:2:3:5:7:8:12:14:18:20:25:26:28:29:30:38:40:41:48:66:71:75:76:77:78:79:257:258:260:261
+CSYSSEL: "lte_band",1:2:3:4:5:7:8:12:13:14:17:18:19:20:25:26:28:29:30:32:34:38:39:40:41:42:43:46:48:66:71
+CSYSSEL: "w_band",1:2:4:5:6:8:19
+CSYSSEL: "rat_acq_order",5:9:12
OK

[09:13:19.673][DUT] [check 5g module ANT]--
2025/08/07 09:13:19 [1]	[DUT] [check 5g module ANT] ~~ TestTime:0.1799137 sec
2025/08/07 09:13:19 [1]	Run WUIO003-154:check 5g module ANT	Mode: 1, Retry: 3
[09:13:19.673][DUT] [check 5g module ANT]++
2025/08/07 09:13:19 [1]	(UART) > test5g AT+CSYSSEL=?

2025/08/07 09:13:19 [1]	(UART) < test5g AT+CSYSSEL=?
root@NOKIA360Camera-Valo360:/root$ 
root@NOKIA360Camera-Valo360:/root$ AT+CSYSSEL=?
+CSYSSEL: "nr5g_disable",(0-2)
+CSYSSEL: "nr5g_band",1:2:3:5:7:8:12:13:14:18:20:25:26:28:29:30:38:40:41:48:66:71:75:76:77:78:79
+CSYSSEL: "nsa_nr5g_band",1:2:3:5:7:8:12:14:18:20:25:26:28:29:30:38:40:41:48:66:71:75:76:77:78:79:257:258:260:261
+CSYSSEL: "nrdc_nr5g_band",1:2:3:5:7:8:12:14:18:20:25:26:28:29:30:38:40:41:48:66:71:75:76:77:78:79:257:258:260:261
+CSYSSEL: "lte_band",1:2:3:4:5:7:8:12:13:14:17:18:19:20:25:26:28:29:30:32:34:38:39:40:41:42:43:46:48:66:71
+CSYSSEL: "w_band",1:2:4:5:6:8:19
+CSYSSEL: "rat_acq_order",5:9:12
OK

[09:13:19.853][DUT] [check 5g module ANT]--
2025/08/07 09:13:19 [1]	[DUT] [check 5g module ANT] ~~ TestTime:0.1799001 sec
2025/08/07 09:13:19 [1]	Run WUIO003-155:check 5g module ANT	Mode: 1, Retry: 3
[09:13:19.853][DUT] [check 5g module ANT]++
2025/08/07 09:13:19 [1]	(UART) > test5g AT+CSYSSEL=?

2025/08/07 09:13:20 [1]	(UART) < test5g AT+CSYSSEL=?
root@NOKIA360Camera-Valo360:/root$ 
root@NOKIA360Camera-Valo360:/root$ AT+CSYSSEL=?
+CSYSSEL: "nr5g_disable",(0-2)
+CSYSSEL: "nr5g_band",1:2:3:5:7:8:12:13:14:18:20:25:26:28:29:30:38:40:41:48:66:71:75:76:77:78:79
+CSYSSEL: "nsa_nr5g_band",1:2:3:5:7:8:12:14:18:20:25:26:28:29:30:38:40:41:48:66:71:75:76:77:78:79:257:258:260:261
+CSYSSEL: "nrdc_nr5g_band",1:2:3:5:7:8:12:14:18:20:25:26:28:29:30:38:40:41:48:66:71:75:76:77:78:79:257:258:260:261
+CSYSSEL: "lte_band",1:2:3:4:5:7:8:12:13:14:17:18:19:20:25:26:28:29:30:32:34:38:39:40:41:42:43:46:48:66:71
+CSYSSEL: "w_band",1:2:4:5:6:8:19
+CSYSSEL: "rat_acq_order",5:9:12
OK

[09:13:20.033][DUT] [check 5g module ANT]--
2025/08/07 09:13:20 [1]	[DUT] [check 5g module ANT] ~~ TestTime:0.1798798 sec
2025/08/07 09:13:20 [1]	Run WUIO003-156:check 5g module ANT	Mode: 1, Retry: 3
[09:13:20.033][DUT] [check 5g module ANT]++
2025/08/07 09:13:20 [1]	(UART) > test5g AT+CSYSSEL=?

2025/08/07 09:13:20 [1]	(UART) < test5g AT+CSYSSEL=?
root@NOKIA360Camera-Valo360:/root$ 
root@NOKIA360Camera-Valo360:/root$ AT+CSYSSEL=?
+CSYSSEL: "nr5g_disable",(0-2)
+CSYSSEL: "nr5g_band",1:2:3:5:7:8:12:13:14:18:20:25:26:28:29:30:38:40:41:48:66:71:75:76:77:78:79
+CSYSSEL: "nsa_nr5g_band",1:2:3:5:7:8:12:14:18:20:25:26:28:29:30:38:40:41:48:66:71:75:76:77:78:79:257:258:260:261
+CSYSSEL: "nrdc_nr5g_band",1:2:3:5:7:8:12:14:18:20:25:26:28:29:30:38:40:41:48:66:71:75:76:77:78:79:257:258:260:261
+CSYSSEL: "lte_band",1:2:3:4:5:7:8:12:13:14:17:18:19:20:25:26:28:29:30:32:34:38:39:40:41:42:43:46:48:66:71
+CSYSSEL: "w_band",1:2:4:5:6:8:19
+CSYSSEL: "rat_acq_order",5:9:12
OK

[09:13:20.213][DUT] [check 5g module ANT]--
2025/08/07 09:13:20 [1]	[DUT] [check 5g module ANT] ~~ TestTime:0.1799077 sec
2025/08/07 09:13:20 [1]	Run WUIO003-157:check 5g module ANT	Mode: 1, Retry: 3
[09:13:20.213][DUT] [check 5g module ANT]++
2025/08/07 09:13:20 [1]	(UART) > test5g AT+CSYSSEL=?

2025/08/07 09:13:20 [1]	(UART) < test5g AT+CSYSSEL=?
root@NOKIA360Camera-Valo360:/root$ 
root@NOKIA360Camera-Valo360:/root$ AT+CSYSSEL=?
+CSYSSEL: "nr5g_disable",(0-2)
+CSYSSEL: "nr5g_band",1:2:3:5:7:8:12:13:14:18:20:25:26:28:29:30:38:40:41:48:66:71:75:76:77:78:79
+CSYSSEL: "nsa_nr5g_band",1:2:3:5:7:8:12:14:18:20:25:26:28:29:30:38:40:41:48:66:71:75:76:77:78:79:257:258:260:261
+CSYSSEL: "nrdc_nr5g_band",1:2:3:5:7:8:12:14:18:20:25:26:28:29:30:38:40:41:48:66:71:75:76:77:78:79:257:258:260:261
+CSYSSEL: "lte_band",1:2:3:4:5:7:8:12:13:14:17:18:19:20:25:26:28:29:30:32:34:38:39:40:41:42:43:46:48:66:71
+CSYSSEL: "w_band",1:2:4:5:6:8:19
+CSYSSEL: "rat_acq_order",5:9:12
OK

[09:13:20.393][DUT] [check 5g module ANT]--
2025/08/07 09:13:20 [1]	[DUT] [check 5g module ANT] ~~ TestTime:0.1799253 sec
2025/08/07 09:13:20 [1]	Run WUIO003-158:check 5g module ANT	Mode: 1, Retry: 3
[09:13:20.393][DUT] [check 5g module ANT]++
2025/08/07 09:13:20 [1]	(UART) > test5g AT+CSYSSEL=?

2025/08/07 09:13:20 [1]	(UART) < test5g AT+CSYSSEL=?
root@NOKIA360Camera-Valo360:/root$ 
root@NOKIA360Camera-Valo360:/root$ AT+CSYSSEL=?
+CSYSSEL: "nr5g_disable",(0-2)
+CSYSSEL: "nr5g_band",1:2:3:5:7:8:12:13:14:18:20:25:26:28:29:30:38:40:41:48:66:71:75:76:77:78:79
+CSYSSEL: "nsa_nr5g_band",1:2:3:5:7:8:12:14:18:20:25:26:28:29:30:38:40:41:48:66:71:75:76:77:78:79:257:258:260:261
+CSYSSEL: "nrdc_nr5g_band",1:2:3:5:7:8:12:14:18:20:25:26:28:29:30:38:40:41:48:66:71:75:76:77:78:79:257:258:260:261
+CSYSSEL: "lte_band",1:2:3:4:5:7:8:12:13:14:17:18:19:20:25:26:28:29:30:32:34:38:39:40:41:42:43:46:48:66:71
+CSYSSEL: "w_band",1:2:4:5:6:8:19
+CSYSSEL: "rat_acq_order",5:9:12
OK

[09:13:20.573][DUT] [check 5g module ANT]--
2025/08/07 09:13:20 [1]	[DUT] [check 5g module ANT] ~~ TestTime:0.1799041 sec
2025/08/07 09:13:20 [1]	Run WUIO003-159:check 5g module ANT	Mode: 1, Retry: 3
[09:13:20.573][DUT] [check 5g module ANT]++
2025/08/07 09:13:20 [1]	(UART) > test5g AT+CSYSSEL=?

2025/08/07 09:13:20 [1]	(UART) < test5g AT+CSYSSEL=?
root@NOKIA360Camera-Valo360:/root$ 
root@NOKIA360Camera-Valo360:/root$ AT+CSYSSEL=?
+CSYSSEL: "nr5g_disable",(0-2)
+CSYSSEL: "nr5g_band",1:2:3:5:7:8:12:13:14:18:20:25:26:28:29:30:38:40:41:48:66:71:75:76:77:78:79
+CSYSSEL: "nsa_nr5g_band",1:2:3:5:7:8:12:14:18:20:25:26:28:29:30:38:40:41:48:66:71:75:76:77:78:79:257:258:260:261
+CSYSSEL: "nrdc_nr5g_band",1:2:3:5:7:8:12:14:18:20:25:26:28:29:30:38:40:41:48:66:71:75:76:77:78:79:257:258:260:261
+CSYSSEL: "lte_band",1:2:3:4:5:7:8:12:13:14:17:18:19:20:25:26:28:29:30:32:34:38:39:40:41:42:43:46:48:66:71
+CSYSSEL: "w_band",1:2:4:5:6:8:19
+CSYSSEL: "rat_acq_order",5:9:12
OK

[09:13:20.753][DUT] [check 5g module ANT]--
2025/08/07 09:13:20 [1]	[DUT] [check 5g module ANT] ~~ TestTime:0.1798806 sec
2025/08/07 09:13:20 [1]	Run B7PL025-160:Wait	Mode: 0, Retry: 3
[09:13:20.753][PC] [Wait]++
2025/08/07 09:13:20 [1]	> :Delay,"2000"
2025/08/07 09:13:22 [1]	< 0
[09:13:22.762][PC] [Wait]--
2025/08/07 09:13:22 [1]	[PC] [Wait] ~~ TestTime:2.0089504 sec
2025/08/07 09:13:22 [1]	Run WUIO003-161:check 5g module ANT	Mode: 1, Retry: 3
[09:13:22.762][DUT] [check 5g module ANT]++
2025/08/07 09:13:22 [1]	(UART) > test5g at+cqcnv

2025/08/07 09:13:22 [1]	(UART) < test5g at+cqcnv
root@NOKIA360Camera-Valo360:/root$ 
root@NOKIA360Camera-Valo360:/root$ at+cqcnv
+CQCNV: "SDX65_131_SIM8380G-M2-HS_B3J2W550_QTM545_838_900_P1.03_20250103"
OK

[09:13:22.912][DUT] [check 5g module ANT]--
2025/08/07 09:13:22 [1]	[DUT] [check 5g module ANT] ~~ TestTime:0.1498683 sec
2025/08/07 09:13:22 [1]	Run WUIO003-162:check 5g module ANT	Mode: 1, Retry: 3
[09:13:22.912][DUT] [check 5g module ANT]++
2025/08/07 09:13:22 [1]	(UART) > test5g at+csub

2025/08/07 09:13:23 [1]	(UART) < test5g at+csub
root@NOKIA360Camera-Valo360:/root$ 
root@NOKIA360Camera-Valo360:/root$ at+csub
+CSUB: B02V02
+CSUB: SDX65_LE131_M2_M44_PCIE_HS_V1.05_250121
OK

[09:13:23.062][DUT] [check 5g module ANT]--
2025/08/07 09:13:23 [1]	[DUT] [check 5g module ANT] ~~ TestTime:0.1499755 sec
2025/08/07 09:13:23 [1]	Run B7PL025-163:Wait	Mode: 0, Retry: 3
[09:13:23.062][PC] [Wait]++
2025/08/07 09:13:23 [1]	> :Delay,"000"
2025/08/07 09:13:23 [1]	< 0
[09:13:23.062][PC] [Wait]--
2025/08/07 09:13:23 [1]	[PC] [Wait] ~~ TestTime:0 sec
2025/08/07 09:13:23 [1]	B7PL025-163:@STEP067@CHECK  5G Antenna(SAM need) Test is Pass ! 		----- 3.6283941 Sec.
2025/08/07 09:13:23 [1]	DUT Test Completed !        ----- 3.6383893 Sec.
2025/08/07 09:13:23 [1]	Execute Phase 24 Test.
2025/08/07 09:13:23 [1]	Do @STEP069@UPLOAD DATA  to SFIS
2025/08/07 09:13:23 [1]	:@STEP069@UPLOAD DATA  to SFIS Test is Pass ! 		----- 0 Sec.
2025/08/07 09:13:23 [1]	Do @STEP070@UPLOAD DATA  only 5G SFIS
2025/08/07 09:13:23 [1]	Run OTFX076-175:Check SKU	Mode: 4, Retry: 3
[09:13:23.191][DUT] [Check SKU]++
2025/08/07 09:13:23 [1]	(UART) > diag -g sku

2025/08/07 09:13:23 [1]	(UART) < diag -g sku
diag: sku N3C2401C
root@NOKIA360Camera-Valo360:/root$ 
root@NOKIA360Camera-Valo360:/root$ 
[09:13:23.261][DUT] [Check SKU]--
2025/08/07 09:13:23 [1]	[DUT] [Check SKU] ~~ TestTime:0.0702915 sec
2025/08/07 09:13:23 [1]	Run B7PL025-178:Wait	Mode: 1, Retry: 3
[09:13:23.261][PC] [Wait]++
2025/08/07 09:13:23 [1]	> :Delay,"000"
2025/08/07 09:13:23 [1]	< 0
[09:13:23.261][PC] [Wait]--
2025/08/07 09:13:23 [1]	[PC] [Wait] ~~ TestTime:0 sec
2025/08/07 09:13:23 [1]	B7PL025-178:@STEP070@UPLOAD DATA  only 5G SFIS Test is Pass ! 		----- 0.0702915 Sec.
2025/08/07 09:13:23 [1]	DUT Test Completed !        ----- 0.0899754 Sec.
2025/08/07 09:13:23 [1]	All Test Completed !        ----- 201.12557 Sec.
2025/08/07 09:13:23 [1]	TotalCount:12-YR:33%
2025/08/07 09:13:23 [1]	Report name: Funtion_WE253100002_2025-08-07_09-13-23.ct
2025/08/07 09:13:23 [1]	Execute Phase 97 Test.
2025/08/07 09:13:23 [1]	Do @STEP072@Disconnect UART
2025/08/07 09:13:23 [1]	Run B7PL025-179:Disconnect UART	Mode: 3, Retry: 3
[09:13:23.371][PC] [Disconnect UART]++
2025/08/07 09:13:23 [1]	> :Disconnect,"UART"
2025/08/07 09:13:23 [1]	< 0
[09:13:23.481][PC] [Disconnect UART]--
2025/08/07 09:13:23 [1]	[PC] [Disconnect UART] ~~ TestTime:0.1102757 sec
2025/08/07 09:13:23 [1]	Run B7PL025-180:Close SSH	Mode: 3, Retry: 3
[09:13:23.481][PC] [Close SSH]++
2025/08/07 09:13:23 [1]	> :Disconnect,"UARTF"
2025/08/07 09:13:23 [1]	< 0
[09:13:23.491][PC] [Close SSH]--
2025/08/07 09:13:23 [1]	[PC] [Close SSH] ~~ TestTime:0.0096327 sec
2025/08/07 09:13:23 [1]	Run B7PL025-181:Force reboot	Mode: 0, Retry: 3
[09:13:23.491][DUT] [Force reboot]++
2025/08/07 09:13:23 [1]	(UART) > shutdown.sh

2025/08/07 09:13:24 [1]	(UART) < shutdown.sh
[0;41mPlease unplug POE! (1)[0m


[09:13:24.661][DUT] [Force reboot]--
2025/08/07 09:13:24 [1]	[DUT] [Force reboot] ~~ TestTime:1.1697303 sec
2025/08/07 09:13:24 [1]	Run B7PL025-182:Power OFF	Mode: 0, Retry: 3
[09:13:24.661][FIXTURE] [Power OFF]++
2025/08/07 09:13:24 [1]	(UARTF) > L

2025/08/07 09:13:24 [1]	(UARTF) < 
[09:13:24.771][FIXTURE] [Power OFF]--
2025/08/07 09:13:24 [1]	[FIXTURE] [Power OFF] ~~ TestTime:0.1099423 sec
2025/08/07 09:13:24 [1]	Run B7PL025-183:Power OFF	Mode: 0, Retry: 3
[09:13:24.771][FIXTURE] [Power OFF]++
2025/08/07 09:13:24 [1]	(UARTF) > N

2025/08/07 09:13:24 [1]	(UARTF) < 
[09:13:24.771][FIXTURE] [Power OFF]--
2025/08/07 09:13:24 [1]	[FIXTURE] [Power OFF] ~~ TestTime:0 sec
2025/08/07 09:13:24 [1]	Run B7PL025-184:Power OFF	Mode: 0, Retry: 3
[09:13:24.771][FIXTURE] [Power OFF]++
2025/08/07 09:13:24 [1]	(UARTF) > M

2025/08/07 09:13:24 [1]	(UARTF) < 
[09:13:24.771][FIXTURE] [Power OFF]--
2025/08/07 09:13:24 [1]	[FIXTURE] [Power OFF] ~~ TestTime:0 sec
2025/08/07 09:13:24 [1]	B7PL025-184:@STEP072@Disconnect UART Test is Pass ! 		----- 1.399581 Sec.
2025/08/07 09:13:24 [1]	Change color at 97 phase... Status:True... Error:PASS
2025/08/07 09:13:24 [1]	All phase Total Test Time !        ----- 202.9045965 Sec.
2025/08/07 09:13:24 [1]	DUT Test Completed !        ----- 1.468907 Sec.
