2025/08/07 09:25:50 [1]	System Version is 1.1.8.64.
2025/08/07 09:26:08 [1]	Script File is VALO360_TestFlow_20250407_Function.xlsx.
2025/08/07 09:26:08 [1]	Script Version is 2508061510160.
2025/08/07 09:26:08 [1]	Script Creator is jovian_li.
2025/08/07 09:26:08 [1]	Utility Version is 1.0.9.21.
2025/08/07 09:26:08 [1]	DeviceID is 125313.
2025/08/07 09:26:08 [1]	SFIS is off.
2025/08/07 09:26:08 [1]	MiniCloud2 is on.
2025/08/07 09:26:08 [1]	FTP is off.
2025/08/07 09:26:08 [1]	Active IPs:
乙太網路:[6CB311319DBC]#192.168.11.3#
DUT:[6CB311319DBD]#169.254.30.167#
sfis:[FC34973B7871]#10.197.60.68#
2025/08/07 09:26:08 [1]	Script has 1 phase cases
2025/08/07 09:26:08 [1]	Script has 97 phase cases
2025/08/07 09:26:08 [1]	QCODE: (1P) HWNDUSES1096;;(S) WE253100001;;(18V) 18VLENOK;;(10D) 250730;;(4L) MADE IN TAIWAN
****************************************************************************************************
2025/08/07 09:26:08 [1]	Execute Phase 0 Test.
2025/08/07 09:26:08 [1]	Do @STEP002@Get Qcode info FOR PEGA
2025/08/07 09:26:08 [1]	Run ITIF013-000:Compare Qrcode USER	Mode: 1, Retry: 3
2025/08/07 09:26:08 [1]	> :GetVal,"$QCODE"
2025/08/07 09:26:08 [1]	< (1P) HWNDUSES1096;;(S) WE253100001;;(18V) 18VLENOK;;(10D) 250730;;(4L) MADE IN TAIWAN
2025/08/07 09:26:08 [1]	WithinString: WE253100001
2025/08/07 09:26:08 [1]	Compare Qrcode USER Result: SSN=WE253100001
2025/08/07 09:26:08 [1]	CurrentTestID:ITIF013-0000 - The validation: SSN = WE253100001 (@WE,)
2025/08/07 09:26:08 [1]	ITIF013-000:@STEP002@Get Qcode info FOR PEGA Test is Pass ! 		----- 0.0096422 Sec.
2025/08/07 09:26:08 [1]	Do @STEP003@READ ME
2025/08/07 09:26:08 [1]	Run B7PL025-002:SET DEFAULT N3C2401C	Mode: 1, Retry: 3
2025/08/07 09:26:08 [1]	> :SetVal,"$G_VALO360_MODEL","N3C2401C"
2025/08/07 09:26:08 [1]	< 0
2025/08/07 09:26:08 [1]	Run B7PL025-003:GET DEFAULT VALUE	Mode: 1, Retry: 3
2025/08/07 09:26:08 [1]	> :GetVal,"$G_VALO360_MODEL"
2025/08/07 09:26:08 [1]	< N3C2401C
2025/08/07 09:26:08 [1]	Run B7PL025-004:Disconnect UART	Mode: 3, Retry: 3
[09:26:08.127][PC] [Disconnect UART]++
2025/08/07 09:26:08 [1]	> :Disconnect,"UART"
2025/08/07 09:26:08 [1]	< 0
[09:26:08.137][PC] [Disconnect UART]--
2025/08/07 09:26:08 [1]	[PC] [Disconnect UART] ~~ TestTime:0.0100226 sec
2025/08/07 09:26:08 [1]	Run B7PL025-005:Disconnect UARTF	Mode: 3, Retry: 3
[09:26:08.137][PC] [Disconnect UARTF]++
2025/08/07 09:26:08 [1]	> :Disconnect,"UARTF"
2025/08/07 09:26:08 [1]	< 0
[09:26:08.147][PC] [Disconnect UARTF]--
2025/08/07 09:26:08 [1]	[PC] [Disconnect UARTF] ~~ TestTime:0.0099953 sec
2025/08/07 09:26:08 [1]	Run OTFX079-006:Open UART	Mode: 2, Retry: 3
2025/08/07 09:26:08 [1]	> :Connect,"UARTF"
2025/08/07 09:26:08 [1]	< 0
2025/08/07 09:26:08 [1]	OTFX079-006:@STEP003@READ ME Test is Pass ! 		----- 0.1502741 Sec.
2025/08/07 09:26:08 [1]	DUT Test Completed !        ----- 0.1599163 Sec.
2025/08/07 09:26:08 [1]	Execute Phase 1 Test.
2025/08/07 09:26:08 [1]	Do @STEP005@CheckRoute
2025/08/07 09:26:08 [1]	Run B7PL025-007:Show SSN  to UI	Mode: 0, Retry: 3
[09:26:08.358][PC] [Show SSN  to UI]++
2025/08/07 09:26:08 [1]	> :ShowISN,"WE253100001"
2025/08/07 09:26:08 [1]	< 0
[09:26:08.367][PC] [Show SSN  to UI]--
2025/08/07 09:26:08 [1]	[PC] [Show SSN  to UI] ~~ TestTime:0.0096399 sec
2025/08/07 09:26:08 [1]	B7PL025-007:@STEP005@CheckRoute Test is Pass ! 		----- 0.0096399 Sec.
2025/08/07 09:26:08 [1]	Do @STEP006@GETSSN
2025/08/07 09:26:08 [1]	:@STEP006@GETSSN Test is Pass ! 		----- 0 Sec.
2025/08/07 09:26:08 [1]	Do @STEP007@GET sfisHW
2025/08/07 09:26:08 [1]	:@STEP007@GET sfisHW Test is Pass ! 		----- 0 Sec.
2025/08/07 09:26:08 [1]	Do @STEP008@GET sfisSKU
2025/08/07 09:26:08 [1]	:@STEP008@GET sfisSKU Test is Pass ! 		----- 0 Sec.
2025/08/07 09:26:08 [1]	Do @STEP009@GET sfisETH MAC
2025/08/07 09:26:08 [1]	:@STEP009@GET sfisETH MAC Test is Pass ! 		----- 0 Sec.
2025/08/07 09:26:08 [1]	Do @STEP010@GET sfisIVKEY
2025/08/07 09:26:08 [1]	Pop window skips by ExecMode = 6.
2025/08/07 09:26:08 [1]	:@STEP010@GET sfisIVKEY Test is Pass ! 		----- 0 Sec.
2025/08/07 09:26:08 [1]	Do @STEP011@GET sfisMOKP_SN
2025/08/07 09:26:08 [1]	:@STEP011@GET sfisMOKP_SN Test is Pass ! 		----- 0 Sec.
2025/08/07 09:26:08 [1]	DUT Test Completed !        ----- 0.0496184 Sec.
2025/08/07 09:26:08 [1]	Execute Phase 2 Test.
2025/08/07 09:26:08 [1]	Do @STEP013@Check Valo360 model
2025/08/07 09:26:08 [1]	Run B7PL025-018:Chack Custom data	Mode: 1, Retry: 3
2025/08/07 09:26:08 [1]	> :GetVal,"$G_VALO360_MODEL"
2025/08/07 09:26:08 [1]	< N3C2401C
2025/08/07 09:26:08 [1]	B7PL025-018:@STEP013@Check Valo360 model Test is Pass ! 		----- 0 Sec.
2025/08/07 09:26:08 [1]	Do @STEP014@SET iplus Modelname_Valo360_5G
2025/08/07 09:26:08 [1]	Run B7PL025-019:Chack Custom data	Mode: 4, Retry: 3
2025/08/07 09:26:08 [1]	> :GetVal,"$G_VALO360_MODEL"
2025/08/07 09:26:08 [1]	< N3C2401C
2025/08/07 09:26:08 [1]	Run B7PL025-020:Set Iplus modename	Mode: 1, Retry: 3
2025/08/07 09:26:08 [1]	> :SetModelName,"N3C2401C"
2025/08/07 09:26:08 [1]	< N3C2401C
2025/08/07 09:26:08 [1]	Run B7PL025-021:Get Iplus modename	Mode: 1, Retry: 3
2025/08/07 09:26:08 [1]	> :GetModelName
2025/08/07 09:26:08 [1]	< N3C2401C
2025/08/07 09:26:08 [1]	Run B7PL025-022:WaitBoot	Mode: 1, Retry: 3
2025/08/07 09:26:08 [1]	> :Delay,"0"
2025/08/07 09:26:08 [1]	< 0
2025/08/07 09:26:08 [1]	B7PL025-022:@STEP014@SET iplus Modelname_Valo360_5G Test is Pass ! 		----- 0.0199858 Sec.
2025/08/07 09:26:08 [1]	Do @STEP015@SET iplus Modelname_Valo360_WIFI
2025/08/07 09:26:08 [1]	Run B7PL025-023:Chack Custom data	Mode: 4, Retry: 3
2025/08/07 09:26:08 [1]	> :GetVal,"$G_VALO360_MODEL"
2025/08/07 09:26:08 [1]	< N3C2401C
2025/08/07 09:26:08 [1]	Run B7PL025-026:WaitBoot	Mode: 1, Retry: 3
2025/08/07 09:26:08 [1]	> :Delay,"0"
2025/08/07 09:26:08 [1]	< 0
2025/08/07 09:26:08 [1]	B7PL025-026:@STEP015@SET iplus Modelname_Valo360_WIFI Test is Pass ! 		----- 0.0099669 Sec.
2025/08/07 09:26:08 [1]	Do @STEP016@SET iplus Modelname_Valo360_noBattery
2025/08/07 09:26:08 [1]	Run B7PL025-027:Chack Custom data	Mode: 4, Retry: 3
2025/08/07 09:26:08 [1]	> :GetVal,"$N3C2401NB"
2025/08/07 09:26:08 [1]	< Not Found
2025/08/07 09:26:08 [1]	Run B7PL025-030:WaitBoot	Mode: 1, Retry: 3
2025/08/07 09:26:08 [1]	> :Delay,"0"
2025/08/07 09:26:08 [1]	< 0
2025/08/07 09:26:08 [1]	Pop window skips by ExecMode = 6.
2025/08/07 09:26:08 [1]	B7PL025-030:@STEP016@SET iplus Modelname_Valo360_noBattery Test is Pass ! 		----- 0.0099941 Sec.
2025/08/07 09:26:08 [1]	DUT Test Completed !        ----- 0.0699623 Sec.
2025/08/07 09:26:08 [1]	Execute Phase 3 Test.
2025/08/07 09:26:08 [1]	Do @STEP018@Login
2025/08/07 09:26:08 [1]	Run OTFX079-032:Open UART	Mode: 2, Retry: 3
2025/08/07 09:26:08 [1]	> :Connect,"UARTF"
2025/08/07 09:26:08 [1]	< 0
2025/08/07 09:26:08 [1]	Run B7PL025-033:Power ON	Mode: 0, Retry: 3
[09:26:08.687][FIXTURE] [Power ON]++
2025/08/07 09:26:08 [1]	(UARTF) > G

2025/08/07 09:26:08 [1]	(UARTF) < 
[09:26:08.697][FIXTURE] [Power ON]--
2025/08/07 09:26:08 [1]	[FIXTURE] [Power ON] ~~ TestTime:0.0099666 sec
2025/08/07 09:26:08 [1]	Run B7PL025-034:Wait Boot	Mode: 1, Retry: 3
2025/08/07 09:26:08 [1]	> :Delay,"1000"
2025/08/07 09:26:09 [1]	< 0
2025/08/07 09:26:09 [1]	Run OTFX079-035:PC##Ping Ethernet Test	Mode: 2, Retry: 3
2025/08/07 09:26:09 [1]	> :Utility.PING,"192.168.11.143","70000","192.168.11.3"
2025/08/07 09:26:41 [1]	< 
2025/08/07 09:26:41 [1]	< 0
2025/08/07 09:26:41 [1]	Run OTFX079-036:Wait	Mode: 1, Retry: 3
[09:26:41.785][PC] [Wait]++
2025/08/07 09:26:41 [1]	> :Delay,"2000"
2025/08/07 09:26:43 [1]	< 0
[09:26:43.794][PC] [Wait]--
2025/08/07 09:26:43 [1]	[PC] [Wait] ~~ TestTime:2.0093161 sec
2025/08/07 09:26:43 [1]	OTFX079-036:@STEP018@Login Test is Pass ! 			----- 35.1072933 Sec.
2025/08/07 09:26:43 [1]	Do @STEP019@check bootup
2025/08/07 09:26:43 [1]	Run OTFX079-037:Open UART	Mode: 0, Retry: 3
2025/08/07 09:26:43 [1]	> :Connect,"UART"
2025/08/07 09:26:43 [1]	< 0
2025/08/07 09:26:43 [1]	Run OTFX079-038:Wait	Mode: 1, Retry: 3
[09:26:43.934][PC] [Wait]++
2025/08/07 09:26:43 [1]	> :Delay,"10000"
2025/08/07 09:26:53 [1]	< 0
[09:26:53.943][PC] [Wait]--
2025/08/07 09:26:53 [1]	[PC] [Wait] ~~ TestTime:10.0092297 sec
2025/08/07 09:26:53 [1]	Run OTFX079-039:Check Boot	Mode: 2, Retry: 3
[09:26:53.943][DUT] [Check Boot]++
2025/08/07 09:26:53 [1]	(UART) > 

2025/08/07 09:26:53 [1]	(UART) < 
root@NOKIA360Camera-N3C2401C:/root$ 
root@NOKIA360Camera-N3C2401C:/root$ 
[09:26:53.973][DUT] [Check Boot]--
2025/08/07 09:26:53 [1]	[DUT] [Check Boot] ~~ TestTime:0.029994 sec
2025/08/07 09:26:53 [1]	OTFX079-039:@STEP019@check bootup Test is Pass ! 		----- 10.1694865 Sec.
2025/08/07 09:26:53 [1]	DUT Test Completed !        ----- 45.2963104 Sec.
2025/08/07 09:26:54 [1]	Execute Phase 4 Test.
2025/08/07 09:26:54 [1]	Do @STEP021@Check FW version
2025/08/07 09:26:54 [1]	Run B7PL025-040:Open UART	Mode: 1, Retry: 3
[09:26:54.063][PC] [Open UART]++
2025/08/07 09:26:54 [1]	> :Connect,"UART"
2025/08/07 09:26:54 [1]	< 0
[09:26:54.063][PC] [Open UART]--
2025/08/07 09:26:54 [1]	[PC] [Open UART] ~~ TestTime:0 sec
2025/08/07 09:26:54 [1]	Run B7PL025-041:BOOT UP OK	Mode: 2, Retry: 3
[09:26:54.063][PC] [BOOT UP OK]++
2025/08/07 09:26:54 [1]	(UART) > 

2025/08/07 09:26:54 [1]	(UART) < 
root@NOKIA360Camera-N3C2401C:/root$ 
root@NOKIA360Camera-N3C2401C:/root$ 
[09:26:54.103][PC] [BOOT UP OK]--
2025/08/07 09:26:54 [1]	[PC] [BOOT UP OK] ~~ TestTime:0.040312 sec
2025/08/07 09:26:54 [1]	Run B7PL025-042:Wait	Mode: 0, Retry: 3
2025/08/07 09:26:54 [1]	> :Delay,"5000"
2025/08/07 09:26:59 [1]	< 0
2025/08/07 09:26:59 [1]	Run VSCH026-043:Chec Frimware version	Mode: 0, Retry: 3
[09:26:59.111][DUT] [Chec Frimware version]++
2025/08/07 09:26:59 [1]	(UART) > pegacmd version

2025/08/07 09:26:59 [1]	(UART) < pegacmd version
0.5.4.37.0_b5838c4
root@NOKIA360Camera-N3C2401C:/root$ 
root@NOKIA360Camera-N3C2401C:/root$ 
[09:26:59.171][DUT] [Chec Frimware version]--
2025/08/07 09:26:59 [1]	[DUT] [Chec Frimware version] ~~ TestTime:0.0599673 sec
2025/08/07 09:26:59 [1]	Run IOET151-044:Check ETH LINK status	Mode: 1, Retry: 3
[09:26:59.171][PC] [Check ETH LINK status]++
2025/08/07 09:26:59 [1]	(UART) > diag -g status eth0

2025/08/07 09:27:00 [1]	(UART) < diag -g status eth0
link: up
duplex: full
speed: 1000
root@NOKIA360Camera-N3C2401C:/root$ 
root@NOKIA360Camera-N3C2401C:/root$ 
[09:27:00.190][PC] [Check ETH LINK status]--
2025/08/07 09:27:00 [1]	[PC] [Check ETH LINK status] ~~ TestTime:1.0194569 sec
2025/08/07 09:27:00 [1]	Run B7PL025-045:Wait	Mode: 0, Retry: 3
[09:27:00.190][PC] [Wait]++
2025/08/07 09:27:00 [1]	> :Delay,"0"
2025/08/07 09:27:00 [1]	< 0
[09:27:00.190][PC] [Wait]--
2025/08/07 09:27:00 [1]	[PC] [Wait] ~~ TestTime:0 sec
2025/08/07 09:27:00 [1]	B7PL025-045:@STEP021@Check FW version Test is Pass ! 		----- 6.1270595 Sec.
2025/08/07 09:27:00 [1]	DUT Test Completed !        ----- 6.1370537 Sec.
2025/08/07 09:27:00 [1]	Execute Phase 5 Test.
2025/08/07 09:27:00 [1]	Do @STEP023@SET Product_SKU
2025/08/07 09:27:00 [1]	Run B7PL025-046:Check SFIS Enabled	Mode: 4, Retry: 3
2025/08/07 09:27:00 [1]	> :SfEnabled
2025/08/07 09:27:00 [1]	< 0
2025/08/07 09:27:00 [1]	Run B7PL025-050:Wait	Mode: 0, Retry: 3
[09:27:00.310][PC] [Wait]++
2025/08/07 09:27:00 [1]	> :Delay,"0"
2025/08/07 09:27:00 [1]	< 0
[09:27:00.310][PC] [Wait]--
2025/08/07 09:27:00 [1]	[PC] [Wait] ~~ TestTime:0 sec
2025/08/07 09:27:00 [1]	B7PL025-050:@STEP023@SET Product_SKU Test is Pass ! 		----- 0 Sec.
2025/08/07 09:27:00 [1]	DUT Test Completed !        ----- 0.0096777 Sec.
2025/08/07 09:27:00 [1]	Execute Phase 6 Test.
2025/08/07 09:27:00 [1]	Do @STEP025@CHECK  BATTERY
2025/08/07 09:27:00 [1]	Run OTFX076-051:Check SKU	Mode: 4, Retry: 3
[09:27:00.430][DUT] [Check SKU]++
2025/08/07 09:27:00 [1]	(UART) > diag -g sku

2025/08/07 09:27:02 [1]	(UART) < diag -g sku
diag: sku N3C2401C
root@NOKIA360Camera-N3C2401C:/root$ 
root@NOKIA360Camera-N3C2401C:/root$ AT+CFUN=5
OK
[   40.413115] bq24780-charger 2-0009: gauge not yet initialized!

[09:27:02.439][DUT] [Check SKU]--
2025/08/07 09:27:02 [1]	[DUT] [Check SKU] ~~ TestTime:2.0091835 sec
2025/08/07 09:27:02 [1]	Run B7PL025-052:Disable Battery shiping mode	Mode: 1, Retry: 3
[09:27:02.439][PC] [Disable Battery shiping mode]++
2025/08/07 09:27:02 [1]	(UART) > kill_processor.sh monitoring-shutdown.sh

2025/08/07 09:27:02 [1]	(UART) < kill_processor.sh monitoring-shutdown.sh
Killed
root@NOKIA360Camera-N3C2401C:/root$ 
root@NOKIA360Camera-N3C2401C:/root$ 
[09:27:02.499][PC] [Disable Battery shiping mode]--
2025/08/07 09:27:02 [1]	[PC] [Disable Battery shiping mode] ~~ TestTime:0.0600698 sec
2025/08/07 09:27:02 [1]	Run B7PL025-053:Disable Battery limit on 55%	Mode: 1, Retry: 3
[09:27:02.499][PC] [Disable Battery limit on 55%]++
2025/08/07 09:27:02 [1]	(UART) > echo 0 > /sys/bus/i2c/devices/14-0055/charger_monitor_perc

2025/08/07 09:27:02 [1]	(UART) < echo 0 > /sys/bus/i2c/devices/14-0055/charge
r_monitor_perc
root@NOKIA360Camera-N3C2401C:/root$ 
root@NOKIA360Camera-N3C2401C:/root$ 
[09:27:02.559][PC] [Disable Battery limit on 55%]--
2025/08/07 09:27:02 [1]	[PC] [Disable Battery limit on 55%] ~~ TestTime:0.0599721 sec
2025/08/07 09:27:02 [1]	Run B7PL025-054:HW ASK Wait battery stable	Mode: 0, Retry: 3
[09:27:02.559][PC] [HW ASK Wait battery stable]++
2025/08/07 09:27:02 [1]	> :Delay,"20000"
2025/08/07 09:27:22 [1]	< 0
[09:27:22.565][PC] [HW ASK Wait battery stable]--
2025/08/07 09:27:22 [1]	[PC] [HW ASK Wait battery stable] ~~ TestTime:20.0058596 sec
2025/08/07 09:27:22 [1]	Run IPIO006-055:read Battery info	Mode: 1, Retry: 3
[09:27:22.565][DUT] [read Battery info]++
2025/08/07 09:27:22 [1]	(UART) > cat /sys/bus/i2c/devices/2-0009/cmpout_gpio

2025/08/07 09:27:27 [1]	(UART) < [   60.813104] bq24780-charger 2-0009: gauge not yet initialized!
cat /sys/bus/i2c/devices/2-0009/cmpout_gpio
0
root@NOKIA360Camera-N3C2401C:/root$ 
root@NOKIA360Camera-N3C2401C:/root$ [   64.652238] nvt_i2c 2f014e000.i2c: i2c_nvtim_xfer_msg(773) NACK!
[   64.658276] nvt_i2c 2f014e000.i2c: i2c_nvtim_rst_module: staus 0x10000000
[   64.665048] nvt_i2c 2f014e000.i2c: i2c_nvtim_xfer addr 0x55 ret -121 rtytimes remain 2 
[   64.673131] nvt_i2c 2f014e000.i2c: i2c_nvtim_xfer_msg(773) NACK!
[   64.679157] nvt_i2c 2f014e000.i2c: i2c_nvtim_rst_module: staus 0x10000000
[   64.685926] nvt_i2c 2f014e000.i2c: i2c_nvtim_xfer addr 0x55 ret -121 rtytimes remain 1 
[   64.694009] nvt_i2c 2f014e000.i2c: i2c_nvtim_xfer_msg(773) NACK!
[   64.700036] nvt_i2c 2f014e000.i2c: i2c_nvtim_rst_module: staus 0x10000000
[   64.706813] bq27xxx-battery 14-0055: bq27xxx_battery_i2c_read() failed to do i2c_transfer()
[   64.715142] nvt_i2c 2f014e000.i2c: i2c_nvtim_xfer_msg(773) NACK!
[   64.721168] nvt_i2c 2f014e000.i2c: i2c_nvtim_rst_module: staus 0x10000000
[   64.727937] nvt_i2c 2f014e000.i2c: i2c_nvtim_xfer addr 0x55 ret -121 rtytimes remain 2 
[   64.736022] nvt_i2c 2f014e000.i2c: i2c_nvtim_xfer_msg(773) NACK!
[   64.742052] nvt_i2c 2f014e000.i2c: i2c_nvtim_rst_module: staus 0x10000000
[   64.748824] nvt_i2c 2f014e000.i2c: i2c_nvtim_xfer addr 0x55 ret -121 rtytimes remain 1 
[   64.756907] nvt_i2c 2f014e000.i2c: i2c_nvtim_xfer_msg(773) NACK!
[   64.762940] nvt_i2c 2f014e000.i2c: i2c_nvtim_rst_module: staus 0x10000000
[   64.769708] bq27xxx-battery 14-0055: bq27xxx_battery_i2c_read() failed to do i2c_transfer()
[   64.893117] bq24780-charger 2-0009: gauge not yet initialized!

[09:27:27.574][DUT] [read Battery info]--
2025/08/07 09:27:27 [1]	[DUT] [read Battery info] ~~ TestTime:5.0092321 sec
2025/08/07 09:27:27 [1]	Run IPIO006-056:read Battery info	Mode: 1, Retry: 3
[09:27:27.574][DUT] [read Battery info]++
2025/08/07 09:27:27 [1]	(UART) > cat /sys/bus/i2c/devices/14-0055/registers


2025/08/07 09:27:32 [1]	(UART) < cat /sys/bus/i2c/de[   65.843933] nvt_i2c 2f014e000.i2c: i2c_nvtim_xfer_msg(773) NACK!
vices/14-0055/registers
[   65.850198] nvt_i2c 2f014e000.i2c: i2c_nvtim_rst_module: staus 0x10000000
[   65.859086] nvt_i2c 2f014e000.i2c: i2c_nvtim_xfer addr 0x55 ret -121 rtytimes remain 2 
[   65.867171] nvt_i2c 2f014e000.i2c: i2c_nvtim_xfer_msg(773) NACK!
[   65.873206] nvt_i2c 2f014e000.i2c: i2c_nvtim_rst_module: staus 0x10000000
[   65.879976] nvt_i2c 2f014e000.i2c: i2c_nvtim_xfer addr 0x55 ret -121 rtytimes remain 1 
[   65.888058] nvt_i2c 2f014e000.i2c: i2c_nvtim_xfer_msg(773) NACK!
[   65.894094] nvt_i2c 2f014e000.i2c: i2c_nvtim_rst_module: staus 0x10000000
[   65.900864] bq27xxx-battery 14-0055: bq27xxx_battery_i2c_read() failed to do i2c_transfer()
[   65.909197] bq27xxx-battery 14-0055: Failed to read Temperature register:0x06, id:-121
[   65.917195] nvt_i2c 2f014e000.i2c: i2c_nvtim_xfer_msg(773) NACK!
[   65.923229] nvt_i2c 2f014e000.i2c: i2c_nvtim_rst_module: staus 0x10000000
[   65.929999] nvt_i2c 2f014e000.i2c: i2c_nvtim_xfer addr 0x55 ret -121 rtytimes remain 2 
[   65.938096] nvt_i2c 2f014e000.i2c: i2c_nvtim_xfer_msg(773) NACK!
[   65.944132] nvt_i2c 2f014e000.i2c: i2c_nvtim_rst_module: staus 0x10000000
[   65.950902] nvt_i2c 2f014e000.i2c: i2c_nvtim_xfer addr 0x55 ret -121 rtytimes remain 1 
[   65.958987] nvt_i2c 2f014e000.i2c: i2c_nvtim_xfer_msg(773) NACK!
[   65.965016] nvt_i2c 2f014e000.i2c: i2c_nvtim_rst_module: staus 0x10000000
[   65.971786] bq27xxx-battery 14-0055: bq27xxx_battery_i2c_read() failed to do i2c_transfer()
[   65.980117] bq27xxx-battery 14-0055: Failed to read Voltage register:0x08, id:-121
[   65.987767] nvt_i2c 2f014e000.i2c: i2c_nvtim_xfer_msg(773) NACK!
[   65.993796] nvt_i2c 2f014e000.i2c: i2c_nvtim_rst_module: staus 0x10000000
[   66.000565] nvt_i2c 2f014e000.i2c: i2c_nvtim_xfer addr 0x55 ret -121 rtytimes remain 2 
[   66.008653] nvt_i2c 2f014e000.i2c: i2c_nvtim_xfer_msg(773) NACK!
[   66.014683] nvt_i2c 2f014e000.i2c: i2c_nvtim_rst_module: staus 0x10000000
[   66.021451] nvt_i2c 2f014e000.i2c: i2c_nvtim_xfer addr 0x55 ret -121 rtytimes remain 1 
[   66.029534] nvt_i2c 2f014e000.i2c: i2c_nvtim_xfer_msg(773) NACK!
[   66.035564] nvt_i2c 2f014e000.i2c: i2c_nvtim_rst_module: staus 0x10000000
[   66.042333] bq27xxx-battery 14-0055: bq27xxx_battery_i2c_read() failed to do i2c_transfer()
[   66.050662] bq27xxx-battery 14-0055: Failed to read Battery Status register:0x0a, id:-121
[   66.058919] nvt_i2c 2f014e000.i2c: i2c_nvtim_xfer_msg(773) NACK!
[   66.064957] nvt_i2c 2f014e000.i2c: i2c_nvtim_rst_module: staus 0x10000000
[   66.071725] nvt_i2c 2f014e000.i2c: i2c_nvtim_xfer addr 0x55 ret -121 rtytimes remain 2 
[   66.079810] nvt_i2c 2f014e000.i2c: i2c_nvtim_xfer_msg(773) NACK!
[   66.085837] nvt_i2c 2f014e000.i2c: i2c_nvtim_rst_module: staus 0x10000000
[   66.092614] nvt_i2c 2f014e000.i2c: i2c_nvtim_xfer addr 0x55 ret -121 rtytimes remain 1 
[   66.100696] nvt_i2c 2f014e000.i2c: i2c_nvtim_xfer_msg(773) NACK!
[   66.106729] nvt_i2c 2f014e000.i2c: i2c_nvtim_rst_module: staus 0x10000000
[   66.113506] bq27xxx-battery 14-0055: bq27xxx_battery_i2c_read() failed to do i2c_transfer()
[   66.121836] bq27xxx-battery 14-0055: Failed to read Current register:0x0c, id:-121
[   66.129488] nvt_i2c 2f014e000.i2c: i2c_nvtim_xfer_msg(773) NACK!
[   66.135522] nvt_i2c 2f014e000.i2c: i2c_nvtim_rst_module: staus 0x10000000
[   66.142290] nvt_i2c 2f014e000.i2c: i2c_nvtim_xfer addr 0x55 ret -121 rtytimes remain 2 
[   66.150371] nvt_i2c 2f014e000.i2c: i2c_nvtim_xfer_msg(773) NACK!
[   66.156410] nvt_i2c 2f014e000.i2c: i2c_nvtim_rst_module: staus 0x10000000
[   66.163180] nvt_i2c 2f014e000.i2c: i2c_nvtim_xfer addr 0x55 ret -121 rtytimes remain 1 
[   66.171258] nvt_i2c 2f014e000.i2c: i2c_nvtim_xfer_msg(773) NACK!
[   66.177292] nvt_i2c 2f014e000.i2c: i2c_nvtim_rst_module: staus 0x10000000
[   66.184060] bq27xxx-battery 14-0055: bq27xxx_battery_i2c_read() failed to do i2c_transfer()
[   66.192389] bq27xxx-battery 14-0055: Failed to read Remaining Capacity register:0x10, id:-121
[   66.200991] nvt_i2c 2f014e000.i2c: i2c_nvtim_xfer_msg(773) NACK!
[   66.207023] nvt_i2c 2f014e000.i2c: i2c_nvtim_rst_module: staus 0x10000000
[   66.213794] nvt_i2c 2f014e000.i2c: i2c_nvtim_xfer addr 0x55 ret -121 rtytimes remain 2 
[   66.221876] nvt_i2c 2f014e000.i2c: i2c_nvtim_xfer_msg(773) NACK!
[   66.227908] nvt_i2c 2f014e000.i2c: i2c_nvtim_rst_module: staus 0x10000000
[   66.234677] nvt_i2c 2f014e000.i2c: i2c_nvtim_xfer addr 0x55 ret -121 rtytimes remain 1 
[   66.242757] nvt_i2c 2f014e000.i2c: i2c_nvtim_xfer_msg(773) NACK!
[   66.248785] nvt_i2c 2f014e000.i2c: i2c_nvtim_rst_module: staus 0x10000000
[   66.255577] bq27xxx-battery 14-0055: bq27xxx_battery_i2c_read() failed to do i2c_transfer()
[   66.263906] bq27xxx-battery 14-0055: Failed to read Full Charge Capacity register:0x12, id:-121
[   66.272687] nvt_i2c 2f014e000.i2c: i2c_nvtim_xfer_msg(773) NACK!
[   66.278717] nvt_i2c 2f014e000.i2c: i2c_nvtim_rst_module: staus 0x10000000
[   66.285486] nvt_i2c 2f014e000.i2c: i2c_nvtim_xfer addr 0x55 ret -121 rtytimes remain 2 
[   66.293567] nvt_i2c 2f014e000.i2c: i2c_nvtim_xfer_msg(773) NACK!
[   66.299596] nvt_i2c 2f014e000.i2c: i2c_nvtim_rst_module: staus 0x10000000
[   66.306368] nvt_i2c 2f014e000.i2c: i2c_nvtim_xfer addr 0x55 ret -121 rtytimes remain 1 
[   66.314452] nvt_i2c 2f014e000.i2c: i2c_nvtim_xfer_msg(773) NACK!
[   66.320478] nvt_i2c 2f014e000.i2c: i2c_nvtim_rst_module: staus 0x10000000
[   66.327253] bq27xxx-battery 14-0055: bq27xxx_battery_i2c_read() failed to do i2c_transfer()
[   66.335581] bq27xxx-battery 14-0055: Failed to read Average Current register:0x14, id:-121
[   66.343924] nvt_i2c 2f014e000.i2c: i2c_nvtim_xfer_msg(773) NACK!
[   66.349953] nvt_i2c 2f014e000.i2c: i2c_nvtim_rst_module: staus 0x10000000
[   66.356726] nvt_i2c 2f014e000.i2c: i2c_nvtim_xfer addr 0x55 ret -121 rtytimes remain 2 
[   66.364806] nvt_i2c 2f014e000.i2c: i2c_nvtim_xfer_msg(773) NACK!
[   66.370832] nvt_i2c 2f014e000.i2c: i2c_nvtim_rst_module: staus 0x10000000
[   66.377608] nvt_i2c 2f014e000.i2c: i2c_nvtim_xfer addr 0x55 ret -121 rtytimes remain 1 
[   66.385689] nvt_i2c 2f014e000.i2c: i2c_nvtim_xfer_msg(773) NACK!
[   66.391715] nvt_i2c 2f014e000.i2c: i2c_nvtim_rst_module: staus 0x10000000
[   66.398487] bq27xxx-battery 14-0055: bq27xxx_battery_i2c_read() failed to do i2c_transfer()
[   66.406818] bq27xxx-battery 14-0055: Failed to read Time To Empty register:0x16, id:-121
[   66.414991] nvt_i2c 2f014e000.i2c: i2c_nvtim_xfer_msg(773) NACK!
[   66.421017] nvt_i2c 2f014e000.i2c: i2c_nvtim_rst_module: staus 0x10000000
[   66.427791] nvt_i2c 2f014e000.i2c: i2c_nvtim_xfer addr 0x55 ret -121 rtytimes remain 2 
[   66.435872] nvt_i2c 2f014e000.i2c: i2c_nvtim_xfer_msg(773) NACK!
[   66.441897] nvt_i2c 2f014e000.i2c: i2c_nvtim_rst_module: staus 0x10000000
[   66.448670] nvt_i2c 2f014e000.i2c: i2c_nvtim_xfer addr 0x55 ret -121 rtytimes remain 1 
[   66.456755] nvt_i2c 2f014e000.i2c: i2c_nvtim_xfer_msg(773) NACK!
[   66.462784] nvt_i2c 2f014e000.i2c: i2c_nvtim_rst_module: staus 0x10000000
[   66.469550] bq27xxx-battery 14-0055: bq27xxx_battery_i2c_read() failed to do i2c_transfer()
[   66.477884] bq27xxx-battery 14-0055: Failed to read Time To Full register:0x18, id:-121
[   66.485967] nvt_i2c 2f014e000.i2c: i2c_nvtim_xfer_msg(773) NACK!
[   66.491992] nvt_i2c 2f014e000.i2c: i2c_nvtim_rst_module: staus 0x10000000
[   66.498780] nvt_i2c 2f014e000.i2c: i2c_nvtim_xfer addr 0x55 ret -121 rtytimes remain 2 
[   66.506865] nvt_i2c 2f014e000.i2c: i2c_nvtim_xfer_msg(773) NACK!
[   66.512894] nvt_i2c 2f014e000.i2c: i2c_nvtim_rst_module: staus 0x10000000
[   66.519660] nvt_i2c 2f014e000.i2c: i2c_nvtim_xfer addr 0x55 ret -121 rtytimes remain 1 
[   66.527751] nvt_i2c 2f014e000.i2c: i2c_nvtim_xfer_msg(773) NACK!
[   66.533779] nvt_i2c 2f014e000.i2c: i2c_nvtim_rst_module: staus 0x10000000
[   66.540545] bq27xxx-battery 14-0055: bq27xxx_battery_i2c_read() failed to do i2c_transfer()
[   66.548877] bq27xxx-battery 14-0055: Failed to read Internal Temperature register:0x28, id:-121
[   66.557654] nvt_i2c 2f014e000.i2c: i2c_nvtim_xfer_msg(773) NACK!
[   66.563684] nvt_i2c 2f014e000.i2c: i2c_nvtim_rst_module: staus 0x10000000
[   66.570450] nvt_i2c 2f014e000.i2c: i2c_nvtim_xfer addr 0x55 ret -121 rtytimes remain 2 
[   66.578542] nvt_i2c 2f014e000.i2c: i2c_nvtim_xfer_msg(773) NACK!
[   66.584573] nvt_i2c 2f014e000.i2c: i2c_nvtim_rst_module: staus 0x10000000
[   66.591339] nvt_i2c 2f014e000.i2c: i2c_nvtim_xfer addr 0x55 ret -121 rtytimes remain 1 
[   66.599422] nvt_i2c 2f014e000.i2c: i2c_nvtim_xfer_msg(773) NACK!
[   66.605457] nvt_i2c 2f014e000.i2c: i2c_nvtim_rst_module: staus 0x10000000
[   66.612225] bq27xxx-battery 14-0055: bq27xxx_battery_i2c_read() failed to do i2c_transfer()
[   66.620552] bq27xxx-battery 14-0055: Failed to read Cycle Count register:0x2a, id:-121
[   66.628560] nvt_i2c 2f014e000.i2c: i2c_nvtim_xfer_msg(773) NACK!
[   66.634591] nvt_i2c 2f014e000.i2c: i2c_nvtim_rst_module: staus 0x10000000
[   66.641356] nvt_i2c 2f014e000.i2c: i2c_nvtim_xfer addr 0x55 ret -121 rtytimes remain 2 
[   66.649448] nvt_i2c 2f014e000.i2c: i2c_nvtim_xfer_msg(773) NACK!
[   66.655481] nvt_i2c 2f014e000.i2c: i2c_nvtim_rst_module: staus 0x10000000
[   66.662255] nvt_i2c 2f014e000.i2c: i2c_nvtim_xfer addr 0x55 ret -121 rtytimes remain 1 
[   66.670333] nvt_i2c 2f014e000.i2c: i2c_nvtim_xfer_msg(773) NACK!
[   66.676371] nvt_i2c 2f014e000.i2c: i2c_nvtim_rst_module: staus 0x10000000
[   66.683139] bq27xxx-battery 14-0055: bq27xxx_battery_i2c_read() failed to do i2c_transfer()
[   66.691465] bq27xxx-battery 14-0055: Failed to read State Of Charge register:0x2c, id:-121
[   66.699810] nvt_i2c 2f014e000.i2c: i2c_nvtim_xfer_msg(773) NACK!
[   66.705842] nvt_i2c 2f014e000.i2c: i2c_nvtim_rst_module: staus 0x10000000
[   66.712611] nvt_i2c 2f014e000.i2c: i2c_nvtim_xfer addr 0x55 ret -121 rtytimes remain 2 
[   66.720689] nvt_i2c 2f014e000.i2c: i2c_nvtim_xfer_msg(773) NACK!
[   66.726725] nvt_i2c 2f014e000.i2c: i2c_nvtim_rst_module: staus 0x10000000
[   66.733496] nvt_i2c 2f014e000.i2c: i2c_nvtim_xfer addr 0x55 ret -121 rtytimes remain 1 
[   66.741574] nvt_i2c 2f014e000.i2c: i2c_nvtim_xfer_msg(773) NACK!
[   66.747607] nvt_i2c 2f014e000.i2c: i2c_nvtim_rst_module: staus 0x10000000
[   66.754380] bq27xxx-battery 14-0055: bq27xxx_battery_i2c_read() failed to do i2c_transfer()
[   66.762708] bq27xxx-battery 14-0055: Failed to read State Of Health register:0x2e, id:-121
[   66.771047] nvt_i2c 2f014e000.i2c: i2c_nvtim_xfer_msg(773) NACK!
[   66.777082] nvt_i2c 2f014e000.i2c: i2c_nvtim_rst_module: staus 0x10000000
[   66.783855] nvt_i2c 2f014e000.i2c: i2c_nvtim_xfer addr 0x55 ret -121 rtytimes remain 2 
[   66.791933] nvt_i2c 2f014e000.i2c: i2c_nvtim_xfer_msg(773) NACK!
[   66.797965] nvt_i2c 2f014e000.i2c: i2c_nvtim_rst_module: staus 0x10000000
[   66.804736] nvt_i2c 2f014e000.i2c: i2c_nvtim_xfer addr 0x55 ret -121 rtytimes remain 1 
[   66.812816] nvt_i2c 2f014e000.i2c: i2c_nvtim_xfer_msg(773) NACK!
[   66.818841] nvt_i2c 2f014e000.i2c: i2c_nvtim_rst_module: staus 0x10000000
[   66.825613] bq27xxx-battery 14-0055: bq27xxx_battery_i2c_read() failed to do i2c_transfer()
[   66.833947] bq27xxx-battery 14-0055: Failed to read Charging Voltage register:0x30, id:-121
[   66.842374] nvt_i2c 2f014e000.i2c: i2c_nvtim_xfer_msg(773) NACK!
[   66.848404] nvt_i2c 2f014e000.i2c: i2c_nvtim_rst_module: staus 0x10000000
[   66.855176] nvt_i2c 2f014e000.i2c: i2c_nvtim_xfer addr 0x55 ret -121 rtytimes remain 2 
[   66.863256] nvt_i2c 2f014e000.i2c: i2c_nvtim_xfer_msg(773) NACK!
[   66.869282] nvt_i2c 2f014e000.i2c: i2c_nvtim_rst_module: staus 0x10000000
[   66.876055] nvt_i2c 2f014e000.i2c: i2c_nvtim_xfer addr 0x55 ret -121 rtytimes remain 1 
[   66.884137] nvt_i2c 2f014e000.i2c: i2c_nvtim_xfer_msg(773) NACK!
[   66.890162] nvt_i2c 2f014e000.i2c: i2c_nvtim_rst_module: staus 0x10000000
[   66.896934] bq27xxx-battery 14-0055: bq27xxx_battery_i2c_read() failed to do i2c_transfer()
[   66.905266] bq27xxx-battery 14-0055: Failed to read Charging Current register:0x32, id:-121
[   66.913694] nvt_i2c 2f014e000.i2c: i2c_nvtim_xfer_msg(773) NACK!
[   66.919719] nvt_i2c 2f014e000.i2c: i2c_nvtim_rst_module: staus 0x10000000
[   66.926494] nvt_i2c 2f014e000.i2c: i2c_nvtim_xfer addr 0x55 ret -121 rtytimes remain 2 
[   66.934579] nvt_i2c 2f014e000.i2c: i2c_nvtim_xfer_msg(773) NACK!
[   66.940604] nvt_i2c 2f014e000.i2c: i2c_nvtim_rst_module: staus 0x10000000
[   66.947375] nvt_i2c 2f014e000.i2c: i2c_nvtim_xfer addr 0x55 ret -121 rtytimes remain 1 
[   66.955458] nvt_i2c 2f014e000.i2c: i2c_nvtim_xfer_msg(773) NACK!
[   66.961483] nvt_i2c 2f014e000.i2c: i2c_nvtim_rst_module: staus 0x10000000
[   66.968252] bq27xxx-battery 14-0055: bq27xxx_battery_i2c_read() failed to do i2c_transfer()
[   66.976594] bq27xxx-battery 14-0055: Failed to read Design Capacity register:0x3c, id:-121

============ showing gauge bq28z610-0 registers ============
root@NOKIA360Camera-N3C2401C:/root$ 
root@NOKIA360Camera-N3C2401C:/root$ 
root@NOKIA360Camera-N3C2401C:/root$ [   68.973103] bq24780-charger 2-0009: gauge not yet initialized!

[09:27:32.582][DUT] [read Battery info]--
2025/08/07 09:27:32 [1]	[DUT] [read Battery info] ~~ TestTime:5.0079272 sec
2025/08/07 09:27:32 [1]	Run B7PL025-057:Wait	Mode: 0, Retry: 3
[09:27:32.592][PC] [Wait]++
2025/08/07 09:27:32 [1]	> :Delay,"1000"
2025/08/07 09:27:33 [1]	< 0
[09:27:33.602][PC] [Wait]--
2025/08/07 09:27:33 [1]	[PC] [Wait] ~~ TestTime:1.019456 sec
2025/08/07 09:27:33 [1]	Run IPIO009-058:Check Battery_tempture	Mode: 1, Retry: 3
[09:27:33.602][PC] [Check Battery_tempture]++
2025/08/07 09:27:33 [1]	(UART) > diag -g temp bat

2025/08/07 09:27:38 [1]	(UART) < diag -g temp bat
[   71.881567] nvt_i2c 2f014e000.i2c: i2c_nvtim_xfer_msg(773) NACK!
[   71.887621] nvt_i2c 2f014e000.i2c: i2c_nvtim_rst_module: staus 0x10000000
[   71.894394] nvt_i2c 2f014e000.i2c: i2c_nvtim_xfer addr 0x55 ret -121 rtytimes remain 2 
[   71.902487] nvt_i2c 2f014e000.i2c: i2c_nvtim_xfer_msg(773) NACK!
[   71.908515] nvt_i2c 2f014e000.i2c: i2c_nvtim_rst_module: staus 0x10000000
[   71.915288] nvt_i2c 2f014e000.i2c: i2c_nvtim_xfer addr 0x55 ret -121 rtytimes remain 1 
[   71.923405] nvt_i2c 2f014e000.i2c: i2c_nvtim_xfer_msg(773) NACK!
[   71.929434] nvt_i2c 2f014e000.i2c: i2c_nvtim_rst_module: staus 0x10000000
[   71.936205] bq27xxx-battery 14-0055: bq27xxx_battery_i2c_read() failed to do i2c_transfer()
[   71.944576] bq27xxx-battery 14-0055: Failed to read register 0x06, ret -121, @555
diag: command of getting temp bat was failed!
root@NOKIA360Camera-N3C2401C:/root$ 
root@NOKIA360Camera-N3C2401C:/root$ [   73.053110] bq24780-charger 2-0009: gauge not yet initialized!
[   74.892217] nvt_i2c 2f014e000.i2c: i2c_nvtim_xfer_msg(773) NACK!
[   74.898253] nvt_i2c 2f014e000.i2c: i2c_nvtim_rst_module: staus 0x10000000
[   74.905026] nvt_i2c 2f014e000.i2c: i2c_nvtim_xfer addr 0x55 ret -121 rtytimes remain 2 
[   74.913109] nvt_i2c 2f014e000.i2c: i2c_nvtim_xfer_msg(773) NACK!
[   74.919135] nvt_i2c 2f014e000.i2c: i2c_nvtim_rst_module: staus 0x10000000
[   74.925904] nvt_i2c 2f014e000.i2c: i2c_nvtim_xfer addr 0x55 ret -121 rtytimes remain 1 
[   74.933985] nvt_i2c 2f014e000.i2c: i2c_nvtim_xfer_msg(773) NACK!
[   74.940011] nvt_i2c 2f014e000.i2c: i2c_nvtim_rst_module: staus 0x10000000
[   74.946780] bq27xxx-battery 14-0055: bq27xxx_battery_i2c_read() failed to do i2c_transfer()

2025/08/07 09:27:38 [1]	Check Battery_tempture Result: gBattery_tempture=[   71.881567] nvt_i2c 2f014e000.i2c: i2c_nvtim_xfer_msg(773) NACK!
2025/08/07 09:27:38 [1]	CurrentTestID:IPIO009-0580 - The validation: gBattery_tempture = [   71.881567] nvt_i2c 2f014e000.i2c: i2c_nvtim_xfer_msg(773) NACK! (10,50)
2025/08/07 09:27:38 [1]	The type of [   71.881567] nvt_i2c 2f014e000.i2c: i2c_nvtim_xfer_msg(773) NACK! is not int or float.
[09:27:38.609][PC] [Check Battery_tempture]--
2025/08/07 09:27:38 [1]	[PC] [Check Battery_tempture] ~~ TestTime:5.0077044 sec
2025/08/07 09:27:38 [1]	Run IPIO009-058:Check Battery_tempture	Mode: 1, Retry: 2
[09:27:38.609][PC] [Check Battery_tempture]++
2025/08/07 09:27:38 [1]	(UART) > diag -g temp bat

2025/08/07 09:27:43 [1]	(UART) < diag -g temp bat
[   76.890458] nvt_i2c 2f014e000.i2c: i2c_nvtim_xfer_msg(773) NACK!
[   76.896523] nvt_i2c 2f014e000.i2c: i2c_nvtim_rst_module: staus 0x10000000
[   76.903318] nvt_i2c 2f014e000.i2c: i2c_nvtim_xfer addr 0x55 ret -121 rtytimes remain 2 
[   76.911399] nvt_i2c 2f014e000.i2c: i2c_nvtim_xfer_msg(773) NACK!
[   76.917430] nvt_i2c 2f014e000.i2c: i2c_nvtim_rst_module: staus 0x10000000
[   76.924250] nvt_i2c 2f014e000.i2c: i2c_nvtim_xfer addr 0x55 ret -121 rtytimes remain 1 
[   76.932337] nvt_i2c 2f014e000.i2c: i2c_nvtim_xfer_msg(773) NACK!
[   76.938365] nvt_i2c 2f014e000.i2c: i2c_nvtim_rst_module: staus 0x10000000
[   76.945139] bq27xxx-battery 14-0055: bq27xxx_battery_i2c_read() failed to do i2c_transfer()
[   76.953510] bq27xxx-battery 14-0055: Failed to read register 0x06, ret -121, @555
diag: command of getting temp bat was failed!
root@NOKIA360Camera-N3C2401C:/root$ 
root@NOKIA360Camera-N3C2401C:/root$ [   77.133115] bq24780-charger 2-0009: gauge not yet initialized!
[   81.213106] bq24780-charger 2-0009: gauge not yet initialized!

2025/08/07 09:27:43 [1]	Check Battery_tempture Result: gBattery_tempture=[   76.890458] nvt_i2c 2f014e000.i2c: i2c_nvtim_xfer_msg(773) NACK!
2025/08/07 09:27:43 [1]	CurrentTestID:IPIO009-0580 - The validation: gBattery_tempture = [   76.890458] nvt_i2c 2f014e000.i2c: i2c_nvtim_xfer_msg(773) NACK! (10,50)
2025/08/07 09:27:43 [1]	The type of [   76.890458] nvt_i2c 2f014e000.i2c: i2c_nvtim_xfer_msg(773) NACK! is not int or float.
[09:27:43.617][PC] [Check Battery_tempture]--
2025/08/07 09:27:43 [1]	[PC] [Check Battery_tempture] ~~ TestTime:5.0073308 sec
2025/08/07 09:27:43 [1]	Run IPIO009-058:Check Battery_tempture	Mode: 1, Retry: 1
[09:27:43.617][PC] [Check Battery_tempture]++
2025/08/07 09:27:43 [1]	(UART) > diag -g temp bat

2025/08/07 09:27:48 [1]	(UART) < diag -g temp bat
[   81.897423] nvt_i2c 2f014e000.i2c: i2c_nvtim_xfer_msg(773) NACK!
[   81.903505] nvt_i2c 2f014e000.i2c: i2c_nvtim_rst_module: staus 0x10000000
[   81.910272] nvt_i2c 2f014e000.i2c: i2c_nvtim_xfer addr 0x55 ret -121 rtytimes remain 2 
[   81.918356] nvt_i2c 2f014e000.i2c: i2c_nvtim_xfer_msg(773) NACK!
[   81.924470] nvt_i2c 2f014e000.i2c: i2c_nvtim_rst_module: staus 0x10000000
[   81.931241] nvt_i2c 2f014e000.i2c: i2c_nvtim_xfer addr 0x55 ret -121 rtytimes remain 1 
[   81.939343] nvt_i2c 2f014e000.i2c: i2c_nvtim_xfer_msg(773) NACK!
[   81.945382] nvt_i2c 2f014e000.i2c: i2c_nvtim_rst_module: staus 0x10000000
[   81.952158] bq27xxx-battery 14-0055: bq27xxx_battery_i2c_read() failed to do i2c_transfer()
[   81.960485] bq27xxx-battery 14-0055: Failed to read register 0x06, ret -121, @555
diag: command of getting temp bat was failed!
root@NOKIA360Camera-N3C2401C:/root$ 
root@NOKIA360Camera-N3C2401C:/root$ [   85.132224] nvt_i2c 2f014e000.i2c: i2c_nvtim_xfer_msg(773) NACK!
[   85.138262] nvt_i2c 2f014e000.i2c: i2c_nvtim_rst_module: staus 0x10000000
[   85.145035] nvt_i2c 2f014e000.i2c: i2c_nvtim_xfer addr 0x55 ret -121 rtytimes remain 2 
[   85.153118] nvt_i2c 2f014e000.i2c: i2c_nvtim_xfer_msg(773) NACK!
[   85.159144] nvt_i2c 2f014e000.i2c: i2c_nvtim_rst_module: staus 0x10000000
[   85.165913] nvt_i2c 2f014e000.i2c: i2c_nvtim_xfer addr 0x55 ret -121 rtytimes remain 1 
[   85.173995] nvt_i2c 2f014e000.i2c: i2c_nvtim_xfer_msg(773) NACK!
[   85.180021] nvt_i2c 2f014e000.i2c: i2c_nvtim_rst_module: staus 0x10000000
[   85.186793] bq27xxx-battery 14-0055: bq27xxx_battery_i2c_read() failed to do i2c_transfer()
[   85.293100] bq24780-charger 2-0009: gauge not yet initialized!

2025/08/07 09:27:48 [1]	Check Battery_tempture Result: gBattery_tempture=[   81.897423] nvt_i2c 2f014e000.i2c: i2c_nvtim_xfer_msg(773) NACK!
2025/08/07 09:27:48 [1]	CurrentTestID:IPIO009-0580 - The validation: gBattery_tempture = [   81.897423] nvt_i2c 2f014e000.i2c: i2c_nvtim_xfer_msg(773) NACK! (10,50)
2025/08/07 09:27:48 [1]	The type of [   81.897423] nvt_i2c 2f014e000.i2c: i2c_nvtim_xfer_msg(773) NACK! is not int or float.
[09:27:48.624][PC] [Check Battery_tempture]--
2025/08/07 09:27:48 [1]	[PC] [Check Battery_tempture] ~~ TestTime:5.007348 sec
2025/08/07 09:27:48 [1]	Run IPIO009-058:Check Battery_tempture	Mode: 1, Retry: 0
[09:27:48.624][PC] [Check Battery_tempture]++
2025/08/07 09:27:48 [1]	(UART) > diag -g temp bat

2025/08/07 09:27:53 [1]	(UART) < diag -g temp bat
[   86.904689] nvt_i2c 2f014e000.i2c: i2c_nvtim_xfer_msg(773) NACK!
[   86.910728] nvt_i2c 2f014e000.i2c: i2c_nvtim_rst_module: staus 0x10000000
[   86.917521] nvt_i2c 2f014e000.i2c: i2c_nvtim_xfer addr 0x55 ret -121 rtytimes remain 2 
[   86.925613] nvt_i2c 2f014e000.i2c: i2c_nvtim_xfer_msg(773) NACK!
[   86.931644] nvt_i2c 2f014e000.i2c: i2c_nvtim_rst_module: staus 0x10000000
[   86.938453] nvt_i2c 2f014e000.i2c: i2c_nvtim_xfer addr 0x55 ret -121 rtytimes remain 1 
[   86.946538] nvt_i2c 2f014e000.i2c: i2c_nvtim_xfer_msg(773) NACK!
[   86.952575] nvt_i2c 2f014e000.i2c: i2c_nvtim_rst_module: staus 0x10000000
[   86.959343] bq27xxx-battery 14-0055: bq27xxx_battery_i2c_read() failed to do i2c_transfer()
[   86.967719] bq27xxx-battery 14-0055: Failed to read register 0x06, ret -121, @555
diag: command of getting temp bat was failed!
root@NOKIA360Camera-N3C2401C:/root$ 
root@NOKIA360Camera-N3C2401C:/root$ [   89.373112] bq24780-charger 2-0009: gauge not yet initialized!

2025/08/07 09:27:53 [1]	Check Battery_tempture Result: gBattery_tempture=[   86.904689] nvt_i2c 2f014e000.i2c: i2c_nvtim_xfer_msg(773) NACK!
2025/08/07 09:27:53 [1]	CurrentTestID:IPIO009-0580 - The validation: gBattery_tempture = [   86.904689] nvt_i2c 2f014e000.i2c: i2c_nvtim_xfer_msg(773) NACK! (10,50)
2025/08/07 09:27:53 [1]	The type of [   86.904689] nvt_i2c 2f014e000.i2c: i2c_nvtim_xfer_msg(773) NACK! is not int or float.
[09:27:53.631][PC] [Check Battery_tempture]--
2025/08/07 09:27:53 [1]	[PC] [Check Battery_tempture] ~~ TestTime:5.0069887 sec
2025/08/07 09:27:53 [1]	IPIO009-0580:Check Battery_tempture is Fail ! <ErrorCode: HHFE15>     ----- 53.2010722 Sec.
2025/08/07 09:27:53 [1]	DUT Test Completed !        ----- 53.2110669 Sec.
2025/08/07 09:27:55 [1]	All Test Aborted !  ErrorCode: HHFE15     ----- 107.3027727 Sec.
2025/08/07 09:27:55 [1]	TotalCount:14-YR:29%
2025/08/07 09:27:55 [1]	Report name: Funtion_WE253100001_2025-08-07_09-27-55.ct
2025/08/07 09:27:55 [1]	Execute Phase 97 Test.
2025/08/07 09:27:55 [1]	Do @STEP072@Disconnect UART
2025/08/07 09:27:55 [1]	Run B7PL025-179:Disconnect UART	Mode: 3, Retry: 3
[09:27:55.680][PC] [Disconnect UART]++
2025/08/07 09:27:55 [1]	> :Disconnect,"UART"
2025/08/07 09:27:55 [1]	< 0
[09:27:55.800][PC] [Disconnect UART]--
2025/08/07 09:27:55 [1]	[PC] [Disconnect UART] ~~ TestTime:0.1202726 sec
2025/08/07 09:27:55 [1]	Run B7PL025-180:Close SSH	Mode: 3, Retry: 3
[09:27:55.800][PC] [Close SSH]++
2025/08/07 09:27:55 [1]	> :Disconnect,"UARTF"
2025/08/07 09:27:55 [1]	< 0
[09:27:55.810][PC] [Close SSH]--
2025/08/07 09:27:55 [1]	[PC] [Close SSH] ~~ TestTime:0.0096581 sec
2025/08/07 09:27:55 [1]	Run B7PL025-181:Force reboot	Mode: 0, Retry: 3
[09:27:55.810][DUT] [Force reboot]++
2025/08/07 09:27:55 [1]	(UART) > shutdown.sh

2025/08/07 09:27:56 [1]	(UART) < shutdown.sh
[0;41mPlease unplug POE! (1)[0m


[09:27:56.980][DUT] [Force reboot]--
2025/08/07 09:27:56 [1]	[DUT] [Force reboot] ~~ TestTime:1.1697325 sec
2025/08/07 09:27:56 [1]	Run B7PL025-182:Power OFF	Mode: 0, Retry: 3
[09:27:56.980][FIXTURE] [Power OFF]++
2025/08/07 09:27:56 [1]	(UARTF) > L

2025/08/07 09:27:57 [1]	(UARTF) < 
[09:27:57.090][FIXTURE] [Power OFF]--
2025/08/07 09:27:57 [1]	[FIXTURE] [Power OFF] ~~ TestTime:0.1099339 sec
2025/08/07 09:27:57 [1]	Run B7PL025-183:Power OFF	Mode: 0, Retry: 3
[09:27:57.090][FIXTURE] [Power OFF]++
2025/08/07 09:27:57 [1]	(UARTF) > N

2025/08/07 09:27:57 [1]	(UARTF) < 
[09:27:57.090][FIXTURE] [Power OFF]--
2025/08/07 09:27:57 [1]	[FIXTURE] [Power OFF] ~~ TestTime:0 sec
2025/08/07 09:27:57 [1]	Run B7PL025-184:Power OFF	Mode: 0, Retry: 3
[09:27:57.090][FIXTURE] [Power OFF]++
2025/08/07 09:27:57 [1]	(UARTF) > M

2025/08/07 09:27:57 [1]	(UARTF) < 
[09:27:57.090][FIXTURE] [Power OFF]--
2025/08/07 09:27:57 [1]	[FIXTURE] [Power OFF] ~~ TestTime:0 sec
2025/08/07 09:27:57 [1]	B7PL025-184:@STEP072@Disconnect UART Test is Pass ! 		----- 1.4095971 Sec.
2025/08/07 09:27:57 [1]	Change color at 97 phase... Status:False... Error:HHFE15
2025/08/07 09:27:57 [1]	All phase Total Test Time !        ----- 126.4737195 Sec.
2025/08/07 09:27:57 [1]	DUT Test Completed !        ----- 1.4388798 Sec.
